WARNING 2026-01-27 18:30:51,011 log 10 137011147160448 Unauthorized: /api/quizzes/quizzes/
WARNING 2026-01-27 18:37:22,734 log 10 137011147160448 Not Found: /api/quizzes/quizzes/1/
WARNING 2026-01-27 18:37:25,151 log 10 137011147160448 Not Found: /api/quizzes/quizzes/1/
WARNING 2026-01-27 18:56:00,300 log 10 137011147160448 Bad Request: /api/quizzes/quizzes/136/start_attempt/
WARNING 2026-01-27 18:56:05,432 log 10 137011147160448 Bad Request: /api/quizzes/quizzes/136/start_attempt/
WARNING 2026-01-27 18:56:30,664 log 10 137011147160448 Bad Request: /api/quizzes/quizzes/136/start_attempt/
WARNING 2026-01-27 18:58:09,916 log 10 137011147160448 Bad Request: /api/quizzes/quizzes/136/start_attempt/
WARNING 2026-01-27 18:58:11,835 log 10 137011147160448 Bad Request: /api/quizzes/quizzes/136/start_attempt/
WARNING 2026-01-27 18:59:18,027 log 10 137011147160448 Bad Request: /api/quizzes/quizzes/136/start_attempt/
WARNING 2026-01-27 19:00:29,868 log 10 137011147160448 Bad Request: /api/quizzes/quizzes/136/start_attempt/
WARNING 2026-01-27 19:03:46,691 log 10 137011147160448 Bad Request: /api/quizzes/quizzes/136/start_attempt/
ERROR 2026-01-27 19:18:38,160 log 10 137938837326720 Internal Server Error: /api/quizzes/quizzes/136/start_attempt/
Traceback (most recent call last):
  File "/usr/local/lib/python3.12/site-packages/django/db/backends/utils.py", line 105, in _execute
    return self.cursor.execute(sql, params)
           ^^^^^^^^^^^^^^^^^^^^^^^^^^^^^^^^
psycopg2.errors.NotNullViolation: null value in column "answer_text" of relation "quizzes_answer" violates not-null constraint
DETAIL:  Failing row contains (2, null, null, f, 0.00, 2026-01-27 19:18:38.152796+00, 635, 1).


The above exception was the direct cause of the following exception:

Traceback (most recent call last):
  File "/usr/local/lib/python3.12/site-packages/django/core/handlers/exception.py", line 55, in inner
    response = get_response(request)
               ^^^^^^^^^^^^^^^^^^^^^
  File "/usr/local/lib/python3.12/site-packages/django/core/handlers/base.py", line 198, in _get_response
    response = wrapped_callback(request, *callback_args, **callback_kwargs)
               ^^^^^^^^^^^^^^^^^^^^^^^^^^^^^^^^^^^^^^^^^^^^^^^^^^^^^^^^^^^^
  File "/usr/local/lib/python3.12/site-packages/django/views/decorators/csrf.py", line 65, in _view_wrapper
    return view_func(request, *args, **kwargs)
           ^^^^^^^^^^^^^^^^^^^^^^^^^^^^^^^^^^^
  File "/usr/local/lib/python3.12/site-packages/rest_framework/viewsets.py", line 125, in view
    return self.dispatch(request, *args, **kwargs)
           ^^^^^^^^^^^^^^^^^^^^^^^^^^^^^^^^^^^^^^^
  File "/usr/local/lib/python3.12/site-packages/rest_framework/views.py", line 515, in dispatch
    response = self.handle_exception(exc)
               ^^^^^^^^^^^^^^^^^^^^^^^^^^
  File "/usr/local/lib/python3.12/site-packages/rest_framework/views.py", line 475, in handle_exception
    self.raise_uncaught_exception(exc)
  File "/usr/local/lib/python3.12/site-packages/rest_framework/views.py", line 486, in raise_uncaught_exception
    raise exc
  File "/usr/local/lib/python3.12/site-packages/rest_framework/views.py", line 512, in dispatch
    response = handler(request, *args, **kwargs)
               ^^^^^^^^^^^^^^^^^^^^^^^^^^^^^^^^^
  File "/app/quizzes/views.py", line 256, in start_attempt
    attempt = QuizService.start_attempt(user, quiz)
              ^^^^^^^^^^^^^^^^^^^^^^^^^^^^^^^^^^^^^
  File "/usr/local/lib/python3.12/contextlib.py", line 81, in inner
    return func(*args, **kwds)
           ^^^^^^^^^^^^^^^^^^^
  File "/app/quizzes/services.py", line 65, in start_attempt
    Answer.objects.create(
  File "/usr/local/lib/python3.12/site-packages/django/db/models/manager.py", line 87, in manager_method
    return getattr(self.get_queryset(), name)(*args, **kwargs)
           ^^^^^^^^^^^^^^^^^^^^^^^^^^^^^^^^^^^^^^^^^^^^^^^^^^^
  File "/usr/local/lib/python3.12/site-packages/django/db/models/query.py", line 669, in create
    obj.save(force_insert=True, using=self.db)
  File "/app/quizzes/models.py", line 601, in save
    super().save(*args, **kwargs)
  File "/usr/local/lib/python3.12/site-packages/django/db/models/base.py", line 874, in save
    self.save_base(
  File "/usr/local/lib/python3.12/site-packages/django/db/models/base.py", line 966, in save_base
    updated = self._save_table(
              ^^^^^^^^^^^^^^^^^
  File "/usr/local/lib/python3.12/site-packages/django/db/models/base.py", line 1167, in _save_table
    results = self._do_insert(
              ^^^^^^^^^^^^^^^^
  File "/usr/local/lib/python3.12/site-packages/django/db/models/base.py", line 1218, in _do_insert
    return manager._insert(
           ^^^^^^^^^^^^^^^^
  File "/usr/local/lib/python3.12/site-packages/django/db/models/manager.py", line 87, in manager_method
    return getattr(self.get_queryset(), name)(*args, **kwargs)
           ^^^^^^^^^^^^^^^^^^^^^^^^^^^^^^^^^^^^^^^^^^^^^^^^^^^
  File "/usr/local/lib/python3.12/site-packages/django/db/models/query.py", line 1918, in _insert
    return query.get_compiler(using=using).execute_sql(returning_fields)
           ^^^^^^^^^^^^^^^^^^^^^^^^^^^^^^^^^^^^^^^^^^^^^^^^^^^^^^^^^^^^^
  File "/usr/local/lib/python3.12/site-packages/django/db/models/sql/compiler.py", line 1925, in execute_sql
    cursor.execute(sql, params)
  File "/usr/local/lib/python3.12/site-packages/django/db/backends/utils.py", line 79, in execute
    return self._execute_with_wrappers(
           ^^^^^^^^^^^^^^^^^^^^^^^^^^^^
  File "/usr/local/lib/python3.12/site-packages/django/db/backends/utils.py", line 92, in _execute_with_wrappers
    return executor(sql, params, many, context)
           ^^^^^^^^^^^^^^^^^^^^^^^^^^^^^^^^^^^^
  File "/usr/local/lib/python3.12/site-packages/django/db/backends/utils.py", line 100, in _execute
    with self.db.wrap_database_errors:
         ^^^^^^^^^^^^^^^^^^^^^^^^^^^^
  File "/usr/local/lib/python3.12/site-packages/django/db/utils.py", line 94, in __exit__
    raise dj_exc_value.with_traceback(traceback) from exc_value
  File "/usr/local/lib/python3.12/site-packages/django/db/backends/utils.py", line 105, in _execute
    return self.cursor.execute(sql, params)
           ^^^^^^^^^^^^^^^^^^^^^^^^^^^^^^^^
django.db.utils.IntegrityError: null value in column "answer_text" of relation "quizzes_answer" violates not-null constraint
DETAIL:  Failing row contains (2, null, null, f, 0.00, 2026-01-27 19:18:38.152796+00, 635, 1).

ERROR 2026-01-27 19:42:35,864 log 10 140155813911424 Internal Server Error: /api/quizzes/quizzes/136/start_attempt/
Traceback (most recent call last):
  File "/usr/local/lib/python3.12/site-packages/django/db/backends/utils.py", line 105, in _execute
    return self.cursor.execute(sql, params)
           ^^^^^^^^^^^^^^^^^^^^^^^^^^^^^^^^
psycopg2.errors.NotNullViolation: null value in column "answer_text" of relation "quizzes_answer" violates not-null constraint
DETAIL:  Failing row contains (4, null, null, f, 0.00, 2026-01-27 19:42:35.858201+00, 635, 2).


The above exception was the direct cause of the following exception:

Traceback (most recent call last):
  File "/usr/local/lib/python3.12/site-packages/django/core/handlers/exception.py", line 55, in inner
    response = get_response(request)
               ^^^^^^^^^^^^^^^^^^^^^
  File "/usr/local/lib/python3.12/site-packages/django/core/handlers/base.py", line 198, in _get_response
    response = wrapped_callback(request, *callback_args, **callback_kwargs)
               ^^^^^^^^^^^^^^^^^^^^^^^^^^^^^^^^^^^^^^^^^^^^^^^^^^^^^^^^^^^^
  File "/usr/local/lib/python3.12/site-packages/django/views/decorators/csrf.py", line 65, in _view_wrapper
    return view_func(request, *args, **kwargs)
           ^^^^^^^^^^^^^^^^^^^^^^^^^^^^^^^^^^^
  File "/usr/local/lib/python3.12/site-packages/rest_framework/viewsets.py", line 125, in view
    return self.dispatch(request, *args, **kwargs)
           ^^^^^^^^^^^^^^^^^^^^^^^^^^^^^^^^^^^^^^^
  File "/usr/local/lib/python3.12/site-packages/rest_framework/views.py", line 515, in dispatch
    response = self.handle_exception(exc)
               ^^^^^^^^^^^^^^^^^^^^^^^^^^
  File "/usr/local/lib/python3.12/site-packages/rest_framework/views.py", line 475, in handle_exception
    self.raise_uncaught_exception(exc)
  File "/usr/local/lib/python3.12/site-packages/rest_framework/views.py", line 486, in raise_uncaught_exception
    raise exc
  File "/usr/local/lib/python3.12/site-packages/rest_framework/views.py", line 512, in dispatch
    response = handler(request, *args, **kwargs)
               ^^^^^^^^^^^^^^^^^^^^^^^^^^^^^^^^^
  File "/app/quizzes/views.py", line 256, in start_attempt
    attempt = QuizService.start_attempt(user, quiz)
              ^^^^^^^^^^^^^^^^^^^^^^^^^^^^^^^^^^^^^
  File "/usr/local/lib/python3.12/contextlib.py", line 81, in inner
    return func(*args, **kwds)
           ^^^^^^^^^^^^^^^^^^^
  File "/app/quizzes/services.py", line 65, in start_attempt
    Answer.objects.create(
  File "/usr/local/lib/python3.12/site-packages/django/db/models/manager.py", line 87, in manager_method
    return getattr(self.get_queryset(), name)(*args, **kwargs)
           ^^^^^^^^^^^^^^^^^^^^^^^^^^^^^^^^^^^^^^^^^^^^^^^^^^^
  File "/usr/local/lib/python3.12/site-packages/django/db/models/query.py", line 669, in create
    obj.save(force_insert=True, using=self.db)
  File "/app/quizzes/models.py", line 602, in save
    super().save(*args, **kwargs)
  File "/usr/local/lib/python3.12/site-packages/django/db/models/base.py", line 874, in save
    self.save_base(
  File "/usr/local/lib/python3.12/site-packages/django/db/models/base.py", line 966, in save_base
    updated = self._save_table(
              ^^^^^^^^^^^^^^^^^
  File "/usr/local/lib/python3.12/site-packages/django/db/models/base.py", line 1167, in _save_table
    results = self._do_insert(
              ^^^^^^^^^^^^^^^^
  File "/usr/local/lib/python3.12/site-packages/django/db/models/base.py", line 1218, in _do_insert
    return manager._insert(
           ^^^^^^^^^^^^^^^^
  File "/usr/local/lib/python3.12/site-packages/django/db/models/manager.py", line 87, in manager_method
    return getattr(self.get_queryset(), name)(*args, **kwargs)
           ^^^^^^^^^^^^^^^^^^^^^^^^^^^^^^^^^^^^^^^^^^^^^^^^^^^
  File "/usr/local/lib/python3.12/site-packages/django/db/models/query.py", line 1918, in _insert
    return query.get_compiler(using=using).execute_sql(returning_fields)
           ^^^^^^^^^^^^^^^^^^^^^^^^^^^^^^^^^^^^^^^^^^^^^^^^^^^^^^^^^^^^^
  File "/usr/local/lib/python3.12/site-packages/django/db/models/sql/compiler.py", line 1925, in execute_sql
    cursor.execute(sql, params)
  File "/usr/local/lib/python3.12/site-packages/django/db/backends/utils.py", line 79, in execute
    return self._execute_with_wrappers(
           ^^^^^^^^^^^^^^^^^^^^^^^^^^^^
  File "/usr/local/lib/python3.12/site-packages/django/db/backends/utils.py", line 92, in _execute_with_wrappers
    return executor(sql, params, many, context)
           ^^^^^^^^^^^^^^^^^^^^^^^^^^^^^^^^^^^^
  File "/usr/local/lib/python3.12/site-packages/django/db/backends/utils.py", line 100, in _execute
    with self.db.wrap_database_errors:
         ^^^^^^^^^^^^^^^^^^^^^^^^^^^^
  File "/usr/local/lib/python3.12/site-packages/django/db/utils.py", line 94, in __exit__
    raise dj_exc_value.with_traceback(traceback) from exc_value
  File "/usr/local/lib/python3.12/site-packages/django/db/backends/utils.py", line 105, in _execute
    return self.cursor.execute(sql, params)
           ^^^^^^^^^^^^^^^^^^^^^^^^^^^^^^^^
django.db.utils.IntegrityError: null value in column "answer_text" of relation "quizzes_answer" violates not-null constraint
DETAIL:  Failing row contains (4, null, null, f, 0.00, 2026-01-27 19:42:35.858201+00, 635, 2).

ERROR 2026-01-27 19:42:41,384 log 10 140155813911424 Internal Server Error: /api/quizzes/quizzes/136/start_attempt/
Traceback (most recent call last):
  File "/usr/local/lib/python3.12/site-packages/django/db/backends/utils.py", line 105, in _execute
    return self.cursor.execute(sql, params)
           ^^^^^^^^^^^^^^^^^^^^^^^^^^^^^^^^
psycopg2.errors.NotNullViolation: null value in column "answer_text" of relation "quizzes_answer" violates not-null constraint
DETAIL:  Failing row contains (6, null, null, f, 0.00, 2026-01-27 19:42:41.384152+00, 635, 3).


The above exception was the direct cause of the following exception:

Traceback (most recent call last):
  File "/usr/local/lib/python3.12/site-packages/django/core/handlers/exception.py", line 55, in inner
    response = get_response(request)
               ^^^^^^^^^^^^^^^^^^^^^
  File "/usr/local/lib/python3.12/site-packages/django/core/handlers/base.py", line 198, in _get_response
    response = wrapped_callback(request, *callback_args, **callback_kwargs)
               ^^^^^^^^^^^^^^^^^^^^^^^^^^^^^^^^^^^^^^^^^^^^^^^^^^^^^^^^^^^^
  File "/usr/local/lib/python3.12/site-packages/django/views/decorators/csrf.py", line 65, in _view_wrapper
    return view_func(request, *args, **kwargs)
           ^^^^^^^^^^^^^^^^^^^^^^^^^^^^^^^^^^^
  File "/usr/local/lib/python3.12/site-packages/rest_framework/viewsets.py", line 125, in view
    return self.dispatch(request, *args, **kwargs)
           ^^^^^^^^^^^^^^^^^^^^^^^^^^^^^^^^^^^^^^^
  File "/usr/local/lib/python3.12/site-packages/rest_framework/views.py", line 515, in dispatch
    response = self.handle_exception(exc)
               ^^^^^^^^^^^^^^^^^^^^^^^^^^
  File "/usr/local/lib/python3.12/site-packages/rest_framework/views.py", line 475, in handle_exception
    self.raise_uncaught_exception(exc)
  File "/usr/local/lib/python3.12/site-packages/rest_framework/views.py", line 486, in raise_uncaught_exception
    raise exc
  File "/usr/local/lib/python3.12/site-packages/rest_framework/views.py", line 512, in dispatch
    response = handler(request, *args, **kwargs)
               ^^^^^^^^^^^^^^^^^^^^^^^^^^^^^^^^^
  File "/app/quizzes/views.py", line 256, in start_attempt
    attempt = QuizService.start_attempt(user, quiz)
              ^^^^^^^^^^^^^^^^^^^^^^^^^^^^^^^^^^^^^
  File "/usr/local/lib/python3.12/contextlib.py", line 81, in inner
    return func(*args, **kwds)
           ^^^^^^^^^^^^^^^^^^^
  File "/app/quizzes/services.py", line 65, in start_attempt
    Answer.objects.create(
  File "/usr/local/lib/python3.12/site-packages/django/db/models/manager.py", line 87, in manager_method
    return getattr(self.get_queryset(), name)(*args, **kwargs)
           ^^^^^^^^^^^^^^^^^^^^^^^^^^^^^^^^^^^^^^^^^^^^^^^^^^^
  File "/usr/local/lib/python3.12/site-packages/django/db/models/query.py", line 669, in create
    obj.save(force_insert=True, using=self.db)
  File "/app/quizzes/models.py", line 602, in save
    super().save(*args, **kwargs)
  File "/usr/local/lib/python3.12/site-packages/django/db/models/base.py", line 874, in save
    self.save_base(
  File "/usr/local/lib/python3.12/site-packages/django/db/models/base.py", line 966, in save_base
    updated = self._save_table(
              ^^^^^^^^^^^^^^^^^
  File "/usr/local/lib/python3.12/site-packages/django/db/models/base.py", line 1167, in _save_table
    results = self._do_insert(
              ^^^^^^^^^^^^^^^^
  File "/usr/local/lib/python3.12/site-packages/django/db/models/base.py", line 1218, in _do_insert
    return manager._insert(
           ^^^^^^^^^^^^^^^^
  File "/usr/local/lib/python3.12/site-packages/django/db/models/manager.py", line 87, in manager_method
    return getattr(self.get_queryset(), name)(*args, **kwargs)
           ^^^^^^^^^^^^^^^^^^^^^^^^^^^^^^^^^^^^^^^^^^^^^^^^^^^
  File "/usr/local/lib/python3.12/site-packages/django/db/models/query.py", line 1918, in _insert
    return query.get_compiler(using=using).execute_sql(returning_fields)
           ^^^^^^^^^^^^^^^^^^^^^^^^^^^^^^^^^^^^^^^^^^^^^^^^^^^^^^^^^^^^^
  File "/usr/local/lib/python3.12/site-packages/django/db/models/sql/compiler.py", line 1925, in execute_sql
    cursor.execute(sql, params)
  File "/usr/local/lib/python3.12/site-packages/django/db/backends/utils.py", line 79, in execute
    return self._execute_with_wrappers(
           ^^^^^^^^^^^^^^^^^^^^^^^^^^^^
  File "/usr/local/lib/python3.12/site-packages/django/db/backends/utils.py", line 92, in _execute_with_wrappers
    return executor(sql, params, many, context)
           ^^^^^^^^^^^^^^^^^^^^^^^^^^^^^^^^^^^^
  File "/usr/local/lib/python3.12/site-packages/django/db/backends/utils.py", line 100, in _execute
    with self.db.wrap_database_errors:
         ^^^^^^^^^^^^^^^^^^^^^^^^^^^^
  File "/usr/local/lib/python3.12/site-packages/django/db/utils.py", line 94, in __exit__
    raise dj_exc_value.with_traceback(traceback) from exc_value
  File "/usr/local/lib/python3.12/site-packages/django/db/backends/utils.py", line 105, in _execute
    return self.cursor.execute(sql, params)
           ^^^^^^^^^^^^^^^^^^^^^^^^^^^^^^^^
django.db.utils.IntegrityError: null value in column "answer_text" of relation "quizzes_answer" violates not-null constraint
DETAIL:  Failing row contains (6, null, null, f, 0.00, 2026-01-27 19:42:41.384152+00, 635, 3).

ERROR 2026-01-27 19:51:40,413 services 10 131102701796224 Failed to log attempt start: type object 'ActionType' has no attribute 'QUIZ_STARTED'
INFO 2026-01-27 19:51:40,413 services 10 131102701796224 Student student1@example.com started quiz attempt for hi
ERROR 2026-01-27 19:53:48,988 services 10 131102701796224 Failed to log attempt start: type object 'ActionType' has no attribute 'QUIZ_STARTED'
INFO 2026-01-27 19:53:48,989 services 10 131102701796224 Student student0@example.com started quiz attempt for hi
ERROR 2026-01-27 19:58:19,165 services 10 131102701796224 Failed to log attempt start: type object 'ActionType' has no attribute 'QUIZ_STARTED'
INFO 2026-01-27 19:58:19,165 services 10 131102701796224 Student student0@example.com started quiz attempt for hi
ERROR 2026-01-27 20:03:22,443 services 10 131102701796224 Failed to log attempt start: type object 'ActionType' has no attribute 'QUIZ_STARTED'
INFO 2026-01-27 20:03:22,443 services 10 131102701796224 Student student0@example.com started quiz attempt for by
ERROR 2026-01-27 20:06:07,454 services 10 131102701796224 Failed to log attempt start: type object 'ActionType' has no attribute 'QUIZ_STARTED'
INFO 2026-01-27 20:06:07,454 services 10 131102701796224 Student student0@example.com started quiz attempt for by
ERROR 2026-01-27 20:06:16,732 services 10 131102701796224 Failed to log attempt start: type object 'ActionType' has no attribute 'QUIZ_STARTED'
INFO 2026-01-27 20:06:16,732 services 10 131102701796224 Student student0@example.com started quiz attempt for by
ERROR 2026-01-27 20:06:27,455 services 10 131102701796224 Failed to log attempt start: type object 'ActionType' has no attribute 'QUIZ_STARTED'
INFO 2026-01-27 20:06:27,455 services 10 131102701796224 Student student0@example.com started quiz attempt for by
ERROR 2026-01-27 20:06:30,375 services 10 131102701796224 Failed to log attempt start: type object 'ActionType' has no attribute 'QUIZ_STARTED'
INFO 2026-01-27 20:06:30,375 services 10 131102701796224 Student student0@example.com started quiz attempt for by
ERROR 2026-01-27 20:15:32,897 services 10 131102701796224 Failed to log attempt start: type object 'ActionType' has no attribute 'QUIZ_STARTED'
INFO 2026-01-27 20:15:32,897 services 10 131102701796224 Student student0@example.com started quiz attempt for by
ERROR 2026-01-27 20:16:50,571 services 10 131102701796224 Failed to log attempt start: type object 'ActionType' has no attribute 'QUIZ_STARTED'
INFO 2026-01-27 20:16:50,571 services 10 131102701796224 Student student0@example.com started quiz attempt for by
ERROR 2026-01-27 20:17:03,752 services 10 131102701796224 Failed to log attempt start: type object 'ActionType' has no attribute 'QUIZ_STARTED'
INFO 2026-01-27 20:17:03,752 services 10 131102701796224 Student student0@example.com started quiz attempt for by
ERROR 2026-01-27 20:17:16,894 services 10 131102701796224 Failed to log attempt start: type object 'ActionType' has no attribute 'QUIZ_STARTED'
INFO 2026-01-27 20:17:16,895 services 10 131102701796224 Student student0@example.com started quiz attempt for by
ERROR 2026-01-27 20:17:19,175 services 10 131102701796224 Failed to log attempt start: type object 'ActionType' has no attribute 'QUIZ_STARTED'
INFO 2026-01-27 20:17:19,176 services 10 131102701796224 Student student0@example.com started quiz attempt for by
ERROR 2026-01-27 20:17:22,600 services 10 131102701796224 Failed to log attempt start: type object 'ActionType' has no attribute 'QUIZ_STARTED'
INFO 2026-01-27 20:17:22,600 services 10 131102701796224 Student student0@example.com started quiz attempt for by
ERROR 2026-01-27 20:18:00,575 services 10 131102701796224 Failed to log attempt start: type object 'ActionType' has no attribute 'QUIZ_STARTED'
INFO 2026-01-27 20:18:00,575 services 10 131102701796224 Student student0@example.com started quiz attempt for by
ERROR 2026-01-27 20:18:11,247 services 10 131102701796224 Failed to log attempt start: type object 'ActionType' has no attribute 'QUIZ_STARTED'
INFO 2026-01-27 20:18:11,247 services 10 131102701796224 Student student0@example.com started quiz attempt for by
ERROR 2026-01-27 20:21:39,127 services 10 131102701796224 Failed to log attempt start: type object 'ActionType' has no attribute 'QUIZ_STARTED'
INFO 2026-01-27 20:21:39,127 services 10 131102701796224 Student student0@example.com started quiz attempt for by
ERROR 2026-01-27 20:22:02,702 services 10 131102701796224 Failed to log attempt start: type object 'ActionType' has no attribute 'QUIZ_STARTED'
INFO 2026-01-27 20:22:02,702 services 10 131102701796224 Student student0@example.com started quiz attempt for by
ERROR 2026-01-27 20:27:39,179 services 10 131102701796224 Failed to log attempt start: type object 'ActionType' has no attribute 'QUIZ_STARTED'
INFO 2026-01-27 20:27:39,179 services 10 131102701796224 Student student0@example.com started quiz attempt for by
ERROR 2026-01-27 20:29:32,923 services 10 131102701796224 Failed to log attempt start: type object 'ActionType' has no attribute 'QUIZ_STARTED'
INFO 2026-01-27 20:29:32,923 services 10 131102701796224 Student student0@example.com started quiz attempt for by
ERROR 2026-01-27 20:45:20,837 services 10 131102701796224 Failed to log attempt start: type object 'ActionType' has no attribute 'QUIZ_STARTED'
INFO 2026-01-27 20:45:20,837 services 10 131102701796224 Student student0@example.com started quiz attempt for by
WARNING 2026-01-27 20:45:31,971 log 10 131102701796224 Not Found: /api/quizzes/attempts/undefined/submit_answer/
WARNING 2026-01-27 20:46:54,823 log 10 131102701796224 Not Found: /api/quizzes/attempts/undefined/submit_answer/
WARNING 2026-01-27 20:48:03,561 log 10 131102701796224 Bad Request: /api/quizzes/attempts/24/submit_answer/
WARNING 2026-01-27 20:48:40,875 log 10 131102701796224 Bad Request: /api/quizzes/attempts/24/submit_answer/
WARNING 2026-01-27 20:50:11,251 log 10 131102701796224 Bad Request: /api/quizzes/attempts/24/submit_answer/
WARNING 2026-01-27 20:50:17,053 log 10 131102701796224 Bad Request: /api/quizzes/attempts/24/submit_answer/
WARNING 2026-01-27 21:02:06,558 log 10 131102701796224 Bad Request: /api/quizzes/attempts/24/submit_answer/
WARNING 2026-01-27 21:02:30,979 log 10 131102701796224 Bad Request: /api/quizzes/attempts/24/submit_answer/
WARNING 2026-01-27 21:03:51,225 log 10 131102701796224 Bad Request: /api/quizzes/attempts/24/submit_answer/
WARNING 2026-01-27 21:04:16,299 log 10 131102701796224 Bad Request: /api/quizzes/attempts/24/submit_answer/
WARNING 2026-01-27 21:10:12,621 log 10 131102701796224 Bad Request: /api/quizzes/attempts/24/submit_answer/
WARNING 2026-01-27 21:12:25,450 log 10 131102701796224 Not Found: /
WARNING 2026-01-27 21:12:25,487 log 10 131102701796224 Not Found: /favicon.ico
WARNING 2026-01-27 21:14:03,757 log 10 131102701796224 Bad Request: /api/quizzes/attempts/24/submit_answer/
WARNING 2026-01-27 21:15:28,579 log 10 131102701796224 Bad Request: /api/quizzes/attempts/24/submit_answer/
ERROR 2026-01-27 21:17:40,803 services 10 131102701796224 Failed to log attempt start: type object 'ActionType' has no attribute 'QUIZ_STARTED'
INFO 2026-01-27 21:17:40,803 services 10 131102701796224 Student student0@example.com started quiz attempt for by
ERROR 2026-01-27 21:30:51,658 services 10 131102701796224 Failed to log attempt start: type object 'ActionType' has no attribute 'QUIZ_STARTED'
INFO 2026-01-27 21:30:51,658 services 10 131102701796224 Student student0@example.com started quiz attempt for by
ERROR 2026-01-27 21:31:10,715 services 10 131102701796224 Failed to log attempt submission: type object 'ActionType' has no attribute 'QUIZ_SUBMITTED'
INFO 2026-01-27 21:31:10,715 services 10 131102701796224 Student student0@example.com submitted quiz attempt by
ERROR 2026-01-27 21:31:51,287 services 10 131102701796224 Failed to log attempt start: type object 'ActionType' has no attribute 'QUIZ_STARTED'
INFO 2026-01-27 21:31:51,287 services 10 131102701796224 Student student0@example.com started quiz attempt for by
ERROR 2026-01-27 21:31:52,760 services 10 131102701796224 Failed to log attempt submission: type object 'ActionType' has no attribute 'QUIZ_SUBMITTED'
INFO 2026-01-27 21:31:52,760 services 10 131102701796224 Student student0@example.com submitted quiz attempt by
WARNING 2026-01-27 21:32:24,927 log 10 131102701796224 Bad Request: /api/quizzes/attempts/27/submit/
WARNING 2026-01-27 21:32:59,391 log 10 131102701796224 Bad Request: /api/quizzes/attempts/27/submit/
WARNING 2026-01-27 21:42:49,859 log 10 131102701796224 Bad Request: /api/quizzes/attempts/27/submit/
WARNING 2026-01-27 21:42:59,631 log 10 131102701796224 Bad Request: /api/quizzes/attempts/27/submit/
WARNING 2026-01-27 21:43:14,725 log 10 131102701796224 Bad Request: /api/quizzes/attempts/27/submit/
WARNING 2026-01-27 21:43:34,654 log 10 131102701796224 Not Found: /api/quizzes/attempts/27/submit_answer/
WARNING 2026-01-27 21:43:52,205 log 10 131102701796224 Not Found: /api/quizzes/attempts/27/submit_answer/
WARNING 2026-01-27 21:45:19,857 log 10 131102701796224 Not Found: /api/quizzes/attempts/27/submit_answer/
WARNING 2026-01-27 21:46:20,717 log 10 131102701796224 Bad Request: /api/quizzes/attempts/27/submit_answer/
ERROR 2026-01-27 21:47:07,902 services 10 131102701796224 Failed to log attempt start: type object 'ActionType' has no attribute 'QUIZ_STARTED'
INFO 2026-01-27 21:47:07,902 services 10 131102701796224 Student student0@example.com started quiz attempt for by
WARNING 2026-01-27 21:47:13,240 log 10 131102701796224 Bad Request: /api/quizzes/attempts/28/submit_answer/
WARNING 2026-01-27 21:47:26,282 log 10 131102701796224 Bad Request: /api/quizzes/attempts/28/submit_answer/
WARNING 2026-01-27 21:48:20,742 log 10 131102701796224 Not Found: /api/quizzes/attempts/28/submit_answer/
DEBUG 2026-01-27 21:53:30,329 services 10 131102701796224 Submitted answer for question 634 in attempt 4
ERROR 2026-01-27 21:55:10,124 services 10 131102701796224 Failed to log attempt start: type object 'ActionType' has no attribute 'QUIZ_STARTED'
INFO 2026-01-27 21:55:10,124 services 10 131102701796224 Student student1@example.com started quiz attempt for hi
ERROR 2026-01-27 21:55:19,380 services 10 131102701796224 Failed to log attempt start: type object 'ActionType' has no attribute 'QUIZ_STARTED'
INFO 2026-01-27 21:55:19,380 services 10 131102701796224 Student student0@example.com started quiz attempt for by
DEBUG 2026-01-27 21:56:00,541 services 10 131102701796224 Submitted answer for question 634 in attempt 29
WARNING 2026-01-27 21:58:11,843 log 10 131102701796224 Bad Request: /api/quizzes/attempts/30/submit_answer/
ERROR 2026-01-27 21:58:54,832 services 10 131102701796224 Failed to log attempt start: type object 'ActionType' has no attribute 'QUIZ_STARTED'
INFO 2026-01-27 21:58:54,833 services 10 131102701796224 Student student0@example.com started quiz attempt for by
ERROR 2026-01-27 21:59:14,314 services 10 131102701796224 Failed to log attempt submission: type object 'ActionType' has no attribute 'QUIZ_SUBMITTED'
INFO 2026-01-27 21:59:14,314 services 10 131102701796224 Student student0@example.com submitted quiz attempt by
ERROR 2026-01-27 22:00:42,507 services 10 131102701796224 Failed to log attempt start: type object 'ActionType' has no attribute 'QUIZ_STARTED'
INFO 2026-01-27 22:00:42,507 services 10 131102701796224 Student student0@example.com started quiz attempt for hi
DEBUG 2026-01-27 22:00:50,508 services 10 131102701796224 Submitted answer for question 634 in attempt 32
DEBUG 2026-01-27 22:01:15,244 services 10 131102701796224 Submitted answer for question 634 in attempt 32
DEBUG 2026-01-27 22:02:43,315 services 10 131102701796224 Submitted answer for question 634 in attempt 32
DEBUG 2026-01-27 22:03:52,554 services 10 131102701796224 Submitted answer for question 634 in attempt 32
DEBUG 2026-01-27 22:04:05,597 services 10 131102701796224 Submitted answer for question 635 in attempt 32
ERROR 2026-01-27 22:04:05,666 services 10 131102701796224 Failed to log attempt submission: type object 'ActionType' has no attribute 'QUIZ_SUBMITTED'
INFO 2026-01-27 22:04:05,666 services 10 131102701796224 Student student0@example.com submitted quiz attempt hi
ERROR 2026-01-27 22:06:09,039 services 10 131102701796224 Failed to log attempt start: type object 'ActionType' has no attribute 'QUIZ_STARTED'
INFO 2026-01-27 22:06:09,039 services 10 131102701796224 Student student0@example.com started quiz attempt for hi
DEBUG 2026-01-27 22:08:58,680 services 10 131102701796224 Submitted answer for question 637 in attempt 33
DEBUG 2026-01-27 22:09:20,986 services 10 131102701796224 Submitted answer for question 634 in attempt 33
DEBUG 2026-01-27 22:09:25,258 services 10 131102701796224 Submitted answer for question 635 in attempt 33
ERROR 2026-01-27 22:09:25,394 services 10 131102701796224 Failed to log attempt submission: type object 'ActionType' has no attribute 'QUIZ_SUBMITTED'
INFO 2026-01-27 22:09:25,395 services 10 131102701796224 Student student0@example.com submitted quiz attempt hi
ERROR 2026-01-27 22:09:53,733 services 10 131102701796224 Failed to log attempt start: type object 'ActionType' has no attribute 'QUIZ_STARTED'
INFO 2026-01-27 22:09:53,733 services 10 131102701796224 Student student0@example.com started quiz attempt for by
ERROR 2026-01-27 22:10:57,556 services 10 131102701796224 Failed to log attempt submission: type object 'ActionType' has no attribute 'QUIZ_SUBMITTED'
INFO 2026-01-27 22:10:57,556 services 10 131102701796224 Student student0@example.com submitted quiz attempt by
WARNING 2026-01-27 22:10:57,588 log 10 131102701796224 Bad Request: /api/quizzes/attempts/34/submit_answer/
ERROR 2026-01-27 22:11:12,626 services 10 131102701796224 Failed to log attempt start: type object 'ActionType' has no attribute 'QUIZ_STARTED'
INFO 2026-01-27 22:11:12,626 services 10 131102701796224 Student student0@example.com started quiz attempt for by
ERROR 2026-01-27 22:11:18,351 services 10 131102701796224 Failed to log attempt submission: type object 'ActionType' has no attribute 'QUIZ_SUBMITTED'
INFO 2026-01-27 22:11:18,352 services 10 131102701796224 Student student0@example.com submitted quiz attempt by
WARNING 2026-01-27 22:11:18,383 log 10 131102701796224 Bad Request: /api/quizzes/attempts/35/submit_answer/
ERROR 2026-01-27 22:13:03,770 services 10 131102701796224 Failed to log attempt start: type object 'ActionType' has no attribute 'QUIZ_STARTED'
INFO 2026-01-27 22:13:03,770 services 10 131102701796224 Student student0@example.com started quiz attempt for by
DEBUG 2026-01-27 22:13:07,690 services 10 131102701796224 Submitted answer for question 636 in attempt 36
ERROR 2026-01-27 22:13:07,749 services 10 131102701796224 Failed to log attempt submission: type object 'ActionType' has no attribute 'QUIZ_SUBMITTED'
INFO 2026-01-27 22:13:07,749 services 10 131102701796224 Student student0@example.com submitted quiz attempt by
WARNING 2026-01-27 22:15:40,692 log 10 131102701796224 Forbidden: /api/quizzes/attempts/my_attempts/
ERROR 2026-01-27 22:17:02,312 services 10 131102701796224 Failed to log attempt start: type object 'ActionType' has no attribute 'QUIZ_STARTED'
INFO 2026-01-27 22:17:02,312 services 10 131102701796224 Student student0@example.com started quiz attempt for by
DEBUG 2026-01-27 22:17:05,724 services 10 131102701796224 Submitted answer for question 636 in attempt 37
ERROR 2026-01-27 22:17:05,757 services 10 131102701796224 Failed to log attempt submission: type object 'ActionType' has no attribute 'QUIZ_SUBMITTED'
INFO 2026-01-27 22:17:05,757 services 10 131102701796224 Student student0@example.com submitted quiz attempt by
WARNING 2026-01-27 22:42:26,820 log 10 131102701796224 Bad Request: /api/users/auth/login/
WARNING 2026-01-27 23:05:23,528 log 10 131102701796224 Forbidden: /api/courses/courses/58/content/
WARNING 2026-01-27 23:05:23,781 log 10 131102701796224 Forbidden: /api/courses/courses/58/content/
WARNING 2026-01-27 23:05:28,621 log 10 131102701796224 Forbidden: /api/courses/courses/58/content/
WARNING 2026-01-27 23:05:30,646 log 10 131102701796224 Forbidden: /api/courses/courses/58/content/
WARNING 2026-01-27 23:05:33,682 log 10 131102701796224 Not Found: /api/courses/courses/59/
WARNING 2026-01-27 23:05:33,766 log 10 131102701796224 Not Found: /api/courses/courses/59/
WARNING 2026-01-27 23:05:38,165 log 10 131102701796224 Not Found: /api/courses/courses/57/
WARNING 2026-01-27 23:05:38,244 log 10 131102701796224 Not Found: /api/courses/courses/57/
WARNING 2026-01-27 23:05:40,896 log 10 131102701796224 Not Found: /api/courses/courses/56/
WARNING 2026-01-27 23:05:41,013 log 10 131102701796224 Not Found: /api/courses/courses/56/
WARNING 2026-01-27 23:17:01,774 log 10 131102701796224 Not Found: /
INFO 2026-01-27 23:35:59,805 services 10 131102701796224 Payment Action: purchase - Actor: student5@example.com - Student: student5@example.com - Amount: -249.00 - IP: N/A
INFO 2026-01-27 23:35:59,814 services 10 131102701796224 Payment Action: course_stats_updated - Actor: System - Student: N/A - Amount: N/A - IP: N/A
INFO 2026-01-27 23:35:59,819 services 10 131102701796224 Payment Action: purchase - Actor: student5@example.com - Student: student5@example.com - Amount: 249.00 - IP: None
WARNING 2026-01-27 23:55:03,793 log 10 131102701796224 Not Found: /.env
WARNING 2026-01-27 23:55:03,818 log 10 131102701796224 Not Found: /.git/config
WARNING 2026-01-27 23:56:44,538 log 10 131102701796224 Not Found: /favicon.ico
ERROR 2026-01-28 00:37:01,244 log 10 131102701796224 Invalid HTTP_HOST header: 'mohamedghanem.cloud'. You may need to add 'mohamedghanem.cloud' to ALLOWED_HOSTS.
Traceback (most recent call last):
  File "/usr/local/lib/python3.12/site-packages/django/core/handlers/exception.py", line 55, in inner
    response = get_response(request)
               ^^^^^^^^^^^^^^^^^^^^^
  File "/usr/local/lib/python3.12/site-packages/django/utils/deprecation.py", line 308, in __call__
    response = self.process_request(request)
               ^^^^^^^^^^^^^^^^^^^^^^^^^^^^^
  File "/usr/local/lib/python3.12/site-packages/django/middleware/common.py", line 48, in process_request
    host = request.get_host()
           ^^^^^^^^^^^^^^^^^^
  File "/usr/local/lib/python3.12/site-packages/django/http/request.py", line 205, in get_host
    raise DisallowedHost(msg)
django.core.exceptions.DisallowedHost: Invalid HTTP_HOST header: 'mohamedghanem.cloud'. You may need to add 'mohamedghanem.cloud' to ALLOWED_HOSTS.
ERROR 2026-01-28 00:37:01,835 log 10 131102701796224 Invalid HTTP_HOST header: 'mohamedghanem.cloud'. You may need to add 'mohamedghanem.cloud' to ALLOWED_HOSTS.
Traceback (most recent call last):
  File "/usr/local/lib/python3.12/site-packages/django/core/handlers/exception.py", line 55, in inner
    response = get_response(request)
               ^^^^^^^^^^^^^^^^^^^^^
  File "/usr/local/lib/python3.12/site-packages/django/utils/deprecation.py", line 308, in __call__
    response = self.process_request(request)
               ^^^^^^^^^^^^^^^^^^^^^^^^^^^^^
  File "/usr/local/lib/python3.12/site-packages/django/middleware/common.py", line 48, in process_request
    host = request.get_host()
           ^^^^^^^^^^^^^^^^^^
  File "/usr/local/lib/python3.12/site-packages/django/http/request.py", line 205, in get_host
    raise DisallowedHost(msg)
django.core.exceptions.DisallowedHost: Invalid HTTP_HOST header: 'mohamedghanem.cloud'. You may need to add 'mohamedghanem.cloud' to ALLOWED_HOSTS.
WARNING 2026-01-28 00:37:48,044 log 10 131102701796224 Bad Request: /api/users/auth/login/
WARNING 2026-01-28 00:39:41,700 log 10 131102701796224 Bad Request: /api/users/auth/login/
WARNING 2026-01-28 00:40:01,339 log 10 131102701796224 Bad Request: /api/users/auth/login/
WARNING 2026-01-28 00:42:53,702 log 10 131102701796224 Bad Request: /api/users/auth/login/
WARNING 2026-01-28 00:43:02,443 log 10 131102701796224 Bad Request: /api/users/auth/login/
WARNING 2026-01-28 00:43:10,521 log 10 131102701796224 Bad Request: /api/users/auth/login/
ERROR 2026-01-28 00:46:04,678 log 10 131102701796224 Invalid HTTP_HOST header: 'mohamedghanem.cloud'. You may need to add 'mohamedghanem.cloud' to ALLOWED_HOSTS.
Traceback (most recent call last):
  File "/usr/local/lib/python3.12/site-packages/django/core/handlers/exception.py", line 55, in inner
    response = get_response(request)
               ^^^^^^^^^^^^^^^^^^^^^
  File "/usr/local/lib/python3.12/site-packages/django/utils/deprecation.py", line 308, in __call__
    response = self.process_request(request)
               ^^^^^^^^^^^^^^^^^^^^^^^^^^^^^
  File "/usr/local/lib/python3.12/site-packages/django/middleware/common.py", line 48, in process_request
    host = request.get_host()
           ^^^^^^^^^^^^^^^^^^
  File "/usr/local/lib/python3.12/site-packages/django/http/request.py", line 205, in get_host
    raise DisallowedHost(msg)
django.core.exceptions.DisallowedHost: Invalid HTTP_HOST header: 'mohamedghanem.cloud'. You may need to add 'mohamedghanem.cloud' to ALLOWED_HOSTS.
ERROR 2026-01-28 00:47:39,578 log 10 131102701796224 Invalid HTTP_HOST header: 'mohamedghanem.cloud'. You may need to add 'mohamedghanem.cloud' to ALLOWED_HOSTS.
Traceback (most recent call last):
  File "/usr/local/lib/python3.12/site-packages/django/core/handlers/exception.py", line 55, in inner
    response = get_response(request)
               ^^^^^^^^^^^^^^^^^^^^^
  File "/usr/local/lib/python3.12/site-packages/django/utils/deprecation.py", line 308, in __call__
    response = self.process_request(request)
               ^^^^^^^^^^^^^^^^^^^^^^^^^^^^^
  File "/usr/local/lib/python3.12/site-packages/django/middleware/common.py", line 48, in process_request
    host = request.get_host()
           ^^^^^^^^^^^^^^^^^^
  File "/usr/local/lib/python3.12/site-packages/django/http/request.py", line 205, in get_host
    raise DisallowedHost(msg)
django.core.exceptions.DisallowedHost: Invalid HTTP_HOST header: 'mohamedghanem.cloud'. You may need to add 'mohamedghanem.cloud' to ALLOWED_HOSTS.
WARNING 2026-01-28 00:49:36,599 log 10 131102701796224 Not Found: /
WARNING 2026-01-28 00:50:06,315 log 10 131102701796224 Not Found: /
WARNING 2026-01-28 00:50:08,123 log 10 131102701796224 Not Found: /
WARNING 2026-01-28 00:53:30,934 log 10 131102701796224 Not Found: /
WARNING 2026-01-28 00:56:36,410 log 10 131102701796224 Not Found: /
WARNING 2026-01-28 00:57:27,656 log 10 131102701796224 Not Found: /
WARNING 2026-01-28 00:57:33,596 log 10 131102701796224 Not Found: /
WARNING 2026-01-28 00:58:57,264 log 10 131102701796224 Not Found: /
ERROR 2026-01-28 00:59:05,433 log 10 131102701796224 Invalid HTTP_HOST header: 'mohamedghanem.cloud'. You may need to add 'mohamedghanem.cloud' to ALLOWED_HOSTS.
Traceback (most recent call last):
  File "/usr/local/lib/python3.12/site-packages/django/core/handlers/exception.py", line 55, in inner
    response = get_response(request)
               ^^^^^^^^^^^^^^^^^^^^^
  File "/usr/local/lib/python3.12/site-packages/django/utils/deprecation.py", line 308, in __call__
    response = self.process_request(request)
               ^^^^^^^^^^^^^^^^^^^^^^^^^^^^^
  File "/usr/local/lib/python3.12/site-packages/django/middleware/common.py", line 48, in process_request
    host = request.get_host()
           ^^^^^^^^^^^^^^^^^^
  File "/usr/local/lib/python3.12/site-packages/django/http/request.py", line 205, in get_host
    raise DisallowedHost(msg)
django.core.exceptions.DisallowedHost: Invalid HTTP_HOST header: 'mohamedghanem.cloud'. You may need to add 'mohamedghanem.cloud' to ALLOWED_HOSTS.
WARNING 2026-01-28 00:59:13,877 log 10 131102701796224 Not Found: /
ERROR 2026-01-28 00:59:14,387 log 10 131102701796224 Invalid HTTP_HOST header: 'mohamedghanem.cloud'. You may need to add 'mohamedghanem.cloud' to ALLOWED_HOSTS.
Traceback (most recent call last):
  File "/usr/local/lib/python3.12/site-packages/django/core/handlers/exception.py", line 55, in inner
    response = get_response(request)
               ^^^^^^^^^^^^^^^^^^^^^
  File "/usr/local/lib/python3.12/site-packages/django/utils/deprecation.py", line 308, in __call__
    response = self.process_request(request)
               ^^^^^^^^^^^^^^^^^^^^^^^^^^^^^
  File "/usr/local/lib/python3.12/site-packages/django/middleware/common.py", line 48, in process_request
    host = request.get_host()
           ^^^^^^^^^^^^^^^^^^
  File "/usr/local/lib/python3.12/site-packages/django/http/request.py", line 205, in get_host
    raise DisallowedHost(msg)
django.core.exceptions.DisallowedHost: Invalid HTTP_HOST header: 'mohamedghanem.cloud'. You may need to add 'mohamedghanem.cloud' to ALLOWED_HOSTS.
ERROR 2026-01-28 00:59:17,706 log 10 131102701796224 Invalid HTTP_HOST header: 'mohamedghanem.cloud'. You may need to add 'mohamedghanem.cloud' to ALLOWED_HOSTS.
Traceback (most recent call last):
  File "/usr/local/lib/python3.12/site-packages/django/core/handlers/exception.py", line 55, in inner
    response = get_response(request)
               ^^^^^^^^^^^^^^^^^^^^^
  File "/usr/local/lib/python3.12/site-packages/django/utils/deprecation.py", line 308, in __call__
    response = self.process_request(request)
               ^^^^^^^^^^^^^^^^^^^^^^^^^^^^^
  File "/usr/local/lib/python3.12/site-packages/django/middleware/common.py", line 48, in process_request
    host = request.get_host()
           ^^^^^^^^^^^^^^^^^^
  File "/usr/local/lib/python3.12/site-packages/django/http/request.py", line 205, in get_host
    raise DisallowedHost(msg)
django.core.exceptions.DisallowedHost: Invalid HTTP_HOST header: 'mohamedghanem.cloud'. You may need to add 'mohamedghanem.cloud' to ALLOWED_HOSTS.
ERROR 2026-01-28 00:59:36,939 log 10 131102701796224 Invalid HTTP_HOST header: 'mohamedghanem.cloud'. You may need to add 'mohamedghanem.cloud' to ALLOWED_HOSTS.
Traceback (most recent call last):
  File "/usr/local/lib/python3.12/site-packages/django/core/handlers/exception.py", line 55, in inner
    response = get_response(request)
               ^^^^^^^^^^^^^^^^^^^^^
  File "/usr/local/lib/python3.12/site-packages/django/utils/deprecation.py", line 308, in __call__
    response = self.process_request(request)
               ^^^^^^^^^^^^^^^^^^^^^^^^^^^^^
  File "/usr/local/lib/python3.12/site-packages/django/middleware/common.py", line 48, in process_request
    host = request.get_host()
           ^^^^^^^^^^^^^^^^^^
  File "/usr/local/lib/python3.12/site-packages/django/http/request.py", line 205, in get_host
    raise DisallowedHost(msg)
django.core.exceptions.DisallowedHost: Invalid HTTP_HOST header: 'mohamedghanem.cloud'. You may need to add 'mohamedghanem.cloud' to ALLOWED_HOSTS.
ERROR 2026-01-28 00:59:37,868 log 10 131102701796224 Invalid HTTP_HOST header: 'mohamedghanem.cloud'. You may need to add 'mohamedghanem.cloud' to ALLOWED_HOSTS.
Traceback (most recent call last):
  File "/usr/local/lib/python3.12/site-packages/django/core/handlers/exception.py", line 55, in inner
    response = get_response(request)
               ^^^^^^^^^^^^^^^^^^^^^
  File "/usr/local/lib/python3.12/site-packages/django/utils/deprecation.py", line 308, in __call__
    response = self.process_request(request)
               ^^^^^^^^^^^^^^^^^^^^^^^^^^^^^
  File "/usr/local/lib/python3.12/site-packages/django/middleware/common.py", line 48, in process_request
    host = request.get_host()
           ^^^^^^^^^^^^^^^^^^
  File "/usr/local/lib/python3.12/site-packages/django/http/request.py", line 205, in get_host
    raise DisallowedHost(msg)
django.core.exceptions.DisallowedHost: Invalid HTTP_HOST header: 'mohamedghanem.cloud'. You may need to add 'mohamedghanem.cloud' to ALLOWED_HOSTS.
WARNING 2026-01-28 00:59:43,769 log 10 131102701796224 Not Found: /
WARNING 2026-01-28 00:59:44,401 log 10 131102701796224 Not Found: /
ERROR 2026-01-28 01:00:17,204 log 10 131102701796224 Invalid HTTP_HOST header: 'mohamedghanem.cloud'. You may need to add 'mohamedghanem.cloud' to ALLOWED_HOSTS.
Traceback (most recent call last):
  File "/usr/local/lib/python3.12/site-packages/django/core/handlers/exception.py", line 55, in inner
    response = get_response(request)
               ^^^^^^^^^^^^^^^^^^^^^
  File "/usr/local/lib/python3.12/site-packages/django/utils/deprecation.py", line 308, in __call__
    response = self.process_request(request)
               ^^^^^^^^^^^^^^^^^^^^^^^^^^^^^
  File "/usr/local/lib/python3.12/site-packages/django/middleware/common.py", line 48, in process_request
    host = request.get_host()
           ^^^^^^^^^^^^^^^^^^
  File "/usr/local/lib/python3.12/site-packages/django/http/request.py", line 205, in get_host
    raise DisallowedHost(msg)
django.core.exceptions.DisallowedHost: Invalid HTTP_HOST header: 'mohamedghanem.cloud'. You may need to add 'mohamedghanem.cloud' to ALLOWED_HOSTS.
ERROR 2026-01-28 01:01:22,758 log 10 131102701796224 Invalid HTTP_HOST header: 'mohamedghanem.cloud'. You may need to add 'mohamedghanem.cloud' to ALLOWED_HOSTS.
Traceback (most recent call last):
  File "/usr/local/lib/python3.12/site-packages/django/core/handlers/exception.py", line 55, in inner
    response = get_response(request)
               ^^^^^^^^^^^^^^^^^^^^^
  File "/usr/local/lib/python3.12/site-packages/django/utils/deprecation.py", line 308, in __call__
    response = self.process_request(request)
               ^^^^^^^^^^^^^^^^^^^^^^^^^^^^^
  File "/usr/local/lib/python3.12/site-packages/django/middleware/common.py", line 48, in process_request
    host = request.get_host()
           ^^^^^^^^^^^^^^^^^^
  File "/usr/local/lib/python3.12/site-packages/django/http/request.py", line 205, in get_host
    raise DisallowedHost(msg)
django.core.exceptions.DisallowedHost: Invalid HTTP_HOST header: 'mohamedghanem.cloud'. You may need to add 'mohamedghanem.cloud' to ALLOWED_HOSTS.
ERROR 2026-01-28 01:02:45,627 log 10 131102701796224 Invalid HTTP_HOST header: 'mohamedghanem.cloud'. You may need to add 'mohamedghanem.cloud' to ALLOWED_HOSTS.
Traceback (most recent call last):
  File "/usr/local/lib/python3.12/site-packages/django/core/handlers/exception.py", line 55, in inner
    response = get_response(request)
               ^^^^^^^^^^^^^^^^^^^^^
  File "/usr/local/lib/python3.12/site-packages/django/utils/deprecation.py", line 308, in __call__
    response = self.process_request(request)
               ^^^^^^^^^^^^^^^^^^^^^^^^^^^^^
  File "/usr/local/lib/python3.12/site-packages/django/middleware/common.py", line 48, in process_request
    host = request.get_host()
           ^^^^^^^^^^^^^^^^^^
  File "/usr/local/lib/python3.12/site-packages/django/http/request.py", line 205, in get_host
    raise DisallowedHost(msg)
django.core.exceptions.DisallowedHost: Invalid HTTP_HOST header: 'mohamedghanem.cloud'. You may need to add 'mohamedghanem.cloud' to ALLOWED_HOSTS.
ERROR 2026-01-28 01:03:37,956 log 10 131102701796224 Invalid HTTP_HOST header: 'mohamedghanem.cloud'. You may need to add 'mohamedghanem.cloud' to ALLOWED_HOSTS.
Traceback (most recent call last):
  File "/usr/local/lib/python3.12/site-packages/django/core/handlers/exception.py", line 55, in inner
    response = get_response(request)
               ^^^^^^^^^^^^^^^^^^^^^
  File "/usr/local/lib/python3.12/site-packages/django/utils/deprecation.py", line 308, in __call__
    response = self.process_request(request)
               ^^^^^^^^^^^^^^^^^^^^^^^^^^^^^
  File "/usr/local/lib/python3.12/site-packages/django/middleware/common.py", line 48, in process_request
    host = request.get_host()
           ^^^^^^^^^^^^^^^^^^
  File "/usr/local/lib/python3.12/site-packages/django/http/request.py", line 205, in get_host
    raise DisallowedHost(msg)
django.core.exceptions.DisallowedHost: Invalid HTTP_HOST header: 'mohamedghanem.cloud'. You may need to add 'mohamedghanem.cloud' to ALLOWED_HOSTS.
WARNING 2026-01-28 01:04:30,441 log 10 131102701796224 Not Found: /
WARNING 2026-01-28 01:04:32,175 log 10 131102701796224 Not Found: /
WARNING 2026-01-28 01:05:04,929 log 10 131102701796224 Not Found: /
ERROR 2026-01-28 01:05:32,672 log 10 131102701796224 Invalid HTTP_HOST header: 'mohamedghanem.cloud'. You may need to add 'mohamedghanem.cloud' to ALLOWED_HOSTS.
Traceback (most recent call last):
  File "/usr/local/lib/python3.12/site-packages/django/core/handlers/exception.py", line 55, in inner
    response = get_response(request)
               ^^^^^^^^^^^^^^^^^^^^^
  File "/usr/local/lib/python3.12/site-packages/django/utils/deprecation.py", line 308, in __call__
    response = self.process_request(request)
               ^^^^^^^^^^^^^^^^^^^^^^^^^^^^^
  File "/usr/local/lib/python3.12/site-packages/django/middleware/common.py", line 48, in process_request
    host = request.get_host()
           ^^^^^^^^^^^^^^^^^^
  File "/usr/local/lib/python3.12/site-packages/django/http/request.py", line 205, in get_host
    raise DisallowedHost(msg)
django.core.exceptions.DisallowedHost: Invalid HTTP_HOST header: 'mohamedghanem.cloud'. You may need to add 'mohamedghanem.cloud' to ALLOWED_HOSTS.
WARNING 2026-01-28 01:57:53,224 log 10 135528292649856 Not Found: /
WARNING 2026-01-28 01:57:53,408 log 10 135528292649856 Not Found: /
ERROR 2026-01-28 01:58:14,018 log 10 135528292649856 Invalid HTTP_HOST header: 'www.mohamedghanem.cloud'. You may need to add 'www.mohamedghanem.cloud' to ALLOWED_HOSTS.
Traceback (most recent call last):
  File "/usr/local/lib/python3.12/site-packages/django/core/handlers/exception.py", line 55, in inner
    response = get_response(request)
               ^^^^^^^^^^^^^^^^^^^^^
  File "/usr/local/lib/python3.12/site-packages/django/utils/deprecation.py", line 308, in __call__
    response = self.process_request(request)
               ^^^^^^^^^^^^^^^^^^^^^^^^^^^^^
  File "/usr/local/lib/python3.12/site-packages/django/middleware/common.py", line 48, in process_request
    host = request.get_host()
           ^^^^^^^^^^^^^^^^^^
  File "/usr/local/lib/python3.12/site-packages/django/http/request.py", line 205, in get_host
    raise DisallowedHost(msg)
django.core.exceptions.DisallowedHost: Invalid HTTP_HOST header: 'www.mohamedghanem.cloud'. You may need to add 'www.mohamedghanem.cloud' to ALLOWED_HOSTS.
ERROR 2026-01-28 01:58:14,353 log 10 135528292649856 Invalid HTTP_HOST header: 'www.mohamedghanem.cloud'. You may need to add 'www.mohamedghanem.cloud' to ALLOWED_HOSTS.
Traceback (most recent call last):
  File "/usr/local/lib/python3.12/site-packages/django/core/handlers/exception.py", line 55, in inner
    response = get_response(request)
               ^^^^^^^^^^^^^^^^^^^^^
  File "/usr/local/lib/python3.12/site-packages/django/utils/deprecation.py", line 308, in __call__
    response = self.process_request(request)
               ^^^^^^^^^^^^^^^^^^^^^^^^^^^^^
  File "/usr/local/lib/python3.12/site-packages/django/middleware/common.py", line 48, in process_request
    host = request.get_host()
           ^^^^^^^^^^^^^^^^^^
  File "/usr/local/lib/python3.12/site-packages/django/http/request.py", line 205, in get_host
    raise DisallowedHost(msg)
django.core.exceptions.DisallowedHost: Invalid HTTP_HOST header: 'www.mohamedghanem.cloud'. You may need to add 'www.mohamedghanem.cloud' to ALLOWED_HOSTS.
ERROR 2026-01-28 02:02:19,814 log 10 135528292649856 Invalid HTTP_HOST header: 'mohamedghanem.cloud'. You may need to add 'mohamedghanem.cloud' to ALLOWED_HOSTS.
Traceback (most recent call last):
  File "/usr/local/lib/python3.12/site-packages/django/core/handlers/exception.py", line 55, in inner
    response = get_response(request)
               ^^^^^^^^^^^^^^^^^^^^^
  File "/usr/local/lib/python3.12/site-packages/django/utils/deprecation.py", line 308, in __call__
    response = self.process_request(request)
               ^^^^^^^^^^^^^^^^^^^^^^^^^^^^^
  File "/usr/local/lib/python3.12/site-packages/django/middleware/common.py", line 48, in process_request
    host = request.get_host()
           ^^^^^^^^^^^^^^^^^^
  File "/usr/local/lib/python3.12/site-packages/django/http/request.py", line 205, in get_host
    raise DisallowedHost(msg)
django.core.exceptions.DisallowedHost: Invalid HTTP_HOST header: 'mohamedghanem.cloud'. You may need to add 'mohamedghanem.cloud' to ALLOWED_HOSTS.
ERROR 2026-01-28 02:02:57,162 log 10 135528292649856 Invalid HTTP_HOST header: 'mohamedghanem.cloud'. You may need to add 'mohamedghanem.cloud' to ALLOWED_HOSTS.
Traceback (most recent call last):
  File "/usr/local/lib/python3.12/site-packages/django/core/handlers/exception.py", line 55, in inner
    response = get_response(request)
               ^^^^^^^^^^^^^^^^^^^^^
  File "/usr/local/lib/python3.12/site-packages/django/utils/deprecation.py", line 308, in __call__
    response = self.process_request(request)
               ^^^^^^^^^^^^^^^^^^^^^^^^^^^^^
  File "/usr/local/lib/python3.12/site-packages/django/middleware/common.py", line 48, in process_request
    host = request.get_host()
           ^^^^^^^^^^^^^^^^^^
  File "/usr/local/lib/python3.12/site-packages/django/http/request.py", line 205, in get_host
    raise DisallowedHost(msg)
django.core.exceptions.DisallowedHost: Invalid HTTP_HOST header: 'mohamedghanem.cloud'. You may need to add 'mohamedghanem.cloud' to ALLOWED_HOSTS.
WARNING 2026-01-28 02:04:14,321 log 10 135528292649856 Not Found: /api/health
ERROR 2026-01-28 02:06:12,032 log 10 135528292649856 Invalid HTTP_HOST header: 'www.mohamedghanem.cloud'. You may need to add 'www.mohamedghanem.cloud' to ALLOWED_HOSTS.
Traceback (most recent call last):
  File "/usr/local/lib/python3.12/site-packages/django/core/handlers/exception.py", line 55, in inner
    response = get_response(request)
               ^^^^^^^^^^^^^^^^^^^^^
  File "/usr/local/lib/python3.12/site-packages/django/utils/deprecation.py", line 308, in __call__
    response = self.process_request(request)
               ^^^^^^^^^^^^^^^^^^^^^^^^^^^^^
  File "/usr/local/lib/python3.12/site-packages/django/middleware/common.py", line 48, in process_request
    host = request.get_host()
           ^^^^^^^^^^^^^^^^^^
  File "/usr/local/lib/python3.12/site-packages/django/http/request.py", line 205, in get_host
    raise DisallowedHost(msg)
django.core.exceptions.DisallowedHost: Invalid HTTP_HOST header: 'www.mohamedghanem.cloud'. You may need to add 'www.mohamedghanem.cloud' to ALLOWED_HOSTS.
ERROR 2026-01-28 02:06:12,291 log 10 135528292649856 Invalid HTTP_HOST header: 'www.mohamedghanem.cloud'. You may need to add 'www.mohamedghanem.cloud' to ALLOWED_HOSTS.
Traceback (most recent call last):
  File "/usr/local/lib/python3.12/site-packages/django/core/handlers/exception.py", line 55, in inner
    response = get_response(request)
               ^^^^^^^^^^^^^^^^^^^^^
  File "/usr/local/lib/python3.12/site-packages/django/utils/deprecation.py", line 308, in __call__
    response = self.process_request(request)
               ^^^^^^^^^^^^^^^^^^^^^^^^^^^^^
  File "/usr/local/lib/python3.12/site-packages/django/middleware/common.py", line 48, in process_request
    host = request.get_host()
           ^^^^^^^^^^^^^^^^^^
  File "/usr/local/lib/python3.12/site-packages/django/http/request.py", line 205, in get_host
    raise DisallowedHost(msg)
django.core.exceptions.DisallowedHost: Invalid HTTP_HOST header: 'www.mohamedghanem.cloud'. You may need to add 'www.mohamedghanem.cloud' to ALLOWED_HOSTS.
ERROR 2026-01-28 02:06:14,151 log 10 135528292649856 Invalid HTTP_HOST header: 'www.mohamedghanem.cloud'. You may need to add 'www.mohamedghanem.cloud' to ALLOWED_HOSTS.
Traceback (most recent call last):
  File "/usr/local/lib/python3.12/site-packages/django/core/handlers/exception.py", line 55, in inner
    response = get_response(request)
               ^^^^^^^^^^^^^^^^^^^^^
  File "/usr/local/lib/python3.12/site-packages/django/utils/deprecation.py", line 308, in __call__
    response = self.process_request(request)
               ^^^^^^^^^^^^^^^^^^^^^^^^^^^^^
  File "/usr/local/lib/python3.12/site-packages/django/middleware/common.py", line 48, in process_request
    host = request.get_host()
           ^^^^^^^^^^^^^^^^^^
  File "/usr/local/lib/python3.12/site-packages/django/http/request.py", line 205, in get_host
    raise DisallowedHost(msg)
django.core.exceptions.DisallowedHost: Invalid HTTP_HOST header: 'www.mohamedghanem.cloud'. You may need to add 'www.mohamedghanem.cloud' to ALLOWED_HOSTS.
ERROR 2026-01-28 02:06:14,157 log 10 135528292649856 Invalid HTTP_HOST header: 'www.mohamedghanem.cloud'. You may need to add 'www.mohamedghanem.cloud' to ALLOWED_HOSTS.
Traceback (most recent call last):
  File "/usr/local/lib/python3.12/site-packages/django/core/handlers/exception.py", line 55, in inner
    response = get_response(request)
               ^^^^^^^^^^^^^^^^^^^^^
  File "/usr/local/lib/python3.12/site-packages/django/utils/deprecation.py", line 308, in __call__
    response = self.process_request(request)
               ^^^^^^^^^^^^^^^^^^^^^^^^^^^^^
  File "/usr/local/lib/python3.12/site-packages/django/middleware/common.py", line 48, in process_request
    host = request.get_host()
           ^^^^^^^^^^^^^^^^^^
  File "/usr/local/lib/python3.12/site-packages/django/http/request.py", line 205, in get_host
    raise DisallowedHost(msg)
django.core.exceptions.DisallowedHost: Invalid HTTP_HOST header: 'www.mohamedghanem.cloud'. You may need to add 'www.mohamedghanem.cloud' to ALLOWED_HOSTS.
ERROR 2026-01-28 02:06:21,880 log 10 135528292649856 Invalid HTTP_HOST header: 'www.mohamedghanem.cloud'. You may need to add 'www.mohamedghanem.cloud' to ALLOWED_HOSTS.
Traceback (most recent call last):
  File "/usr/local/lib/python3.12/site-packages/django/core/handlers/exception.py", line 55, in inner
    response = get_response(request)
               ^^^^^^^^^^^^^^^^^^^^^
  File "/usr/local/lib/python3.12/site-packages/django/utils/deprecation.py", line 308, in __call__
    response = self.process_request(request)
               ^^^^^^^^^^^^^^^^^^^^^^^^^^^^^
  File "/usr/local/lib/python3.12/site-packages/django/middleware/common.py", line 48, in process_request
    host = request.get_host()
           ^^^^^^^^^^^^^^^^^^
  File "/usr/local/lib/python3.12/site-packages/django/http/request.py", line 205, in get_host
    raise DisallowedHost(msg)
django.core.exceptions.DisallowedHost: Invalid HTTP_HOST header: 'www.mohamedghanem.cloud'. You may need to add 'www.mohamedghanem.cloud' to ALLOWED_HOSTS.
ERROR 2026-01-28 02:06:22,014 log 10 135528292649856 Invalid HTTP_HOST header: 'www.mohamedghanem.cloud'. You may need to add 'www.mohamedghanem.cloud' to ALLOWED_HOSTS.
Traceback (most recent call last):
  File "/usr/local/lib/python3.12/site-packages/django/core/handlers/exception.py", line 55, in inner
    response = get_response(request)
               ^^^^^^^^^^^^^^^^^^^^^
  File "/usr/local/lib/python3.12/site-packages/django/utils/deprecation.py", line 308, in __call__
    response = self.process_request(request)
               ^^^^^^^^^^^^^^^^^^^^^^^^^^^^^
  File "/usr/local/lib/python3.12/site-packages/django/middleware/common.py", line 48, in process_request
    host = request.get_host()
           ^^^^^^^^^^^^^^^^^^
  File "/usr/local/lib/python3.12/site-packages/django/http/request.py", line 205, in get_host
    raise DisallowedHost(msg)
django.core.exceptions.DisallowedHost: Invalid HTTP_HOST header: 'www.mohamedghanem.cloud'. You may need to add 'www.mohamedghanem.cloud' to ALLOWED_HOSTS.
ERROR 2026-01-28 02:06:27,929 log 10 135528292649856 Invalid HTTP_HOST header: 'www.mohamedghanem.cloud'. You may need to add 'www.mohamedghanem.cloud' to ALLOWED_HOSTS.
Traceback (most recent call last):
  File "/usr/local/lib/python3.12/site-packages/django/core/handlers/exception.py", line 55, in inner
    response = get_response(request)
               ^^^^^^^^^^^^^^^^^^^^^
  File "/usr/local/lib/python3.12/site-packages/django/utils/deprecation.py", line 308, in __call__
    response = self.process_request(request)
               ^^^^^^^^^^^^^^^^^^^^^^^^^^^^^
  File "/usr/local/lib/python3.12/site-packages/django/middleware/common.py", line 48, in process_request
    host = request.get_host()
           ^^^^^^^^^^^^^^^^^^
  File "/usr/local/lib/python3.12/site-packages/django/http/request.py", line 205, in get_host
    raise DisallowedHost(msg)
django.core.exceptions.DisallowedHost: Invalid HTTP_HOST header: 'www.mohamedghanem.cloud'. You may need to add 'www.mohamedghanem.cloud' to ALLOWED_HOSTS.
ERROR 2026-01-28 02:06:28,054 log 10 135528292649856 Invalid HTTP_HOST header: 'www.mohamedghanem.cloud'. You may need to add 'www.mohamedghanem.cloud' to ALLOWED_HOSTS.
Traceback (most recent call last):
  File "/usr/local/lib/python3.12/site-packages/django/core/handlers/exception.py", line 55, in inner
    response = get_response(request)
               ^^^^^^^^^^^^^^^^^^^^^
  File "/usr/local/lib/python3.12/site-packages/django/utils/deprecation.py", line 308, in __call__
    response = self.process_request(request)
               ^^^^^^^^^^^^^^^^^^^^^^^^^^^^^
  File "/usr/local/lib/python3.12/site-packages/django/middleware/common.py", line 48, in process_request
    host = request.get_host()
           ^^^^^^^^^^^^^^^^^^
  File "/usr/local/lib/python3.12/site-packages/django/http/request.py", line 205, in get_host
    raise DisallowedHost(msg)
django.core.exceptions.DisallowedHost: Invalid HTTP_HOST header: 'www.mohamedghanem.cloud'. You may need to add 'www.mohamedghanem.cloud' to ALLOWED_HOSTS.
INFO 2026-01-29 13:29:05,668 autoreload 29896 27728 Watching for file changes with StatReloader
INFO 2026-01-29 13:30:15,865 autoreload 32644 6588 Watching for file changes with StatReloader
WARNING 2026-01-29 13:30:22,331 log 32644 21444 Not Found: /
WARNING 2026-01-29 13:30:22,332 log 32644 21444 "GET / HTTP/1.1" 404 4266
WARNING 2026-01-29 13:30:22,640 log 32644 21444 Not Found: /favicon.ico
WARNING 2026-01-29 13:30:22,641 log 32644 21444 "GET /favicon.ico HTTP/1.1" 404 4317
WARNING 2026-01-29 13:30:30,889 log 32644 22304 Not Found: /api
WARNING 2026-01-29 13:30:30,890 log 32644 22304 "GET /api HTTP/1.1" 404 4293
INFO 2026-01-29 13:30:36,169 log 32644 30068 "GET /api/payments HTTP/1.1" 301 0
WARNING 2026-01-29 13:30:36,184 log 32644 30068 Unauthorized: /api/payments/
WARNING 2026-01-29 13:30:36,186 log 32644 30068 "GET /api/payments/ HTTP/1.1" 401 58
INFO 2026-01-29 13:30:48,319 log 32644 4372 "GET /admin/ HTTP/1.1" 200 22468
INFO 2026-01-29 13:30:48,594 log 32644 4372 "GET /static/admin/css/dashboard.css HTTP/1.1" 200 441
INFO 2026-01-29 13:30:48,613 log 32644 4372 "GET /static/admin/img/icon-changelink.svg HTTP/1.1" 200 978
INFO 2026-01-29 13:30:54,987 log 32644 4372 "GET /admin/quizzes/question/ HTTP/1.1" 200 25569
INFO 2026-01-29 13:30:55,122 log 32644 4372 "GET /admin/jsi18n/ HTTP/1.1" 200 3342
WARNING 2026-01-29 13:32:17,553 log 32644 23840 Bad Request: /api/users/auth/login/
WARNING 2026-01-29 13:32:17,553 log 32644 23840 "POST /api/users/auth/login/ HTTP/1.1" 400 76
INFO 2026-01-29 13:32:30,143 log 32644 29988 "GET /admin/users/customuser/ HTTP/1.1" 200 29097
INFO 2026-01-29 13:32:30,245 log 32644 29988 "GET /admin/jsi18n/ HTTP/1.1" 200 3342
INFO 2026-01-29 13:32:51,522 log 32644 22268 "GET /admin/users/customuser/11/change/ HTTP/1.1" 200 41818
INFO 2026-01-29 13:32:51,581 log 32644 2340 "GET /static/admin/js/prepopulate_init.js HTTP/1.1" 200 586
INFO 2026-01-29 13:32:51,581 log 32644 26504 "GET /static/admin/js/SelectFilter2.js HTTP/1.1" 200 16428
INFO 2026-01-29 13:32:51,588 log 32644 31088 "GET /static/admin/js/SelectBox.js HTTP/1.1" 200 4530
INFO 2026-01-29 13:32:51,588 log 32644 22268 "GET /static/admin/css/forms.css HTTP/1.1" 200 8788
INFO 2026-01-29 13:32:51,604 log 32644 31088 "GET /static/admin/css/widgets.css HTTP/1.1" 200 11811
INFO 2026-01-29 13:32:51,619 log 32644 31088 "GET /static/admin/js/change_form.js HTTP/1.1" 200 606
INFO 2026-01-29 13:32:51,652 log 32644 4868 "GET /admin/jsi18n/ HTTP/1.1" 200 3342
INFO 2026-01-29 13:32:52,772 log 32644 4868 "GET /admin/users/customuser/11/password/ HTTP/1.1" 200 21133
INFO 2026-01-29 13:32:52,822 log 32644 31088 "GET /static/admin/img/icon-alert.svg HTTP/1.1" 200 684
INFO 2026-01-29 13:32:52,829 log 32644 4868 "GET /static/admin/css/unusable_password_field.css HTTP/1.1" 200 663
INFO 2026-01-29 13:33:02,636 log 32644 2284 "POST /admin/users/customuser/11/password/ HTTP/1.1" 302 0
INFO 2026-01-29 13:33:02,738 log 32644 2284 "GET /admin/users/customuser/11/change/ HTTP/1.1" 200 41954
INFO 2026-01-29 13:33:02,883 log 32644 2284 "GET /admin/jsi18n/ HTTP/1.1" 200 3342
INFO 2026-01-29 13:33:07,828 log 32644 23840 "POST /api/users/auth/login/ HTTP/1.1" 200 699
WARNING 2026-01-29 13:35:19,611 log 32644 24500 Not Found: /api/questions/questions/
WARNING 2026-01-29 13:35:19,614 log 32644 24500 "GET /api/questions/questions/ HTTP/1.1" 404 4356
WARNING 2026-01-29 13:35:26,752 log 32644 24500 Not Found: /api/questions/
WARNING 2026-01-29 13:35:26,756 log 32644 24500 "GET /api/questions/ HTTP/1.1" 404 4326
INFO 2026-01-29 13:36:15,397 log 32644 24500 "GET /api/quizzes/questions/ HTTP/1.1" 200 714
WARNING 2026-01-29 13:36:20,420 log 32644 24500 Bad Request: /api/quizzes/questions/
WARNING 2026-01-29 13:36:20,421 log 32644 24500 "POST /api/quizzes/questions/ HTTP/1.1" 400 80
WARNING 2026-01-29 13:36:52,092 log 32644 24500 Bad Request: /api/quizzes/quizzes/
WARNING 2026-01-29 13:36:52,093 log 32644 24500 "POST /api/quizzes/quizzes/ HTTP/1.1" 400 75
INFO 2026-01-29 13:36:57,206 log 32644 24500 "GET /api/quizzes/quizzes/ HTTP/1.1" 200 1160
INFO 2026-01-29 13:37:05,267 log 32644 20068 "GET /admin/quizzes/quiz/ HTTP/1.1" 200 25326
INFO 2026-01-29 13:37:05,408 log 32644 20068 "GET /admin/jsi18n/ HTTP/1.1" 200 3342
INFO 2026-01-29 13:37:09,166 log 32644 20068 "GET /admin/quizzes/quiz/2/change/ HTTP/1.1" 200 47031
INFO 2026-01-29 13:37:09,219 log 32644 33284 "GET /static/admin/css/forms.css HTTP/1.1" 304 0
INFO 2026-01-29 13:37:09,221 log 32644 1964 "GET /static/admin/js/prepopulate_init.js HTTP/1.1" 304 0
INFO 2026-01-29 13:37:09,222 log 32644 31760 "GET /static/admin/js/inlines.js HTTP/1.1" 200 15628
INFO 2026-01-29 13:37:09,225 log 32644 31760 "GET /static/admin/css/widgets.css HTTP/1.1" 304 0
INFO 2026-01-29 13:37:09,230 log 32644 31760 "GET /static/admin/img/icon-changelink.svg HTTP/1.1" 304 0
INFO 2026-01-29 13:37:09,235 log 32644 31760 "GET /static/admin/img/icon-unknown.svg HTTP/1.1" 200 806
INFO 2026-01-29 13:37:09,239 log 32644 31760 "GET /static/admin/js/change_form.js HTTP/1.1" 304 0
INFO 2026-01-29 13:37:09,271 log 32644 20068 "GET /admin/jsi18n/ HTTP/1.1" 200 3342
INFO 2026-01-29 13:37:09,346 log 32644 20068 "GET /static/admin/img/inline-delete.svg HTTP/1.1" 200 651
INFO 2026-01-29 13:37:14,362 log 32644 18052 "GET /admin/quizzes/question/ HTTP/1.1" 200 25569
INFO 2026-01-29 13:37:14,482 log 32644 18052 "GET /admin/jsi18n/ HTTP/1.1" 200 3342
INFO 2026-01-29 13:37:17,049 log 32644 18052 "GET /admin/quizzes/quizattempt/ HTTP/1.1" 200 22289
INFO 2026-01-29 13:37:17,141 log 32644 18052 "GET /admin/jsi18n/ HTTP/1.1" 200 3342
INFO 2026-01-29 13:37:20,305 log 32644 18052 "GET /admin/quizzes/quiz/ HTTP/1.1" 200 25326
INFO 2026-01-29 13:37:20,410 log 32644 18052 "GET /admin/jsi18n/ HTTP/1.1" 200 3342
WARNING 2026-01-29 13:38:36,711 log 32644 27496 Not Found: /api/quizzes/2/
WARNING 2026-01-29 13:38:36,712 log 32644 27496 "GET /api/quizzes/2/ HTTP/1.1" 404 18787
WARNING 2026-01-29 13:38:50,271 log 32644 27496 Not Found: /api/\u0636\u0639\u0647\u0626/quizzes/2/
WARNING 2026-01-29 13:38:50,272 log 32644 27496 "GET /api/%D8%B6%D8%B9%D9%87%D8%A6/quizzes/2/ HTTP/1.1" 404 4369
INFO 2026-01-29 13:39:11,733 log 32644 27496 "GET /api/quizzes/quizzes/2/ HTTP/1.1" 200 1108
WARNING 2026-01-29 13:39:43,154 log 32644 27496 Bad Request: /api/quizzes/quizzes/2/
WARNING 2026-01-29 13:39:43,156 log 32644 27496 "PUT /api/quizzes/quizzes/2/ HTTP/1.1" 400 109
WARNING 2026-01-29 13:39:50,424 log 32644 27496 Bad Request: /api/quizzes/quizzes/2/
WARNING 2026-01-29 13:39:50,425 log 32644 27496 "PUT /api/quizzes/quizzes/2/ HTTP/1.1" 400 112
WARNING 2026-01-29 13:39:56,727 log 32644 27496 Bad Request: /api/quizzes/quizzes/2/
WARNING 2026-01-29 13:39:56,728 log 32644 27496 "PUT /api/quizzes/quizzes/2/ HTTP/1.1" 400 112
WARNING 2026-01-29 13:40:02,131 log 32644 27496 Bad Request: /api/quizzes/quizzes/2/
WARNING 2026-01-29 13:40:02,132 log 32644 27496 "PUT /api/quizzes/quizzes/2/ HTTP/1.1" 400 112
WARNING 2026-01-29 13:40:23,101 log 32644 27496 Bad Request: /api/quizzes/quizzes/2/
WARNING 2026-01-29 13:40:23,102 log 32644 27496 "PUT /api/quizzes/quizzes/2/ HTTP/1.1" 400 112
INFO 2026-01-29 13:40:44,508 log 32644 23488 "GET /admin/quizzes/quiz/2/change/ HTTP/1.1" 200 47031
INFO 2026-01-29 13:40:44,553 log 32644 23488 "GET /static/admin/css/forms.css HTTP/1.1" 304 0
INFO 2026-01-29 13:40:44,553 log 32644 4704 "GET /static/admin/js/inlines.js HTTP/1.1" 304 0
INFO 2026-01-29 13:40:44,560 log 32644 4704 "GET /static/admin/js/prepopulate_init.js HTTP/1.1" 304 0
INFO 2026-01-29 13:40:44,562 log 32644 23488 "GET /static/admin/css/widgets.css HTTP/1.1" 304 0
INFO 2026-01-29 13:40:44,567 log 32644 23488 "GET /static/admin/img/icon-changelink.svg HTTP/1.1" 304 0
INFO 2026-01-29 13:40:44,576 log 32644 23488 "GET /static/admin/img/icon-unknown.svg HTTP/1.1" 304 0
INFO 2026-01-29 13:40:44,587 log 32644 23488 "GET /static/admin/js/change_form.js HTTP/1.1" 304 0
INFO 2026-01-29 13:40:44,622 log 32644 34488 "GET /admin/jsi18n/ HTTP/1.1" 200 3342
INFO 2026-01-29 13:40:44,689 log 32644 34488 "GET /static/admin/img/inline-delete.svg HTTP/1.1" 304 0
INFO 2026-01-29 13:40:49,396 log 32644 34488 "POST /admin/quizzes/quiz/2/change/ HTTP/1.1" 302 0
INFO 2026-01-29 13:40:49,504 log 32644 34488 "GET /admin/quizzes/quiz/ HTTP/1.1" 200 25689
INFO 2026-01-29 13:40:49,603 log 32644 34488 "GET /admin/jsi18n/ HTTP/1.1" 200 3342
WARNING 2026-01-29 13:40:52,723 log 32644 27496 Bad Request: /api/quizzes/quizzes/2/
WARNING 2026-01-29 13:40:52,724 log 32644 27496 "PUT /api/quizzes/quizzes/2/ HTTP/1.1" 400 112
WARNING 2026-01-29 13:40:57,336 log 32644 27496 Bad Request: /api/quizzes/quizzes/2/
WARNING 2026-01-29 13:40:57,338 log 32644 27496 "PUT /api/quizzes/quizzes/2/ HTTP/1.1" 400 56
WARNING 2026-01-29 13:41:01,715 log 32644 27496 Bad Request: /api/quizzes/quizzes/2/
WARNING 2026-01-29 13:41:01,716 log 32644 27496 "PATCH /api/quizzes/quizzes/2/ HTTP/1.1" 400 56
INFO 2026-01-29 13:41:16,392 log 32644 27496 "GET /api/quizzes/quizzes/2/ HTTP/1.1" 200 1159
INFO 2026-01-29 13:41:42,212 log 32644 27496 "PUT /api/quizzes/quizzes/2/ HTTP/1.1" 200 1160
INFO 2026-01-29 13:41:47,165 log 32644 25944 "GET /admin/quizzes/quiz/2/change/ HTTP/1.1" 200 47161
INFO 2026-01-29 13:41:47,276 log 32644 25944 "GET /admin/jsi18n/ HTTP/1.1" 200 3342
WARNING 2026-01-29 13:41:53,970 log 32644 27496 Bad Request: /api/quizzes/quizzes/2/
WARNING 2026-01-29 13:41:53,970 log 32644 27496 "PUT /api/quizzes/quizzes/2/ HTTP/1.1" 400 75
WARNING 2026-01-29 13:41:59,339 log 32644 27496 Bad Request: /api/quizzes/quizzes/2/
WARNING 2026-01-29 13:41:59,340 log 32644 27496 "PUT /api/quizzes/quizzes/2/ HTTP/1.1" 400 81
INFO 2026-01-29 13:42:05,309 log 32644 27496 "PUT /api/quizzes/quizzes/2/ HTTP/1.1" 200 1161
INFO 2026-01-29 13:42:08,435 log 32644 13700 "GET /admin/quizzes/quiz/2/change/ HTTP/1.1" 200 47162
INFO 2026-01-29 13:42:08,475 log 32644 13700 "GET /static/admin/css/forms.css HTTP/1.1" 304 0
INFO 2026-01-29 13:42:08,477 log 32644 26068 "GET /static/admin/js/inlines.js HTTP/1.1" 304 0
INFO 2026-01-29 13:42:08,479 log 32644 26068 "GET /static/admin/js/prepopulate_init.js HTTP/1.1" 304 0
INFO 2026-01-29 13:42:08,480 log 32644 13700 "GET /static/admin/css/widgets.css HTTP/1.1" 304 0
INFO 2026-01-29 13:42:08,483 log 32644 13700 "GET /static/admin/img/icon-changelink.svg HTTP/1.1" 304 0
INFO 2026-01-29 13:42:08,487 log 32644 13700 "GET /static/admin/img/icon-unknown.svg HTTP/1.1" 304 0
INFO 2026-01-29 13:42:08,491 log 32644 13700 "GET /static/admin/js/change_form.js HTTP/1.1" 304 0
INFO 2026-01-29 13:42:08,646 log 32644 29328 "GET /admin/jsi18n/ HTTP/1.1" 200 3342
INFO 2026-01-29 13:42:08,692 log 32644 29328 "GET /static/admin/img/inline-delete.svg HTTP/1.1" 304 0
INFO 2026-01-29 13:42:13,578 log 32644 27496 "PUT /api/quizzes/quizzes/2/ HTTP/1.1" 200 1162
INFO 2026-01-29 13:42:17,342 log 32644 27496 "PUT /api/quizzes/quizzes/2/ HTTP/1.1" 200 1162
INFO 2026-01-29 13:42:20,067 log 32644 9504 "GET /admin/quizzes/quiz/2/change/ HTTP/1.1" 200 47163
INFO 2026-01-29 13:42:20,164 log 32644 9504 "GET /admin/jsi18n/ HTTP/1.1" 200 3342
INFO 2026-01-29 13:43:21,025 log 32644 28920 "PATCH /api/quizzes/quizzes/2/ HTTP/1.1" 200 1174
INFO 2026-01-29 13:43:22,550 log 32644 18520 "GET /admin/quizzes/quiz/2/change/ HTTP/1.1" 200 47241
INFO 2026-01-29 13:43:22,761 log 32644 18520 "GET /admin/jsi18n/ HTTP/1.1" 200 3342
INFO 2026-01-29 13:43:23,773 log 32644 18520 "GET /admin/quizzes/quiz/2/change/ HTTP/1.1" 200 47241
INFO 2026-01-29 13:43:23,860 log 32644 18520 "GET /admin/jsi18n/ HTTP/1.1" 200 3342
ERROR 2026-01-29 13:43:47,144 services 32644 28920 Failed to log quiz publish: type object 'ActionType' has no attribute 'QUIZ_PUBLISHED'
INFO 2026-01-29 13:43:47,145 services 32644 28920 Published quiz 2 by admin1@test.com
INFO 2026-01-29 13:43:47,156 log 32644 28920 "POST /api/quizzes/quizzes/2/publish/ HTTP/1.1" 200 1174
INFO 2026-01-29 13:44:00,747 log 32644 14560 "GET /admin/quizzes/quiz/ HTTP/1.1" 200 25430
INFO 2026-01-29 13:44:00,844 log 32644 14560 "GET /admin/jsi18n/ HTTP/1.1" 200 3342
ERROR 2026-01-29 13:44:09,689 services 32644 28920 Failed to log quiz unpublish: type object 'ActionType' has no attribute 'QUIZ_UNPUBLISHED'
INFO 2026-01-29 13:44:09,689 services 32644 28920 Unpublished quiz 2 by admin1@test.com
INFO 2026-01-29 13:44:09,702 log 32644 28920 "POST /api/quizzes/quizzes/2/unpublish/ HTTP/1.1" 200 1175
INFO 2026-01-29 13:44:13,079 log 32644 13488 "GET /admin/quizzes/quiz/ HTTP/1.1" 200 25430
INFO 2026-01-29 13:44:13,185 log 32644 13488 "GET /admin/jsi18n/ HTTP/1.1" 200 3342
WARNING 2026-01-29 13:46:05,285 log 32644 33552 Bad Request: /api/quizzes/quizzes/
WARNING 2026-01-29 13:46:05,285 log 32644 33552 "POST /api/quizzes/quizzes/ HTTP/1.1" 400 73
WARNING 2026-01-29 13:46:10,610 log 32644 33552 Bad Request: /api/quizzes/quizzes/
WARNING 2026-01-29 13:46:10,610 log 32644 33552 "POST /api/quizzes/quizzes/ HTTP/1.1" 400 109
WARNING 2026-01-29 13:46:16,839 log 32644 33552 Bad Request: /api/quizzes/quizzes/
WARNING 2026-01-29 13:46:16,840 log 32644 33552 "POST /api/quizzes/quizzes/ HTTP/1.1" 400 57
INFO 2026-01-29 13:46:26,840 log 32644 33552 "POST /api/quizzes/quizzes/ HTTP/1.1" 201 963
INFO 2026-01-29 13:46:31,234 log 32644 24912 "GET /admin/quizzes/quiz/ HTTP/1.1" 200 26184
INFO 2026-01-29 13:46:31,337 log 32644 24912 "GET /admin/jsi18n/ HTTP/1.1" 200 3342
WARNING 2026-01-29 13:46:43,880 log 32644 33552 Method Not Allowed: /api/quizzes/quizzes/
WARNING 2026-01-29 13:46:43,880 log 32644 33552 "DELETE /api/quizzes/quizzes/ HTTP/1.1" 405 43
INFO 2026-01-29 13:46:55,151 log 32644 33552 "DELETE /api/quizzes/quizzes/2/ HTTP/1.1" 204 0
INFO 2026-01-29 13:47:00,110 log 32644 13700 "GET /admin/quizzes/quiz/ HTTP/1.1" 200 25382
INFO 2026-01-29 13:47:00,207 log 32644 13700 "GET /admin/jsi18n/ HTTP/1.1" 200 3342
WARNING 2026-01-29 13:49:31,889 log 32644 3584 Not Found: /api/quizzes/quizzes/2/
WARNING 2026-01-29 13:49:31,891 log 32644 3584 "DELETE /api/quizzes/quizzes/2/ HTTP/1.1" 404 45
WARNING 2026-01-29 13:49:40,882 log 32644 3584 Not Found: /api/quizzes/quizzes/1/
WARNING 2026-01-29 13:49:40,883 log 32644 3584 "GET /api/quizzes/quizzes/1/ HTTP/1.1" 404 45
INFO 2026-01-29 13:49:45,276 log 32644 3584 "GET /api/quizzes/quizzes HTTP/1.1" 301 0
INFO 2026-01-29 13:49:45,384 log 32644 3584 "GET /api/quizzes/quizzes/ HTTP/1.1" 200 1015
WARNING 2026-01-29 13:51:38,315 log 32644 11884 Not Found: /api/quizzes/3/
WARNING 2026-01-29 13:51:38,316 log 32644 11884 "GET /api/quizzes/3/ HTTP/1.1" 404 18787
INFO 2026-01-29 13:51:47,870 log 32644 11884 "GET /api/quizzes HTTP/1.1" 301 0
INFO 2026-01-29 13:51:47,957 log 32644 11884 "GET /api/quizzes/ HTTP/1.1" 200 172
WARNING 2026-01-29 13:51:59,113 log 32644 11884 Unauthorized: /api/quizzes/questions/
WARNING 2026-01-29 13:51:59,118 log 32644 11884 "GET /api/quizzes/questions/ HTTP/1.1" 401 58
INFO 2026-01-29 13:52:12,844 log 32644 11884 "GET /api/quizzes/questions/ HTTP/1.1" 200 521
WARNING 2026-01-29 13:52:25,729 log 32644 11884 Not Found: /api/quizzes/3/
WARNING 2026-01-29 13:52:25,731 log 32644 11884 "GET /api/quizzes/3/ HTTP/1.1" 404 18787
WARNING 2026-01-29 13:52:35,036 log 32644 11884 Not Found: /api/quizzes/3
WARNING 2026-01-29 13:52:35,037 log 32644 11884 "GET /api/quizzes/3 HTTP/1.1" 404 18784
INFO 2026-01-29 13:53:04,828 log 32644 11884 "GET /api/quizzes/questions/ HTTP/1.1" 200 521
INFO 2026-01-29 13:53:15,179 log 32644 11884 "GET /api/quizzes/questions/?quiz_id=3 HTTP/1.1" 200 521
WARNING 2026-01-29 13:53:25,035 log 32644 11884 Not Found: /api/quizzes/questions/4/
WARNING 2026-01-29 13:53:25,036 log 32644 11884 "GET /api/quizzes/questions/4/ HTTP/1.1" 404 49
WARNING 2026-01-29 13:53:30,440 log 32644 11884 Not Found: /api/quizzes/questions/3/
WARNING 2026-01-29 13:53:30,441 log 32644 11884 "GET /api/quizzes/questions/3/ HTTP/1.1" 404 49
WARNING 2026-01-29 13:53:33,029 log 32644 11884 Not Found: /api/quizzes/questions/2/
WARNING 2026-01-29 13:53:33,030 log 32644 11884 "GET /api/quizzes/questions/2/ HTTP/1.1" 404 49
WARNING 2026-01-29 13:53:35,391 log 32644 11884 Not Found: /api/quizzes/questions/1/
WARNING 2026-01-29 13:53:35,392 log 32644 11884 "GET /api/quizzes/questions/1/ HTTP/1.1" 404 49
WARNING 2026-01-29 13:53:38,237 log 32644 11884 Not Found: /api/quizzes/questions/8/
WARNING 2026-01-29 13:53:38,237 log 32644 11884 "GET /api/quizzes/questions/8/ HTTP/1.1" 404 49
INFO 2026-01-29 13:53:42,278 log 32644 11884 "GET /api/quizzes/questions/ HTTP/1.1" 200 521
INFO 2026-01-29 13:53:47,701 log 32644 11884 "GET /api/quizzes/questions/17 HTTP/1.1" 301 0
INFO 2026-01-29 13:53:47,770 log 32644 11884 "GET /api/quizzes/questions/17/ HTTP/1.1" 200 259
ERROR 2026-01-29 13:54:16,431 log 32644 11884 Internal Server Error: /api/quizzes/questions/
Traceback (most recent call last):
  File "C:\Users\fadyb\OneDrive\Desktop\projects\final_test\Lms_BE\.venv\Lib\site-packages\django\core\handlers\exception.py", line 55, in inner
    response = get_response(request)
  File "C:\Users\fadyb\OneDrive\Desktop\projects\final_test\Lms_BE\.venv\Lib\site-packages\django\core\handlers\base.py", line 198, in _get_response
    response = wrapped_callback(request, *callback_args, **callback_kwargs)
  File "C:\Users\fadyb\OneDrive\Desktop\projects\final_test\Lms_BE\.venv\Lib\site-packages\django\views\decorators\csrf.py", line 65, in _view_wrapper
    return view_func(request, *args, **kwargs)
  File "C:\Users\fadyb\OneDrive\Desktop\projects\final_test\Lms_BE\.venv\Lib\site-packages\rest_framework\viewsets.py", line 125, in view
    return self.dispatch(request, *args, **kwargs)
           ~~~~~~~~~~~~~^^^^^^^^^^^^^^^^^^^^^^^^^^
  File "C:\Users\fadyb\OneDrive\Desktop\projects\final_test\Lms_BE\.venv\Lib\site-packages\rest_framework\views.py", line 515, in dispatch
    response = self.handle_exception(exc)
  File "C:\Users\fadyb\OneDrive\Desktop\projects\final_test\Lms_BE\.venv\Lib\site-packages\rest_framework\views.py", line 475, in handle_exception
    self.raise_uncaught_exception(exc)
    ~~~~~~~~~~~~~~~~~~~~~~~~~~~~~^^^^^
  File "C:\Users\fadyb\OneDrive\Desktop\projects\final_test\Lms_BE\.venv\Lib\site-packages\rest_framework\views.py", line 486, in raise_uncaught_exception
    raise exc
  File "C:\Users\fadyb\OneDrive\Desktop\projects\final_test\Lms_BE\.venv\Lib\site-packages\rest_framework\views.py", line 512, in dispatch
    response = handler(request, *args, **kwargs)
  File "C:\Users\fadyb\OneDrive\Desktop\projects\final_test\Lms_BE\.venv\Lib\site-packages\rest_framework\mixins.py", line 19, in create
    self.perform_create(serializer)
    ~~~~~~~~~~~~~~~~~~~^^^^^^^^^^^^
  File "C:\Users\fadyb\OneDrive\Desktop\projects\final_test\Lms_BE\quizzes\views.py", line 753, in perform_create
    quiz = serializer.validated_data['quiz']
           ~~~~~~~~~~~~~~~~~~~~~~~~~^^^^^^^^
KeyError: 'quiz'
ERROR 2026-01-29 13:54:16,498 log 32644 11884 "POST /api/quizzes/questions/ HTTP/1.1" 500 107820
ERROR 2026-01-29 13:54:39,802 log 32644 11884 Internal Server Error: /api/quizzes/questions/
Traceback (most recent call last):
  File "C:\Users\fadyb\OneDrive\Desktop\projects\final_test\Lms_BE\.venv\Lib\site-packages\django\core\handlers\exception.py", line 55, in inner
    response = get_response(request)
  File "C:\Users\fadyb\OneDrive\Desktop\projects\final_test\Lms_BE\.venv\Lib\site-packages\django\core\handlers\base.py", line 198, in _get_response
    response = wrapped_callback(request, *callback_args, **callback_kwargs)
  File "C:\Users\fadyb\OneDrive\Desktop\projects\final_test\Lms_BE\.venv\Lib\site-packages\django\views\decorators\csrf.py", line 65, in _view_wrapper
    return view_func(request, *args, **kwargs)
  File "C:\Users\fadyb\OneDrive\Desktop\projects\final_test\Lms_BE\.venv\Lib\site-packages\rest_framework\viewsets.py", line 125, in view
    return self.dispatch(request, *args, **kwargs)
           ~~~~~~~~~~~~~^^^^^^^^^^^^^^^^^^^^^^^^^^
  File "C:\Users\fadyb\OneDrive\Desktop\projects\final_test\Lms_BE\.venv\Lib\site-packages\rest_framework\views.py", line 515, in dispatch
    response = self.handle_exception(exc)
  File "C:\Users\fadyb\OneDrive\Desktop\projects\final_test\Lms_BE\.venv\Lib\site-packages\rest_framework\views.py", line 475, in handle_exception
    self.raise_uncaught_exception(exc)
    ~~~~~~~~~~~~~~~~~~~~~~~~~~~~~^^^^^
  File "C:\Users\fadyb\OneDrive\Desktop\projects\final_test\Lms_BE\.venv\Lib\site-packages\rest_framework\views.py", line 486, in raise_uncaught_exception
    raise exc
  File "C:\Users\fadyb\OneDrive\Desktop\projects\final_test\Lms_BE\.venv\Lib\site-packages\rest_framework\views.py", line 512, in dispatch
    response = handler(request, *args, **kwargs)
  File "C:\Users\fadyb\OneDrive\Desktop\projects\final_test\Lms_BE\.venv\Lib\site-packages\rest_framework\mixins.py", line 19, in create
    self.perform_create(serializer)
    ~~~~~~~~~~~~~~~~~~~^^^^^^^^^^^^
  File "C:\Users\fadyb\OneDrive\Desktop\projects\final_test\Lms_BE\quizzes\views.py", line 753, in perform_create
    quiz = serializer.validated_data['quiz']
           ~~~~~~~~~~~~~~~~~~~~~~~~~^^^^^^^^
KeyError: 'quiz'
ERROR 2026-01-29 13:54:39,805 log 32644 11884 "POST /api/quizzes/questions/ HTTP/1.1" 500 107826
WARNING 2026-01-29 13:54:46,337 log 32644 11884 Bad Request: /api/quizzes/questions/
WARNING 2026-01-29 13:54:46,337 log 32644 11884 "POST /api/quizzes/questions/ HTTP/1.1" 400 80
ERROR 2026-01-29 13:54:53,486 log 32644 11884 Internal Server Error: /api/quizzes/questions/3
Traceback (most recent call last):
  File "C:\Users\fadyb\OneDrive\Desktop\projects\final_test\Lms_BE\.venv\Lib\site-packages\django\core\handlers\exception.py", line 55, in inner
    response = get_response(request)
  File "C:\Users\fadyb\OneDrive\Desktop\projects\final_test\Lms_BE\.venv\Lib\site-packages\django\utils\deprecation.py", line 311, in __call__
    response = self.process_response(request, response)
  File "C:\Users\fadyb\OneDrive\Desktop\projects\final_test\Lms_BE\.venv\Lib\site-packages\django\middleware\common.py", line 109, in process_response
    self.get_full_path_with_slash(request)
    ~~~~~~~~~~~~~~~~~~~~~~~~~~~~~^^^^^^^^^
  File "C:\Users\fadyb\OneDrive\Desktop\projects\final_test\Lms_BE\.venv\Lib\site-packages\django\middleware\common.py", line 87, in get_full_path_with_slash
    raise RuntimeError(
    ...<9 lines>...
    )
RuntimeError: You called this URL via POST, but the URL doesn't end in a slash and you have APPEND_SLASH set. Django can't redirect to the slash URL while maintaining POST data. Change your form to point to 127.0.0.1:8000/api/quizzes/questions/3/ (note the trailing slash), or set APPEND_SLASH=False in your Django settings.
ERROR 2026-01-29 13:54:53,493 log 32644 11884 "POST /api/quizzes/questions/3 HTTP/1.1" 500 76959
WARNING 2026-01-29 13:54:57,075 log 32644 11976 Bad Request: /api/quizzes/questions/
WARNING 2026-01-29 13:54:57,076 log 32644 11976 "POST /api/quizzes/questions/ HTTP/1.1" 400 80
WARNING 2026-01-29 13:55:09,091 log 32644 11976 Bad Request: /api/quizzes/questions/
WARNING 2026-01-29 13:55:09,092 log 32644 11976 "POST /api/quizzes/questions/ HTTP/1.1" 400 54
WARNING 2026-01-29 13:55:17,913 log 32644 11976 Bad Request: /api/quizzes/questions/
WARNING 2026-01-29 13:55:17,914 log 32644 11976 "POST /api/quizzes/questions/ HTTP/1.1" 400 82
WARNING 2026-01-29 13:55:23,410 log 32644 11976 Bad Request: /api/quizzes/questions/
WARNING 2026-01-29 13:55:23,411 log 32644 11976 "POST /api/quizzes/questions/ HTTP/1.1" 400 104
WARNING 2026-01-29 13:55:35,220 log 32644 11976 Bad Request: /api/quizzes/questions/
WARNING 2026-01-29 13:55:35,221 log 32644 11976 "POST /api/quizzes/questions/ HTTP/1.1" 400 59
WARNING 2026-01-29 13:55:44,282 log 32644 11976 Bad Request: /api/quizzes/questions/
WARNING 2026-01-29 13:55:44,283 log 32644 11976 "POST /api/quizzes/questions/ HTTP/1.1" 400 83
ERROR 2026-01-29 13:55:48,945 log 32644 11976 Internal Server Error: /api/quizzes/questions/
Traceback (most recent call last):
  File "C:\Users\fadyb\OneDrive\Desktop\projects\final_test\Lms_BE\.venv\Lib\site-packages\django\core\handlers\exception.py", line 55, in inner
    response = get_response(request)
  File "C:\Users\fadyb\OneDrive\Desktop\projects\final_test\Lms_BE\.venv\Lib\site-packages\django\core\handlers\base.py", line 198, in _get_response
    response = wrapped_callback(request, *callback_args, **callback_kwargs)
  File "C:\Users\fadyb\OneDrive\Desktop\projects\final_test\Lms_BE\.venv\Lib\site-packages\django\views\decorators\csrf.py", line 65, in _view_wrapper
    return view_func(request, *args, **kwargs)
  File "C:\Users\fadyb\OneDrive\Desktop\projects\final_test\Lms_BE\.venv\Lib\site-packages\rest_framework\viewsets.py", line 125, in view
    return self.dispatch(request, *args, **kwargs)
           ~~~~~~~~~~~~~^^^^^^^^^^^^^^^^^^^^^^^^^^
  File "C:\Users\fadyb\OneDrive\Desktop\projects\final_test\Lms_BE\.venv\Lib\site-packages\rest_framework\views.py", line 515, in dispatch
    response = self.handle_exception(exc)
  File "C:\Users\fadyb\OneDrive\Desktop\projects\final_test\Lms_BE\.venv\Lib\site-packages\rest_framework\views.py", line 475, in handle_exception
    self.raise_uncaught_exception(exc)
    ~~~~~~~~~~~~~~~~~~~~~~~~~~~~~^^^^^
  File "C:\Users\fadyb\OneDrive\Desktop\projects\final_test\Lms_BE\.venv\Lib\site-packages\rest_framework\views.py", line 486, in raise_uncaught_exception
    raise exc
  File "C:\Users\fadyb\OneDrive\Desktop\projects\final_test\Lms_BE\.venv\Lib\site-packages\rest_framework\views.py", line 512, in dispatch
    response = handler(request, *args, **kwargs)
  File "C:\Users\fadyb\OneDrive\Desktop\projects\final_test\Lms_BE\.venv\Lib\site-packages\rest_framework\mixins.py", line 19, in create
    self.perform_create(serializer)
    ~~~~~~~~~~~~~~~~~~~^^^^^^^^^^^^
  File "C:\Users\fadyb\OneDrive\Desktop\projects\final_test\Lms_BE\quizzes\views.py", line 753, in perform_create
    quiz = serializer.validated_data['quiz']
           ~~~~~~~~~~~~~~~~~~~~~~~~~^^^^^^^^
KeyError: 'quiz'
ERROR 2026-01-29 13:55:48,948 log 32644 11976 "POST /api/quizzes/questions/ HTTP/1.1" 500 107658
INFO 2026-01-29 13:57:10,678 autoreload 32644 6588 C:\Users\fadyb\OneDrive\Desktop\projects\final_test\Lms_BE\quizzes\serializers.py changed, reloading.
INFO 2026-01-29 13:57:13,621 autoreload 10748 14420 Watching for file changes with StatReloader
INFO 2026-01-29 13:57:38,573 autoreload 10748 14420 C:\Users\fadyb\OneDrive\Desktop\projects\final_test\Lms_BE\quizzes\views.py changed, reloading.
INFO 2026-01-29 13:57:39,741 autoreload 7016 16304 Watching for file changes with StatReloader
INFO 2026-01-29 13:58:22,003 autoreload 7016 16304 C:\Users\fadyb\OneDrive\Desktop\projects\final_test\Lms_BE\quizzes\serializers.py changed, reloading.
INFO 2026-01-29 13:58:24,015 autoreload 33244 17652 Watching for file changes with StatReloader
WARNING 2026-01-29 13:58:38,157 log 33244 32292 Bad Request: /api/quizzes/questions/
WARNING 2026-01-29 13:58:38,159 log 33244 32292 "POST /api/quizzes/questions/ HTTP/1.1" 400 36
INFO 2026-01-29 13:59:01,487 log 33244 32292 "POST /api/quizzes/questions/ HTTP/1.1" 201 262
INFO 2026-01-29 13:59:13,301 log 33244 33324 "GET /admin/quizzes/question/ HTTP/1.1" 200 25712
INFO 2026-01-29 13:59:13,556 log 33244 33324 "GET /admin/jsi18n/ HTTP/1.1" 200 3342
INFO 2026-01-29 13:59:32,979 log 33244 32292 "POST /api/quizzes/questions/ HTTP/1.1" 201 262
INFO 2026-01-29 13:59:37,358 log 33244 20124 "GET /admin/quizzes/question/ HTTP/1.1" 200 26316
INFO 2026-01-29 13:59:37,468 log 33244 4548 "GET /admin/jsi18n/ HTTP/1.1" 200 3342
INFO 2026-01-29 14:00:59,083 log 33244 26664 "POST /api/quizzes/questions/ HTTP/1.1" 201 219
INFO 2026-01-29 14:01:09,613 log 33244 26664 "POST /api/quizzes/questions/ HTTP/1.1" 201 211
INFO 2026-01-29 14:01:33,129 log 33244 22496 "GET /admin/quizzes/question/ HTTP/1.1" 200 27546
INFO 2026-01-29 14:01:33,274 log 33244 22496 "GET /admin/jsi18n/ HTTP/1.1" 200 3342
INFO 2026-01-29 14:01:41,090 log 33244 26664 "POST /api/quizzes/questions/ HTTP/1.1" 201 307
INFO 2026-01-29 14:01:43,343 log 33244 29692 "GET /admin/quizzes/question/ HTTP/1.1" 200 28232
INFO 2026-01-29 14:01:43,440 log 33244 29692 "GET /admin/jsi18n/ HTTP/1.1" 200 3342
WARNING 2026-01-29 14:02:17,360 log 33244 26664 Not Found: /api/quizzes/questions/4/
WARNING 2026-01-29 14:02:17,362 log 33244 26664 "PATCH /api/quizzes/questions/4/ HTTP/1.1" 404 49
WARNING 2026-01-29 14:02:22,286 log 33244 26664 Not Found: /api/quizzes/questions/3/
WARNING 2026-01-29 14:02:22,286 log 33244 26664 "PATCH /api/quizzes/questions/3/ HTTP/1.1" 404 49
INFO 2026-01-29 14:02:29,137 log 33244 26664 "GET /api/quizzes/questions HTTP/1.1" 301 0
INFO 2026-01-29 14:02:29,246 log 33244 26664 "GET /api/quizzes/questions/ HTTP/1.1" 200 1805
INFO 2026-01-29 14:02:49,804 log 33244 26664 "GET /api/quizzes/questions/?quiz_id=3 HTTP/1.1" 200 1805
WARNING 2026-01-29 14:03:06,681 log 33244 26664 Not Found: /api/quizzes/questions/3/
WARNING 2026-01-29 14:03:06,683 log 33244 26664 "PATCH /api/quizzes/questions/3/ HTTP/1.1" 404 49
WARNING 2026-01-29 14:03:13,545 log 33244 26664 Not Found: /api/quizzes/questions/3/
WARNING 2026-01-29 14:03:13,547 log 33244 26664 "PATCH /api/quizzes/questions/3/ HTTP/1.1" 404 49
INFO 2026-01-29 14:03:16,139 log 33244 26664 "GET /api/quizzes/questions/?quiz_id=3 HTTP/1.1" 200 1805
INFO 2026-01-29 14:03:25,146 log 33244 26664 "PATCH /api/quizzes/questions/17/ HTTP/1.1" 200 295
INFO 2026-01-29 14:03:32,466 log 33244 19812 "GET /admin/quizzes/question/ HTTP/1.1" 200 28286
INFO 2026-01-29 14:03:32,684 log 33244 19812 "GET /admin/jsi18n/ HTTP/1.1" 200 3342
INFO 2026-01-29 14:04:08,182 log 33244 26664 "DELETE /api/quizzes/questions/17/ HTTP/1.1" 204 0
INFO 2026-01-29 14:04:13,781 log 33244 33040 "GET /admin/quizzes/question/ HTTP/1.1" 200 27578
INFO 2026-01-29 14:04:13,876 log 33244 33040 "GET /admin/jsi18n/ HTTP/1.1" 200 3342
INFO 2026-01-29 14:06:12,264 log 33244 23264 "GET /admin/users/customuser/ HTTP/1.1" 200 29097
INFO 2026-01-29 14:06:12,373 log 33244 23264 "GET /admin/jsi18n/ HTTP/1.1" 200 3342
INFO 2026-01-29 14:06:19,426 log 33244 23264 "GET /admin/users/customuser/15/change/ HTTP/1.1" 200 41807
INFO 2026-01-29 14:06:19,479 log 33244 23264 "GET /static/admin/css/forms.css HTTP/1.1" 304 0
INFO 2026-01-29 14:06:19,481 log 33244 33872 "GET /static/admin/js/SelectFilter2.js HTTP/1.1" 304 0
INFO 2026-01-29 14:06:19,481 log 33244 940 "GET /static/admin/js/SelectBox.js HTTP/1.1" 304 0
INFO 2026-01-29 14:06:19,485 log 33244 940 "GET /static/admin/css/widgets.css HTTP/1.1" 304 0
INFO 2026-01-29 14:06:19,487 log 33244 33872 "GET /static/admin/js/prepopulate_init.js HTTP/1.1" 304 0
INFO 2026-01-29 14:06:19,491 log 33244 33872 "GET /static/admin/js/change_form.js HTTP/1.1" 304 0
INFO 2026-01-29 14:06:19,533 log 33244 27912 "GET /admin/jsi18n/ HTTP/1.1" 200 3342
INFO 2026-01-29 14:06:20,536 log 33244 27912 "GET /admin/users/customuser/15/password/ HTTP/1.1" 200 21168
INFO 2026-01-29 14:06:20,575 log 33244 33872 "GET /static/admin/css/unusable_password_field.css HTTP/1.1" 304 0
INFO 2026-01-29 14:06:20,575 log 33244 27912 "GET /static/admin/img/icon-alert.svg HTTP/1.1" 304 0
INFO 2026-01-29 14:06:39,395 log 33244 20384 "POST /admin/users/customuser/15/password/ HTTP/1.1" 302 0
INFO 2026-01-29 14:06:39,527 log 33244 20384 "GET /admin/users/customuser/15/change/ HTTP/1.1" 200 41943
INFO 2026-01-29 14:06:39,666 log 33244 20384 "GET /admin/jsi18n/ HTTP/1.1" 200 3342
INFO 2026-01-29 14:07:42,538 basehttp 33244 34448 - Broken pipe from ('127.0.0.1', 63117)
INFO 2026-01-29 14:07:44,089 log 33244 34556 "POST /api/users/auth/login/ HTTP/1.1" 200 685
INFO 2026-01-29 14:17:45,662 log 33244 31192 "GET /api/payments/ HTTP/1.1" 200 453
INFO 2026-01-29 14:18:16,901 log 33244 31192 "GET /api/payments/wallets/my_wallet/ HTTP/1.1" 200 203
INFO 2026-01-29 14:18:49,791 log 33244 16276 "GET /admin/courses/enrollment/ HTTP/1.1" 200 26293
INFO 2026-01-29 14:18:50,005 log 33244 16276 "GET /admin/jsi18n/ HTTP/1.1" 200 3342
INFO 2026-01-29 14:19:19,629 log 33244 1964 "GET /admin/payments/purchase/ HTTP/1.1" 200 27030
INFO 2026-01-29 14:19:19,725 log 33244 1964 "GET /admin/jsi18n/ HTTP/1.1" 200 3342
INFO 2026-01-29 14:22:17,723 log 33244 2936 "GET /api/payments/purchases/ HTTP/1.1" 200 770
INFO 2026-01-29 14:22:36,603 log 33244 2936 "GET /api/payments/purchases/ HTTP/1.1" 200 1481
INFO 2026-01-29 14:22:41,854 log 33244 2936 "GET /api/payments/purchases/ HTTP/1.1" 200 770
INFO 2026-01-29 14:22:44,301 log 33244 2936 "GET /api/payments/purchases/ HTTP/1.1" 200 770
WARNING 2026-01-29 14:23:20,245 log 33244 2936 Forbidden: /api/payments/purchases/57/refund/
WARNING 2026-01-29 14:23:20,246 log 33244 2936 "POST /api/payments/purchases/57/refund/ HTTP/1.1" 403 63
INFO 2026-01-29 14:23:33,219 services 33244 2936 Payment Action: refund - Actor: admin1@test.com - Student: student111@example.com - Amount: 500.00 - IP: N/A
INFO 2026-01-29 14:23:33,254 services 33244 2936 Payment Action: course_stats_updated - Actor: System - Student: N/A - Amount: N/A - IP: N/A
WARNING 2026-01-29 14:23:33,284 log 33244 2936 Bad Request: /api/payments/purchases/57/refund/
WARNING 2026-01-29 14:23:33,285 log 33244 2936 "POST /api/payments/purchases/57/refund/ HTTP/1.1" 400 67
WARNING 2026-01-29 14:23:49,391 log 33244 2936 Unsupported Media Type: /api/payments/purchases/57/refund/
WARNING 2026-01-29 14:23:49,392 log 33244 2936 "POST /api/payments/purchases/57/refund/ HTTP/1.1" 415 62
WARNING 2026-01-29 14:24:08,916 log 33244 2936 Unsupported Media Type: /api/payments/purchases/57/refund/
WARNING 2026-01-29 14:24:08,916 log 33244 2936 "POST /api/payments/purchases/57/refund/ HTTP/1.1" 415 62
INFO 2026-01-29 14:24:22,990 services 33244 2936 Payment Action: refund - Actor: admin1@test.com - Student: student111@example.com - Amount: 500.00 - IP: N/A
INFO 2026-01-29 14:24:23,006 services 33244 2936 Payment Action: course_stats_updated - Actor: System - Student: N/A - Amount: N/A - IP: N/A
WARNING 2026-01-29 14:24:23,018 log 33244 2936 Bad Request: /api/payments/purchases/57/refund/
WARNING 2026-01-29 14:24:23,018 log 33244 2936 "POST /api/payments/purchases/57/refund/ HTTP/1.1" 400 67
INFO 2026-01-29 14:24:31,573 services 33244 2936 Payment Action: refund - Actor: admin1@test.com - Student: student111@example.com - Amount: 500.00 - IP: N/A
INFO 2026-01-29 14:24:31,585 services 33244 2936 Payment Action: course_stats_updated - Actor: System - Student: N/A - Amount: N/A - IP: N/A
WARNING 2026-01-29 14:24:31,593 log 33244 2936 Bad Request: /api/payments/purchases/57/refund/
WARNING 2026-01-29 14:24:31,594 log 33244 2936 "POST /api/payments/purchases/57/refund/ HTTP/1.1" 400 67
INFO 2026-01-29 14:24:34,991 services 33244 2936 Payment Action: refund - Actor: admin1@test.com - Student: student111@example.com - Amount: 500.00 - IP: N/A
INFO 2026-01-29 14:24:35,007 services 33244 2936 Payment Action: course_stats_updated - Actor: System - Student: N/A - Amount: N/A - IP: N/A
WARNING 2026-01-29 14:24:35,018 log 33244 2936 Bad Request: /api/payments/purchases/57/refund/
WARNING 2026-01-29 14:24:35,020 log 33244 2936 "POST /api/payments/purchases/57/refund/ HTTP/1.1" 400 67
INFO 2026-01-29 14:24:43,944 log 33244 19528 "GET /admin/payments/transaction/ HTTP/1.1" 200 31790
INFO 2026-01-29 14:24:44,111 log 33244 19528 "GET /admin/jsi18n/ HTTP/1.1" 200 3342
INFO 2026-01-29 14:27:07,911 autoreload 33244 17652 C:\Users\fadyb\OneDrive\Desktop\projects\final_test\Lms_BE\payments\services.py changed, reloading.
INFO 2026-01-29 14:27:11,260 autoreload 24624 2640 Watching for file changes with StatReloader
INFO 2026-01-29 14:27:37,007 autoreload 24624 2640 C:\Users\fadyb\OneDrive\Desktop\projects\final_test\Lms_BE\payments\services.py changed, reloading.
INFO 2026-01-29 14:27:38,143 autoreload 13884 4868 Watching for file changes with StatReloader
INFO 2026-01-29 14:27:45,927 services 13884 14108 Payment Action: refund - Actor: admin1@test.com - Student: N/A - Amount: N/A - IP: N/A
INFO 2026-01-29 14:27:45,968 services 13884 14108 Payment Action: course_stats_updated - Actor: System - Student: N/A - Amount: N/A - IP: N/A
INFO 2026-01-29 14:27:45,988 services 13884 14108 Payment Action: refund - Actor: System - Student: N/A - Amount: N/A - IP: N/A
WARNING 2026-01-29 14:27:45,994 log 13884 14108 Bad Request: /api/payments/purchases/57/refund/
WARNING 2026-01-29 14:27:45,995 log 13884 14108 "POST /api/payments/purchases/57/refund/ HTTP/1.1" 400 79
INFO 2026-01-29 14:29:12,849 autoreload 13884 4868 C:\Users\fadyb\OneDrive\Desktop\projects\final_test\Lms_BE\courses\services.py changed, reloading.
INFO 2026-01-29 14:29:14,361 autoreload 3172 22160 Watching for file changes with StatReloader
INFO 2026-01-29 14:29:17,516 autoreload 3172 22160 C:\Users\fadyb\OneDrive\Desktop\projects\final_test\Lms_BE\courses\services.py changed, reloading.
INFO 2026-01-29 14:29:18,701 autoreload 32852 8620 Watching for file changes with StatReloader
INFO 2026-01-29 14:29:37,930 services 32852 21356 Payment Action: refund - Actor: admin1@test.com - Student: N/A - Amount: N/A - IP: N/A
INFO 2026-01-29 14:29:37,958 services 32852 21356 Payment Action: course_stats_updated - Actor: System - Student: N/A - Amount: N/A - IP: N/A
INFO 2026-01-29 14:29:37,976 services 32852 21356 Payment Action: refund - Actor: System - Student: N/A - Amount: N/A - IP: N/A
INFO 2026-01-29 14:29:38,024 services 32852 21356 Payment Action: refund - Actor: admin1@test.com - Student: N/A - Amount: N/A - IP: N/A
INFO 2026-01-29 14:29:38,086 log 32852 21356 "POST /api/payments/purchases/57/refund/ HTTP/1.1" 200 422
INFO 2026-01-29 14:29:44,349 log 32852 23884 "GET /admin/payments/transaction/ HTTP/1.1" 200 32530
INFO 2026-01-29 14:29:44,615 log 32852 23884 "GET /admin/jsi18n/ HTTP/1.1" 200 3342
INFO 2026-01-29 14:30:04,618 log 32852 24740 "GET /api/payments/wallets/my_wallet/ HTTP/1.1" 200 203
INFO 2026-01-29 14:37:39,105 autoreload 32852 8620 C:\Users\fadyb\OneDrive\Desktop\projects\final_test\Lms_BE\reports\services.py changed, reloading.
INFO 2026-01-29 14:37:40,901 autoreload 30640 4764 Watching for file changes with StatReloader
INFO 2026-01-29 14:38:26,108 autoreload 30640 4764 C:\Users\fadyb\OneDrive\Desktop\projects\final_test\Lms_BE\reports\services.py changed, reloading.
INFO 2026-01-29 14:38:27,637 autoreload 23212 34704 Watching for file changes with StatReloader
WARNING 2026-01-29 16:26:59,719 log 7 128211644783400 Not Found: /
WARNING 2026-01-29 16:29:56,980 log 7 128211644783400 Not Found: /
WARNING 2026-01-29 16:54:27,043 log 7 133003824806696 Not Found: /
ERROR 2026-01-29 17:02:21,970 log 7 138963164945192 Internal Server Error: /api/users/auth/login/
Traceback (most recent call last):
  File "/usr/local/lib/python3.12/site-packages/django/db/backends/utils.py", line 105, in _execute
    return self.cursor.execute(sql, params)
           ^^^^^^^^^^^^^^^^^^^^^^^^^^^^^^^^
psycopg2.errors.UndefinedTable: relation "users_customuser" does not exist
LINE 1: ..."is_staff", "users_customuser"."date_joined" FROM "users_cus...
                                                             ^


The above exception was the direct cause of the following exception:

Traceback (most recent call last):
  File "/usr/local/lib/python3.12/site-packages/django/core/handlers/exception.py", line 55, in inner
    response = get_response(request)
               ^^^^^^^^^^^^^^^^^^^^^
  File "/usr/local/lib/python3.12/site-packages/django/core/handlers/base.py", line 198, in _get_response
    response = wrapped_callback(request, *callback_args, **callback_kwargs)
               ^^^^^^^^^^^^^^^^^^^^^^^^^^^^^^^^^^^^^^^^^^^^^^^^^^^^^^^^^^^^
  File "/usr/local/lib/python3.12/site-packages/django/views/decorators/csrf.py", line 65, in _view_wrapper
    return view_func(request, *args, **kwargs)
           ^^^^^^^^^^^^^^^^^^^^^^^^^^^^^^^^^^^
  File "/usr/local/lib/python3.12/site-packages/rest_framework/viewsets.py", line 125, in view
    return self.dispatch(request, *args, **kwargs)
           ^^^^^^^^^^^^^^^^^^^^^^^^^^^^^^^^^^^^^^^
  File "/usr/local/lib/python3.12/site-packages/rest_framework/views.py", line 515, in dispatch
    response = self.handle_exception(exc)
               ^^^^^^^^^^^^^^^^^^^^^^^^^^
  File "/usr/local/lib/python3.12/site-packages/rest_framework/views.py", line 475, in handle_exception
    self.raise_uncaught_exception(exc)
  File "/usr/local/lib/python3.12/site-packages/rest_framework/views.py", line 486, in raise_uncaught_exception
    raise exc
  File "/usr/local/lib/python3.12/site-packages/rest_framework/views.py", line 512, in dispatch
    response = handler(request, *args, **kwargs)
               ^^^^^^^^^^^^^^^^^^^^^^^^^^^^^^^^^
  File "/app/users/views.py", line 143, in login
    serializer.is_valid(raise_exception=True)
  File "/usr/local/lib/python3.12/site-packages/rest_framework/serializers.py", line 225, in is_valid
    self._validated_data = self.run_validation(self.initial_data)
                           ^^^^^^^^^^^^^^^^^^^^^^^^^^^^^^^^^^^^^^
  File "/usr/local/lib/python3.12/site-packages/rest_framework/serializers.py", line 447, in run_validation
    value = self.validate(value)
            ^^^^^^^^^^^^^^^^^^^^
  File "/app/users/serializers.py", line 114, in validate
    user = authenticate(
           ^^^^^^^^^^^^^
  File "/usr/local/lib/python3.12/site-packages/django/views/decorators/debug.py", line 75, in sensitive_variables_wrapper
    return func(*func_args, **func_kwargs)
           ^^^^^^^^^^^^^^^^^^^^^^^^^^^^^^^
  File "/usr/local/lib/python3.12/site-packages/django/contrib/auth/__init__.py", line 114, in authenticate
    user = backend.authenticate(request, **credentials)
           ^^^^^^^^^^^^^^^^^^^^^^^^^^^^^^^^^^^^^^^^^^^^
  File "/usr/local/lib/python3.12/site-packages/django/contrib/auth/backends.py", line 65, in authenticate
    user = UserModel._default_manager.get_by_natural_key(username)
           ^^^^^^^^^^^^^^^^^^^^^^^^^^^^^^^^^^^^^^^^^^^^^^^^^^^^^^^
  File "/app/users/models.py", line 38, in get_by_natural_key
    return self.get(email=email)
           ^^^^^^^^^^^^^^^^^^^^^
  File "/usr/local/lib/python3.12/site-packages/django/db/models/manager.py", line 87, in manager_method
    return getattr(self.get_queryset(), name)(*args, **kwargs)
           ^^^^^^^^^^^^^^^^^^^^^^^^^^^^^^^^^^^^^^^^^^^^^^^^^^^
  File "/usr/local/lib/python3.12/site-packages/django/db/models/query.py", line 635, in get
    num = len(clone)
          ^^^^^^^^^^
  File "/usr/local/lib/python3.12/site-packages/django/db/models/query.py", line 372, in __len__
    self._fetch_all()
  File "/usr/local/lib/python3.12/site-packages/django/db/models/query.py", line 2000, in _fetch_all
    self._result_cache = list(self._iterable_class(self))
                         ^^^^^^^^^^^^^^^^^^^^^^^^^^^^^^^^
  File "/usr/local/lib/python3.12/site-packages/django/db/models/query.py", line 95, in __iter__
    results = compiler.execute_sql(
              ^^^^^^^^^^^^^^^^^^^^^
  File "/usr/local/lib/python3.12/site-packages/django/db/models/sql/compiler.py", line 1624, in execute_sql
    cursor.execute(sql, params)
  File "/usr/local/lib/python3.12/site-packages/django/db/backends/utils.py", line 79, in execute
    return self._execute_with_wrappers(
           ^^^^^^^^^^^^^^^^^^^^^^^^^^^^
  File "/usr/local/lib/python3.12/site-packages/django/db/backends/utils.py", line 92, in _execute_with_wrappers
    return executor(sql, params, many, context)
           ^^^^^^^^^^^^^^^^^^^^^^^^^^^^^^^^^^^^
  File "/usr/local/lib/python3.12/site-packages/django/db/backends/utils.py", line 100, in _execute
    with self.db.wrap_database_errors:
         ^^^^^^^^^^^^^^^^^^^^^^^^^^^^
  File "/usr/local/lib/python3.12/site-packages/django/db/utils.py", line 94, in __exit__
    raise dj_exc_value.with_traceback(traceback) from exc_value
  File "/usr/local/lib/python3.12/site-packages/django/db/backends/utils.py", line 105, in _execute
    return self.cursor.execute(sql, params)
           ^^^^^^^^^^^^^^^^^^^^^^^^^^^^^^^^
django.db.utils.ProgrammingError: relation "users_customuser" does not exist
LINE 1: ..."is_staff", "users_customuser"."date_joined" FROM "users_cus...
                                                             ^

WARNING 2026-01-29 17:02:32,292 log 7 138963164945192 Bad Request: /api/users/auth/login/
ERROR 2026-01-29 17:02:44,184 log 7 138963164945192 Internal Server Error: /api/users/auth/login/
Traceback (most recent call last):
  File "/usr/local/lib/python3.12/site-packages/django/db/backends/utils.py", line 105, in _execute
    return self.cursor.execute(sql, params)
           ^^^^^^^^^^^^^^^^^^^^^^^^^^^^^^^^
psycopg2.errors.UndefinedTable: relation "users_customuser" does not exist
LINE 1: ..."is_staff", "users_customuser"."date_joined" FROM "users_cus...
                                                             ^


The above exception was the direct cause of the following exception:

Traceback (most recent call last):
  File "/usr/local/lib/python3.12/site-packages/django/core/handlers/exception.py", line 55, in inner
    response = get_response(request)
               ^^^^^^^^^^^^^^^^^^^^^
  File "/usr/local/lib/python3.12/site-packages/django/core/handlers/base.py", line 198, in _get_response
    response = wrapped_callback(request, *callback_args, **callback_kwargs)
               ^^^^^^^^^^^^^^^^^^^^^^^^^^^^^^^^^^^^^^^^^^^^^^^^^^^^^^^^^^^^
  File "/usr/local/lib/python3.12/site-packages/django/views/decorators/csrf.py", line 65, in _view_wrapper
    return view_func(request, *args, **kwargs)
           ^^^^^^^^^^^^^^^^^^^^^^^^^^^^^^^^^^^
  File "/usr/local/lib/python3.12/site-packages/rest_framework/viewsets.py", line 125, in view
    return self.dispatch(request, *args, **kwargs)
           ^^^^^^^^^^^^^^^^^^^^^^^^^^^^^^^^^^^^^^^
  File "/usr/local/lib/python3.12/site-packages/rest_framework/views.py", line 515, in dispatch
    response = self.handle_exception(exc)
               ^^^^^^^^^^^^^^^^^^^^^^^^^^
  File "/usr/local/lib/python3.12/site-packages/rest_framework/views.py", line 475, in handle_exception
    self.raise_uncaught_exception(exc)
  File "/usr/local/lib/python3.12/site-packages/rest_framework/views.py", line 486, in raise_uncaught_exception
    raise exc
  File "/usr/local/lib/python3.12/site-packages/rest_framework/views.py", line 512, in dispatch
    response = handler(request, *args, **kwargs)
               ^^^^^^^^^^^^^^^^^^^^^^^^^^^^^^^^^
  File "/app/users/views.py", line 143, in login
    serializer.is_valid(raise_exception=True)
  File "/usr/local/lib/python3.12/site-packages/rest_framework/serializers.py", line 225, in is_valid
    self._validated_data = self.run_validation(self.initial_data)
                           ^^^^^^^^^^^^^^^^^^^^^^^^^^^^^^^^^^^^^^
  File "/usr/local/lib/python3.12/site-packages/rest_framework/serializers.py", line 447, in run_validation
    value = self.validate(value)
            ^^^^^^^^^^^^^^^^^^^^
  File "/app/users/serializers.py", line 114, in validate
    user = authenticate(
           ^^^^^^^^^^^^^
  File "/usr/local/lib/python3.12/site-packages/django/views/decorators/debug.py", line 75, in sensitive_variables_wrapper
    return func(*func_args, **func_kwargs)
           ^^^^^^^^^^^^^^^^^^^^^^^^^^^^^^^
  File "/usr/local/lib/python3.12/site-packages/django/contrib/auth/__init__.py", line 114, in authenticate
    user = backend.authenticate(request, **credentials)
           ^^^^^^^^^^^^^^^^^^^^^^^^^^^^^^^^^^^^^^^^^^^^
  File "/usr/local/lib/python3.12/site-packages/django/contrib/auth/backends.py", line 65, in authenticate
    user = UserModel._default_manager.get_by_natural_key(username)
           ^^^^^^^^^^^^^^^^^^^^^^^^^^^^^^^^^^^^^^^^^^^^^^^^^^^^^^^
  File "/app/users/models.py", line 38, in get_by_natural_key
    return self.get(email=email)
           ^^^^^^^^^^^^^^^^^^^^^
  File "/usr/local/lib/python3.12/site-packages/django/db/models/manager.py", line 87, in manager_method
    return getattr(self.get_queryset(), name)(*args, **kwargs)
           ^^^^^^^^^^^^^^^^^^^^^^^^^^^^^^^^^^^^^^^^^^^^^^^^^^^
  File "/usr/local/lib/python3.12/site-packages/django/db/models/query.py", line 635, in get
    num = len(clone)
          ^^^^^^^^^^
  File "/usr/local/lib/python3.12/site-packages/django/db/models/query.py", line 372, in __len__
    self._fetch_all()
  File "/usr/local/lib/python3.12/site-packages/django/db/models/query.py", line 2000, in _fetch_all
    self._result_cache = list(self._iterable_class(self))
                         ^^^^^^^^^^^^^^^^^^^^^^^^^^^^^^^^
  File "/usr/local/lib/python3.12/site-packages/django/db/models/query.py", line 95, in __iter__
    results = compiler.execute_sql(
              ^^^^^^^^^^^^^^^^^^^^^
  File "/usr/local/lib/python3.12/site-packages/django/db/models/sql/compiler.py", line 1624, in execute_sql
    cursor.execute(sql, params)
  File "/usr/local/lib/python3.12/site-packages/django/db/backends/utils.py", line 79, in execute
    return self._execute_with_wrappers(
           ^^^^^^^^^^^^^^^^^^^^^^^^^^^^
  File "/usr/local/lib/python3.12/site-packages/django/db/backends/utils.py", line 92, in _execute_with_wrappers
    return executor(sql, params, many, context)
           ^^^^^^^^^^^^^^^^^^^^^^^^^^^^^^^^^^^^
  File "/usr/local/lib/python3.12/site-packages/django/db/backends/utils.py", line 100, in _execute
    with self.db.wrap_database_errors:
         ^^^^^^^^^^^^^^^^^^^^^^^^^^^^
  File "/usr/local/lib/python3.12/site-packages/django/db/utils.py", line 94, in __exit__
    raise dj_exc_value.with_traceback(traceback) from exc_value
  File "/usr/local/lib/python3.12/site-packages/django/db/backends/utils.py", line 105, in _execute
    return self.cursor.execute(sql, params)
           ^^^^^^^^^^^^^^^^^^^^^^^^^^^^^^^^
django.db.utils.ProgrammingError: relation "users_customuser" does not exist
LINE 1: ..."is_staff", "users_customuser"."date_joined" FROM "users_cus...
                                                             ^

ERROR 2026-01-29 17:03:20,939 log 7 138963164945192 Internal Server Error: /api/users/auth/login/
Traceback (most recent call last):
  File "/usr/local/lib/python3.12/site-packages/django/db/backends/utils.py", line 105, in _execute
    return self.cursor.execute(sql, params)
           ^^^^^^^^^^^^^^^^^^^^^^^^^^^^^^^^
psycopg2.errors.UndefinedTable: relation "users_customuser" does not exist
LINE 1: ..."is_staff", "users_customuser"."date_joined" FROM "users_cus...
                                                             ^


The above exception was the direct cause of the following exception:

Traceback (most recent call last):
  File "/usr/local/lib/python3.12/site-packages/django/core/handlers/exception.py", line 55, in inner
    response = get_response(request)
               ^^^^^^^^^^^^^^^^^^^^^
  File "/usr/local/lib/python3.12/site-packages/django/core/handlers/base.py", line 198, in _get_response
    response = wrapped_callback(request, *callback_args, **callback_kwargs)
               ^^^^^^^^^^^^^^^^^^^^^^^^^^^^^^^^^^^^^^^^^^^^^^^^^^^^^^^^^^^^
  File "/usr/local/lib/python3.12/site-packages/django/views/decorators/csrf.py", line 65, in _view_wrapper
    return view_func(request, *args, **kwargs)
           ^^^^^^^^^^^^^^^^^^^^^^^^^^^^^^^^^^^
  File "/usr/local/lib/python3.12/site-packages/rest_framework/viewsets.py", line 125, in view
    return self.dispatch(request, *args, **kwargs)
           ^^^^^^^^^^^^^^^^^^^^^^^^^^^^^^^^^^^^^^^
  File "/usr/local/lib/python3.12/site-packages/rest_framework/views.py", line 515, in dispatch
    response = self.handle_exception(exc)
               ^^^^^^^^^^^^^^^^^^^^^^^^^^
  File "/usr/local/lib/python3.12/site-packages/rest_framework/views.py", line 475, in handle_exception
    self.raise_uncaught_exception(exc)
  File "/usr/local/lib/python3.12/site-packages/rest_framework/views.py", line 486, in raise_uncaught_exception
    raise exc
  File "/usr/local/lib/python3.12/site-packages/rest_framework/views.py", line 512, in dispatch
    response = handler(request, *args, **kwargs)
               ^^^^^^^^^^^^^^^^^^^^^^^^^^^^^^^^^
  File "/app/users/views.py", line 143, in login
    serializer.is_valid(raise_exception=True)
  File "/usr/local/lib/python3.12/site-packages/rest_framework/serializers.py", line 225, in is_valid
    self._validated_data = self.run_validation(self.initial_data)
                           ^^^^^^^^^^^^^^^^^^^^^^^^^^^^^^^^^^^^^^
  File "/usr/local/lib/python3.12/site-packages/rest_framework/serializers.py", line 447, in run_validation
    value = self.validate(value)
            ^^^^^^^^^^^^^^^^^^^^
  File "/app/users/serializers.py", line 114, in validate
    user = authenticate(
           ^^^^^^^^^^^^^
  File "/usr/local/lib/python3.12/site-packages/django/views/decorators/debug.py", line 75, in sensitive_variables_wrapper
    return func(*func_args, **func_kwargs)
           ^^^^^^^^^^^^^^^^^^^^^^^^^^^^^^^
  File "/usr/local/lib/python3.12/site-packages/django/contrib/auth/__init__.py", line 114, in authenticate
    user = backend.authenticate(request, **credentials)
           ^^^^^^^^^^^^^^^^^^^^^^^^^^^^^^^^^^^^^^^^^^^^
  File "/usr/local/lib/python3.12/site-packages/django/contrib/auth/backends.py", line 65, in authenticate
    user = UserModel._default_manager.get_by_natural_key(username)
           ^^^^^^^^^^^^^^^^^^^^^^^^^^^^^^^^^^^^^^^^^^^^^^^^^^^^^^^
  File "/app/users/models.py", line 38, in get_by_natural_key
    return self.get(email=email)
           ^^^^^^^^^^^^^^^^^^^^^
  File "/usr/local/lib/python3.12/site-packages/django/db/models/manager.py", line 87, in manager_method
    return getattr(self.get_queryset(), name)(*args, **kwargs)
           ^^^^^^^^^^^^^^^^^^^^^^^^^^^^^^^^^^^^^^^^^^^^^^^^^^^
  File "/usr/local/lib/python3.12/site-packages/django/db/models/query.py", line 635, in get
    num = len(clone)
          ^^^^^^^^^^
  File "/usr/local/lib/python3.12/site-packages/django/db/models/query.py", line 372, in __len__
    self._fetch_all()
  File "/usr/local/lib/python3.12/site-packages/django/db/models/query.py", line 2000, in _fetch_all
    self._result_cache = list(self._iterable_class(self))
                         ^^^^^^^^^^^^^^^^^^^^^^^^^^^^^^^^
  File "/usr/local/lib/python3.12/site-packages/django/db/models/query.py", line 95, in __iter__
    results = compiler.execute_sql(
              ^^^^^^^^^^^^^^^^^^^^^
  File "/usr/local/lib/python3.12/site-packages/django/db/models/sql/compiler.py", line 1624, in execute_sql
    cursor.execute(sql, params)
  File "/usr/local/lib/python3.12/site-packages/django/db/backends/utils.py", line 79, in execute
    return self._execute_with_wrappers(
           ^^^^^^^^^^^^^^^^^^^^^^^^^^^^
  File "/usr/local/lib/python3.12/site-packages/django/db/backends/utils.py", line 92, in _execute_with_wrappers
    return executor(sql, params, many, context)
           ^^^^^^^^^^^^^^^^^^^^^^^^^^^^^^^^^^^^
  File "/usr/local/lib/python3.12/site-packages/django/db/backends/utils.py", line 100, in _execute
    with self.db.wrap_database_errors:
         ^^^^^^^^^^^^^^^^^^^^^^^^^^^^
  File "/usr/local/lib/python3.12/site-packages/django/db/utils.py", line 94, in __exit__
    raise dj_exc_value.with_traceback(traceback) from exc_value
  File "/usr/local/lib/python3.12/site-packages/django/db/backends/utils.py", line 105, in _execute
    return self.cursor.execute(sql, params)
           ^^^^^^^^^^^^^^^^^^^^^^^^^^^^^^^^
django.db.utils.ProgrammingError: relation "users_customuser" does not exist
LINE 1: ..."is_staff", "users_customuser"."date_joined" FROM "users_cus...
                                                             ^

DEBUG 2026-01-29 17:06:05,464 schema 86 140285544102696 CREATE TABLE "django_migrations" ("id" bigint NOT NULL PRIMARY KEY GENERATED BY DEFAULT AS IDENTITY, "app" varchar(255) NOT NULL, "name" varchar(255) NOT NULL, "applied" timestamp with time zone NOT NULL); (params None)
DEBUG 2026-01-29 17:06:05,645 schema 86 140285544102696 CREATE TABLE "django_content_type" ("id" integer NOT NULL PRIMARY KEY GENERATED BY DEFAULT AS IDENTITY, "name" varchar(100) NOT NULL, "app_label" varchar(100) NOT NULL, "model" varchar(100) NOT NULL); (params None)
DEBUG 2026-01-29 17:06:05,662 schema 86 140285544102696 ALTER TABLE "django_content_type" ADD CONSTRAINT "django_content_type_app_label_model_76bd3d3b_uniq" UNIQUE ("app_label", "model"); (params None)
DEBUG 2026-01-29 17:06:05,732 schema 86 140285544102696 ALTER TABLE "django_content_type" ALTER COLUMN "name" DROP NOT NULL; (params None)
DEBUG 2026-01-29 17:06:05,735 schema 86 140285544102696 ALTER TABLE "django_content_type" DROP COLUMN "name"; (params None)
DEBUG 2026-01-29 17:06:05,753 schema 86 140285544102696 CREATE TABLE "auth_permission" ("id" integer NOT NULL PRIMARY KEY GENERATED BY DEFAULT AS IDENTITY, "name" varchar(50) NOT NULL, "content_type_id" integer NOT NULL, "codename" varchar(100) NOT NULL); (params None)
DEBUG 2026-01-29 17:06:05,774 schema 86 140285544102696 CREATE TABLE "auth_group" ("id" integer NOT NULL PRIMARY KEY GENERATED BY DEFAULT AS IDENTITY, "name" varchar(80) NOT NULL UNIQUE); (params None)
DEBUG 2026-01-29 17:06:05,802 schema 86 140285544102696 CREATE TABLE "auth_group_permissions" ("id" bigint NOT NULL PRIMARY KEY GENERATED BY DEFAULT AS IDENTITY, "group_id" integer NOT NULL, "permission_id" integer NOT NULL); (params None)
DEBUG 2026-01-29 17:06:05,826 schema 86 140285544102696 ALTER TABLE "auth_permission" ADD CONSTRAINT "auth_permission_content_type_id_codename_01ab375a_uniq" UNIQUE ("content_type_id", "codename"); (params None)
DEBUG 2026-01-29 17:06:05,841 schema 86 140285544102696 ALTER TABLE "auth_permission" ADD CONSTRAINT "auth_permission_content_type_id_2f476e4b_fk_django_co" FOREIGN KEY ("content_type_id") REFERENCES "django_content_type" ("id") DEFERRABLE INITIALLY DEFERRED; (params None)
DEBUG 2026-01-29 17:06:05,869 schema 86 140285544102696 CREATE INDEX "auth_permission_content_type_id_2f476e4b" ON "auth_permission" ("content_type_id"); (params None)
DEBUG 2026-01-29 17:06:05,883 schema 86 140285544102696 CREATE INDEX "auth_group_name_a6ea08ec_like" ON "auth_group" ("name" varchar_pattern_ops); (params None)
DEBUG 2026-01-29 17:06:05,903 schema 86 140285544102696 ALTER TABLE "auth_group_permissions" ADD CONSTRAINT "auth_group_permissions_group_id_permission_id_0cd325b0_uniq" UNIQUE ("group_id", "permission_id"); (params None)
DEBUG 2026-01-29 17:06:05,914 schema 86 140285544102696 ALTER TABLE "auth_group_permissions" ADD CONSTRAINT "auth_group_permissions_group_id_b120cbf9_fk_auth_group_id" FOREIGN KEY ("group_id") REFERENCES "auth_group" ("id") DEFERRABLE INITIALLY DEFERRED; (params None)
DEBUG 2026-01-29 17:06:05,923 schema 86 140285544102696 ALTER TABLE "auth_group_permissions" ADD CONSTRAINT "auth_group_permissio_permission_id_84c5c92e_fk_auth_perm" FOREIGN KEY ("permission_id") REFERENCES "auth_permission" ("id") DEFERRABLE INITIALLY DEFERRED; (params None)
DEBUG 2026-01-29 17:06:05,927 schema 86 140285544102696 CREATE INDEX "auth_group_permissions_group_id_b120cbf9" ON "auth_group_permissions" ("group_id"); (params None)
DEBUG 2026-01-29 17:06:05,941 schema 86 140285544102696 CREATE INDEX "auth_group_permissions_permission_id_84c5c92e" ON "auth_group_permissions" ("permission_id"); (params None)
DEBUG 2026-01-29 17:06:05,969 schema 86 140285544102696 ALTER TABLE "auth_permission" ALTER COLUMN "name" TYPE varchar(255); (params None)
DEBUG 2026-01-29 17:06:06,074 schema 86 140285544102696 ALTER TABLE "auth_group" ALTER COLUMN "name" TYPE varchar(150); (params None)
DEBUG 2026-01-29 17:06:06,128 schema 86 140285544102696 CREATE TABLE "users_customuser" ("id" bigint NOT NULL PRIMARY KEY GENERATED BY DEFAULT AS IDENTITY, "password" varchar(128) NOT NULL, "is_superuser" boolean NOT NULL, "email" varchar(254) NOT NULL UNIQUE, "role" varchar(10) NOT NULL, "is_active" boolean NOT NULL, "email_verified" boolean NOT NULL, "is_staff" boolean NOT NULL, "last_login" timestamp with time zone NULL, "date_joined" timestamp with time zone NOT NULL); (params None)
DEBUG 2026-01-29 17:06:06,159 schema 86 140285544102696 CREATE TABLE "users_customuser_groups" ("id" bigint NOT NULL PRIMARY KEY GENERATED BY DEFAULT AS IDENTITY, "customuser_id" bigint NOT NULL, "group_id" integer NOT NULL); (params None)
DEBUG 2026-01-29 17:06:06,175 schema 86 140285544102696 CREATE TABLE "users_customuser_user_permissions" ("id" bigint NOT NULL PRIMARY KEY GENERATED BY DEFAULT AS IDENTITY, "customuser_id" bigint NOT NULL, "permission_id" integer NOT NULL); (params None)
DEBUG 2026-01-29 17:06:06,204 schema 86 140285544102696 CREATE TABLE "users_studentprofile" ("id" bigint NOT NULL PRIMARY KEY GENERATED BY DEFAULT AS IDENTITY, "full_name" varchar(255) NOT NULL, "account_created_at" timestamp with time zone NOT NULL, "phone" varchar(20) NULL, "guardian_phone" varchar(20) NULL, "grade" varchar(50) NULL, "user_id" bigint NOT NULL UNIQUE); (params None)
DEBUG 2026-01-29 17:06:06,259 schema 86 140285544102696 CREATE TABLE "users_teacheradminprofile" ("id" bigint NOT NULL PRIMARY KEY GENERATED BY DEFAULT AS IDENTITY, "first_name" varchar(100) NOT NULL, "last_name" varchar(100) NOT NULL, "date_of_birth" date NULL, "gender" varchar(10) NULL, "specialization" varchar(255) NULL, "bio" text NULL, "phone" varchar(20) NULL, "email" varchar(254) NULL, "user_id" bigint NOT NULL UNIQUE); (params None)
DEBUG 2026-01-29 17:06:06,302 schema 86 140285544102696 CREATE INDEX "users_customuser_email_6445acef_like" ON "users_customuser" ("email" varchar_pattern_ops); (params None)
DEBUG 2026-01-29 17:06:06,315 schema 86 140285544102696 ALTER TABLE "users_customuser_groups" ADD CONSTRAINT "users_customuser_groups_customuser_id_group_id_76b619e3_uniq" UNIQUE ("customuser_id", "group_id"); (params None)
DEBUG 2026-01-29 17:06:06,325 schema 86 140285544102696 ALTER TABLE "users_customuser_groups" ADD CONSTRAINT "users_customuser_gro_customuser_id_958147bf_fk_users_cus" FOREIGN KEY ("customuser_id") REFERENCES "users_customuser" ("id") DEFERRABLE INITIALLY DEFERRED; (params None)
DEBUG 2026-01-29 17:06:06,330 schema 86 140285544102696 ALTER TABLE "users_customuser_groups" ADD CONSTRAINT "users_customuser_groups_group_id_01390b14_fk_auth_group_id" FOREIGN KEY ("group_id") REFERENCES "auth_group" ("id") DEFERRABLE INITIALLY DEFERRED; (params None)
DEBUG 2026-01-29 17:06:06,334 schema 86 140285544102696 CREATE INDEX "users_customuser_groups_customuser_id_958147bf" ON "users_customuser_groups" ("customuser_id"); (params None)
DEBUG 2026-01-29 17:06:06,348 schema 86 140285544102696 CREATE INDEX "users_customuser_groups_group_id_01390b14" ON "users_customuser_groups" ("group_id"); (params None)
DEBUG 2026-01-29 17:06:06,359 schema 86 140285544102696 ALTER TABLE "users_customuser_user_permissions" ADD CONSTRAINT "users_customuser_user_pe_customuser_id_permission_7a7debf6_uniq" UNIQUE ("customuser_id", "permission_id"); (params None)
DEBUG 2026-01-29 17:06:06,370 schema 86 140285544102696 ALTER TABLE "users_customuser_user_permissions" ADD CONSTRAINT "users_customuser_use_customuser_id_5771478b_fk_users_cus" FOREIGN KEY ("customuser_id") REFERENCES "users_customuser" ("id") DEFERRABLE INITIALLY DEFERRED; (params None)
DEBUG 2026-01-29 17:06:06,374 schema 86 140285544102696 ALTER TABLE "users_customuser_user_permissions" ADD CONSTRAINT "users_customuser_use_permission_id_baaa2f74_fk_auth_perm" FOREIGN KEY ("permission_id") REFERENCES "auth_permission" ("id") DEFERRABLE INITIALLY DEFERRED; (params None)
DEBUG 2026-01-29 17:06:06,377 schema 86 140285544102696 CREATE INDEX "users_customuser_user_permissions_customuser_id_5771478b" ON "users_customuser_user_permissions" ("customuser_id"); (params None)
DEBUG 2026-01-29 17:06:06,390 schema 86 140285544102696 CREATE INDEX "users_customuser_user_permissions_permission_id_baaa2f74" ON "users_customuser_user_permissions" ("permission_id"); (params None)
DEBUG 2026-01-29 17:06:06,399 schema 86 140285544102696 ALTER TABLE "users_studentprofile" ADD CONSTRAINT "users_studentprofile_user_id_d0e95184_fk_users_customuser_id" FOREIGN KEY ("user_id") REFERENCES "users_customuser" ("id") DEFERRABLE INITIALLY DEFERRED; (params None)
DEBUG 2026-01-29 17:06:06,402 schema 86 140285544102696 ALTER TABLE "users_teacheradminprofile" ADD CONSTRAINT "users_teacheradminpr_user_id_3a476563_fk_users_cus" FOREIGN KEY ("user_id") REFERENCES "users_customuser" ("id") DEFERRABLE INITIALLY DEFERRED; (params None)
DEBUG 2026-01-29 17:06:06,434 schema 86 140285544102696 CREATE TABLE "django_admin_log" ("id" integer NOT NULL PRIMARY KEY GENERATED BY DEFAULT AS IDENTITY, "action_time" timestamp with time zone NOT NULL, "object_id" text NULL, "object_repr" varchar(200) NOT NULL, "action_flag" smallint NOT NULL CHECK ("action_flag" >= 0), "change_message" text NOT NULL, "content_type_id" integer NULL, "user_id" bigint NOT NULL); (params None)
DEBUG 2026-01-29 17:06:06,487 schema 86 140285544102696 ALTER TABLE "django_admin_log" ADD CONSTRAINT "django_admin_log_content_type_id_c4bce8eb_fk_django_co" FOREIGN KEY ("content_type_id") REFERENCES "django_content_type" ("id") DEFERRABLE INITIALLY DEFERRED; (params None)
DEBUG 2026-01-29 17:06:06,495 schema 86 140285544102696 ALTER TABLE "django_admin_log" ADD CONSTRAINT "django_admin_log_user_id_c564eba6_fk_users_customuser_id" FOREIGN KEY ("user_id") REFERENCES "users_customuser" ("id") DEFERRABLE INITIALLY DEFERRED; (params None)
DEBUG 2026-01-29 17:06:06,502 schema 86 140285544102696 CREATE INDEX "django_admin_log_content_type_id_c4bce8eb" ON "django_admin_log" ("content_type_id"); (params None)
DEBUG 2026-01-29 17:06:06,519 schema 86 140285544102696 CREATE INDEX "django_admin_log_user_id_c564eba6" ON "django_admin_log" ("user_id"); (params None)
DEBUG 2026-01-29 17:06:06,582 schema 86 140285544102696 CREATE TABLE "courses_lecture" ("id" bigint NOT NULL PRIMARY KEY GENERATED BY DEFAULT AS IDENTITY, "title" varchar(255) NOT NULL, "description" text NOT NULL, "content" text NOT NULL, "video_url" varchar(200) NULL, "order" integer NOT NULL CHECK ("order" >= 0), "is_free" boolean NOT NULL, "duration_minutes" integer NOT NULL CHECK ("duration_minutes" >= 0), "created_at" timestamp with time zone NOT NULL, "updated_at" timestamp with time zone NOT NULL, "deleted_at" timestamp with time zone NULL); (params None)
DEBUG 2026-01-29 17:06:06,619 schema 86 140285544102696 CREATE TABLE "courses_course" ("id" bigint NOT NULL PRIMARY KEY GENERATED BY DEFAULT AS IDENTITY, "title" varchar(255) NOT NULL, "description" text NOT NULL, "status" varchar(20) NOT NULL, "price" numeric(10, 2) NOT NULL, "price_locked" boolean NOT NULL, "thumbnail" varchar(100) NULL, "category" varchar(100) NULL, "tags" jsonb NOT NULL, "difficulty_level" varchar(20) NOT NULL, "created_at" timestamp with time zone NOT NULL, "updated_at" timestamp with time zone NOT NULL, "published_at" timestamp with time zone NULL, "deleted_at" timestamp with time zone NULL, "rejection_reason" text NULL, "instructor_id" bigint NULL); (params None)
DEBUG 2026-01-29 17:06:06,663 schema 86 140285544102696 CREATE TABLE "courses_enrollment" ("id" bigint NOT NULL PRIMARY KEY GENERATED BY DEFAULT AS IDENTITY, "enrolled_at" timestamp with time zone NOT NULL, "completed_at" timestamp with time zone NULL, "progress_percentage" numeric(5, 2) NOT NULL, "course_id" bigint NOT NULL, "student_id" bigint NOT NULL); (params None)
DEBUG 2026-01-29 17:06:06,682 schema 86 140285544102696 CREATE TABLE "courses_lecturefile" ("id" bigint NOT NULL PRIMARY KEY GENERATED BY DEFAULT AS IDENTITY, "file" varchar(100) NOT NULL, "title" varchar(255) NOT NULL, "description" text NOT NULL, "is_free" boolean NOT NULL, "created_at" timestamp with time zone NOT NULL, "deleted_at" timestamp with time zone NULL, "lecture_id" bigint NOT NULL); (params None)
DEBUG 2026-01-29 17:06:06,721 schema 86 140285544102696 CREATE TABLE "courses_lectureprogress" ("id" bigint NOT NULL PRIMARY KEY GENERATED BY DEFAULT AS IDENTITY, "started_at" timestamp with time zone NOT NULL, "completed_at" timestamp with time zone NULL, "completed" boolean NOT NULL, "watch_time_seconds" integer NOT NULL CHECK ("watch_time_seconds" >= 0), "enrollment_id" bigint NOT NULL, "lecture_id" bigint NOT NULL); (params None)
DEBUG 2026-01-29 17:06:06,756 schema 86 140285544102696 CREATE TABLE "courses_section" ("id" bigint NOT NULL PRIMARY KEY GENERATED BY DEFAULT AS IDENTITY, "title" varchar(255) NOT NULL, "description" text NOT NULL, "order" integer NOT NULL CHECK ("order" >= 0), "created_at" timestamp with time zone NOT NULL, "updated_at" timestamp with time zone NOT NULL, "deleted_at" timestamp with time zone NULL, "course_id" bigint NOT NULL); (params None)
DEBUG 2026-01-29 17:06:06,800 schema 86 140285544102696 ALTER TABLE "courses_lecture" ADD COLUMN "section_id" bigint NOT NULL CONSTRAINT "courses_lecture_section_id_09d49e9c_fk_courses_section_id" REFERENCES "courses_section"("id") DEFERRABLE INITIALLY DEFERRED; SET CONSTRAINTS "courses_lecture_section_id_09d49e9c_fk_courses_section_id" IMMEDIATE; (params None)
DEBUG 2026-01-29 17:06:06,812 schema 86 140285544102696 CREATE INDEX "courses_cou_status_21ec6b_idx" ON "courses_course" ("status", "deleted_at"); (params None)
DEBUG 2026-01-29 17:06:06,844 schema 86 140285544102696 CREATE INDEX "courses_cou_instruc_eeb618_idx" ON "courses_course" ("instructor_id", "deleted_at"); (params None)
DEBUG 2026-01-29 17:06:06,881 schema 86 140285544102696 CREATE INDEX "courses_enr_student_4998f0_idx" ON "courses_enrollment" ("student_id", "enrolled_at"); (params None)
DEBUG 2026-01-29 17:06:06,908 schema 86 140285544102696 CREATE INDEX "courses_enr_course__e014c4_idx" ON "courses_enrollment" ("course_id", "enrolled_at"); (params None)
DEBUG 2026-01-29 17:06:06,932 schema 86 140285544102696 ALTER TABLE "courses_enrollment" ADD CONSTRAINT "courses_enrollment_student_id_course_id_2d19b567_uniq" UNIQUE ("student_id", "course_id"); (params None)
DEBUG 2026-01-29 17:06:06,956 schema 86 140285544102696 CREATE INDEX "courses_lec_enrollm_72f7d1_idx" ON "courses_lectureprogress" ("enrollment_id", "completed"); (params None)
DEBUG 2026-01-29 17:06:06,989 schema 86 140285544102696 ALTER TABLE "courses_lectureprogress" ADD CONSTRAINT "courses_lectureprogress_enrollment_id_lecture_id_ced54ef7_uniq" UNIQUE ("enrollment_id", "lecture_id"); (params None)
DEBUG 2026-01-29 17:06:07,013 schema 86 140285544102696 CREATE INDEX "courses_sec_course__60bff3_idx" ON "courses_section" ("course_id", "order"); (params None)
DEBUG 2026-01-29 17:06:07,037 schema 86 140285544102696 CREATE INDEX "courses_lec_section_bfe9bf_idx" ON "courses_lecture" ("section_id", "order"); (params None)
DEBUG 2026-01-29 17:06:07,047 schema 86 140285544102696 CREATE INDEX "courses_lecture_order_aa273b65" ON "courses_lecture" ("order"); (params None)
DEBUG 2026-01-29 17:06:07,060 schema 86 140285544102696 ALTER TABLE "courses_course" ADD CONSTRAINT "courses_course_instructor_id_5b0643dc_fk_users_customuser_id" FOREIGN KEY ("instructor_id") REFERENCES "users_customuser" ("id") DEFERRABLE INITIALLY DEFERRED; (params None)
DEBUG 2026-01-29 17:06:07,069 schema 86 140285544102696 CREATE INDEX "courses_course_status_a7c31871" ON "courses_course" ("status"); (params None)
DEBUG 2026-01-29 17:06:07,082 schema 86 140285544102696 CREATE INDEX "courses_course_status_a7c31871_like" ON "courses_course" ("status" varchar_pattern_ops); (params None)
DEBUG 2026-01-29 17:06:07,095 schema 86 140285544102696 CREATE INDEX "courses_course_deleted_at_9c7e7bda" ON "courses_course" ("deleted_at"); (params None)
DEBUG 2026-01-29 17:06:07,106 schema 86 140285544102696 CREATE INDEX "courses_course_instructor_id_5b0643dc" ON "courses_course" ("instructor_id"); (params None)
DEBUG 2026-01-29 17:06:07,118 schema 86 140285544102696 ALTER TABLE "courses_enrollment" ADD CONSTRAINT "courses_enrollment_course_id_2631503e_fk_courses_course_id" FOREIGN KEY ("course_id") REFERENCES "courses_course" ("id") DEFERRABLE INITIALLY DEFERRED; (params None)
DEBUG 2026-01-29 17:06:07,128 schema 86 140285544102696 ALTER TABLE "courses_enrollment" ADD CONSTRAINT "courses_enrollment_student_id_aebf8536_fk_users_customuser_id" FOREIGN KEY ("student_id") REFERENCES "users_customuser" ("id") DEFERRABLE INITIALLY DEFERRED; (params None)
DEBUG 2026-01-29 17:06:07,132 schema 86 140285544102696 CREATE INDEX "courses_enrollment_course_id_2631503e" ON "courses_enrollment" ("course_id"); (params None)
DEBUG 2026-01-29 17:06:07,144 schema 86 140285544102696 CREATE INDEX "courses_enrollment_student_id_aebf8536" ON "courses_enrollment" ("student_id"); (params None)
DEBUG 2026-01-29 17:06:07,156 schema 86 140285544102696 ALTER TABLE "courses_lecturefile" ADD CONSTRAINT "courses_lecturefile_lecture_id_91db488a_fk_courses_lecture_id" FOREIGN KEY ("lecture_id") REFERENCES "courses_lecture" ("id") DEFERRABLE INITIALLY DEFERRED; (params None)
DEBUG 2026-01-29 17:06:07,161 schema 86 140285544102696 CREATE INDEX "courses_lecturefile_lecture_id_91db488a" ON "courses_lecturefile" ("lecture_id"); (params None)
DEBUG 2026-01-29 17:06:07,173 schema 86 140285544102696 ALTER TABLE "courses_lectureprogress" ADD CONSTRAINT "courses_lectureprogr_enrollment_id_79641aaf_fk_courses_e" FOREIGN KEY ("enrollment_id") REFERENCES "courses_enrollment" ("id") DEFERRABLE INITIALLY DEFERRED; (params None)
DEBUG 2026-01-29 17:06:07,178 schema 86 140285544102696 ALTER TABLE "courses_lectureprogress" ADD CONSTRAINT "courses_lectureprogr_lecture_id_fb08529c_fk_courses_l" FOREIGN KEY ("lecture_id") REFERENCES "courses_lecture" ("id") DEFERRABLE INITIALLY DEFERRED; (params None)
DEBUG 2026-01-29 17:06:07,181 schema 86 140285544102696 CREATE INDEX "courses_lectureprogress_enrollment_id_79641aaf" ON "courses_lectureprogress" ("enrollment_id"); (params None)
DEBUG 2026-01-29 17:06:07,194 schema 86 140285544102696 CREATE INDEX "courses_lectureprogress_lecture_id_fb08529c" ON "courses_lectureprogress" ("lecture_id"); (params None)
DEBUG 2026-01-29 17:06:07,206 schema 86 140285544102696 ALTER TABLE "courses_section" ADD CONSTRAINT "courses_section_course_id_28d10451_fk_courses_course_id" FOREIGN KEY ("course_id") REFERENCES "courses_course" ("id") DEFERRABLE INITIALLY DEFERRED; (params None)
DEBUG 2026-01-29 17:06:07,212 schema 86 140285544102696 CREATE INDEX "courses_section_order_4c19b766" ON "courses_section" ("order"); (params None)
DEBUG 2026-01-29 17:06:07,224 schema 86 140285544102696 CREATE INDEX "courses_section_course_id_28d10451" ON "courses_section" ("course_id"); (params None)
DEBUG 2026-01-29 17:06:07,235 schema 86 140285544102696 CREATE INDEX "courses_lecture_section_id_09d49e9c" ON "courses_lecture" ("section_id"); (params None)
DEBUG 2026-01-29 17:06:07,267 schema 86 140285544102696 ALTER TABLE "courses_lecture" ADD COLUMN "lecture_type" varchar(20) DEFAULT 'video' NOT NULL; (params None)
DEBUG 2026-01-29 17:06:07,274 schema 86 140285544102696 ALTER TABLE "courses_lecture" ALTER COLUMN "lecture_type" DROP DEFAULT; (params None)
DEBUG 2026-01-29 17:06:07,296 schema 86 140285544102696 ALTER TABLE "courses_lecture" ADD COLUMN "prerequisite_id" bigint NULL CONSTRAINT "courses_lecture_prerequisite_id_dd8c8d94_fk_courses_lecture_id" REFERENCES "courses_lecture"("id") DEFERRABLE INITIALLY DEFERRED; SET CONSTRAINTS "courses_lecture_prerequisite_id_dd8c8d94_fk_courses_lecture_id" IMMEDIATE; (params None)
DEBUG 2026-01-29 17:06:07,320 schema 86 140285544102696 CREATE INDEX "courses_lecture_lecture_type_c2a1a70e" ON "courses_lecture" ("lecture_type"); (params None)
DEBUG 2026-01-29 17:06:07,330 schema 86 140285544102696 CREATE INDEX "courses_lecture_lecture_type_c2a1a70e_like" ON "courses_lecture" ("lecture_type" varchar_pattern_ops); (params None)
DEBUG 2026-01-29 17:06:07,345 schema 86 140285544102696 CREATE INDEX "courses_lecture_prerequisite_id_dd8c8d94" ON "courses_lecture" ("prerequisite_id"); (params None)
DEBUG 2026-01-29 17:06:07,364 schema 86 140285544102696 CREATE TABLE "courses_question" ("id" bigint NOT NULL PRIMARY KEY GENERATED BY DEFAULT AS IDENTITY, "order" integer NOT NULL CHECK ("order" >= 0), "type" varchar(10) NOT NULL, "text" text NOT NULL, "points" numeric(6, 2) NOT NULL, "created_at" timestamp with time zone NOT NULL, "updated_at" timestamp with time zone NOT NULL); (params None)
DEBUG 2026-01-29 17:06:07,398 schema 86 140285544102696 CREATE TABLE "courses_questionoption" ("id" bigint NOT NULL PRIMARY KEY GENERATED BY DEFAULT AS IDENTITY, "text" varchar(1024) NOT NULL, "is_correct" boolean NOT NULL, "order" integer NOT NULL CHECK ("order" >= 0), "question_id" bigint NOT NULL); (params None)
DEBUG 2026-01-29 17:06:07,458 schema 86 140285544102696 CREATE TABLE "courses_quiz" ("id" bigint NOT NULL PRIMARY KEY GENERATED BY DEFAULT AS IDENTITY, "title" varchar(255) NOT NULL, "description" text NOT NULL, "time_limit_seconds" integer NULL CHECK ("time_limit_seconds" >= 0), "max_attempts" integer NULL CHECK ("max_attempts" >= 0), "randomize_questions" boolean NOT NULL, "is_mandatory" boolean NOT NULL, "status" varchar(20) NOT NULL, "created_at" timestamp with time zone NOT NULL, "updated_at" timestamp with time zone NOT NULL, "deleted_at" timestamp with time zone NULL, "created_by_id" bigint NULL, "lecture_id" bigint NOT NULL); (params None)
DEBUG 2026-01-29 17:06:07,520 schema 86 140285544102696 ALTER TABLE "courses_question" ADD COLUMN "quiz_id" bigint NOT NULL CONSTRAINT "courses_question_quiz_id_7bd87b34_fk_courses_quiz_id" REFERENCES "courses_quiz"("id") DEFERRABLE INITIALLY DEFERRED; SET CONSTRAINTS "courses_question_quiz_id_7bd87b34_fk_courses_quiz_id" IMMEDIATE; (params None)
DEBUG 2026-01-29 17:06:07,542 schema 86 140285544102696 CREATE TABLE "courses_quizattempt" ("id" bigint NOT NULL PRIMARY KEY GENERATED BY DEFAULT AS IDENTITY, "started_at" timestamp with time zone NOT NULL, "submitted_at" timestamp with time zone NULL, "status" varchar(20) NOT NULL, "score" numeric(8, 2) NULL, "attempt_number" integer NOT NULL CHECK ("attempt_number" >= 0), "meta" jsonb NOT NULL, "lecture_id" bigint NOT NULL, "quiz_id" bigint NOT NULL, "student_id" bigint NOT NULL); (params None)
DEBUG 2026-01-29 17:06:07,601 schema 86 140285544102696 CREATE TABLE "courses_attemptanswer" ("id" bigint NOT NULL PRIMARY KEY GENERATED BY DEFAULT AS IDENTITY, "answer_payload" jsonb NOT NULL, "is_correct" boolean NULL, "award_points" numeric(8, 2) NULL, "graded_at" timestamp with time zone NULL, "graded_by_id" bigint NULL, "question_id" bigint NOT NULL, "attempt_id" bigint NOT NULL); (params None)
DEBUG 2026-01-29 17:06:07,635 schema 86 140285544102696 CREATE INDEX "courses_question_order_087574ce" ON "courses_question" ("order"); (params None)
DEBUG 2026-01-29 17:06:07,648 schema 86 140285544102696 ALTER TABLE "courses_questionoption" ADD CONSTRAINT "courses_questionopti_question_id_1a734007_fk_courses_q" FOREIGN KEY ("question_id") REFERENCES "courses_question" ("id") DEFERRABLE INITIALLY DEFERRED; (params None)
DEBUG 2026-01-29 17:06:07,651 schema 86 140285544102696 CREATE INDEX "courses_questionoption_question_id_1a734007" ON "courses_questionoption" ("question_id"); (params None)
DEBUG 2026-01-29 17:06:07,663 schema 86 140285544102696 ALTER TABLE "courses_quiz" ADD CONSTRAINT "courses_quiz_created_by_id_77039c4d_fk_users_customuser_id" FOREIGN KEY ("created_by_id") REFERENCES "users_customuser" ("id") DEFERRABLE INITIALLY DEFERRED; (params None)
DEBUG 2026-01-29 17:06:07,669 schema 86 140285544102696 ALTER TABLE "courses_quiz" ADD CONSTRAINT "courses_quiz_lecture_id_f059000c_fk_courses_lecture_id" FOREIGN KEY ("lecture_id") REFERENCES "courses_lecture" ("id") DEFERRABLE INITIALLY DEFERRED; (params None)
DEBUG 2026-01-29 17:06:07,676 schema 86 140285544102696 CREATE INDEX "courses_quiz_status_386b3178" ON "courses_quiz" ("status"); (params None)
DEBUG 2026-01-29 17:06:07,688 schema 86 140285544102696 CREATE INDEX "courses_quiz_status_386b3178_like" ON "courses_quiz" ("status" varchar_pattern_ops); (params None)
DEBUG 2026-01-29 17:06:07,698 schema 86 140285544102696 CREATE INDEX "courses_quiz_created_by_id_77039c4d" ON "courses_quiz" ("created_by_id"); (params None)
DEBUG 2026-01-29 17:06:07,708 schema 86 140285544102696 CREATE INDEX "courses_quiz_lecture_id_f059000c" ON "courses_quiz" ("lecture_id"); (params None)
DEBUG 2026-01-29 17:06:07,719 schema 86 140285544102696 CREATE INDEX "courses_question_quiz_id_7bd87b34" ON "courses_question" ("quiz_id"); (params None)
DEBUG 2026-01-29 17:06:07,732 schema 86 140285544102696 ALTER TABLE "courses_quizattempt" ADD CONSTRAINT "courses_quizattempt_lecture_id_2287c6ae_fk_courses_lecture_id" FOREIGN KEY ("lecture_id") REFERENCES "courses_lecture" ("id") DEFERRABLE INITIALLY DEFERRED; (params None)
DEBUG 2026-01-29 17:06:07,742 schema 86 140285544102696 ALTER TABLE "courses_quizattempt" ADD CONSTRAINT "courses_quizattempt_quiz_id_b289d1d8_fk_courses_quiz_id" FOREIGN KEY ("quiz_id") REFERENCES "courses_quiz" ("id") DEFERRABLE INITIALLY DEFERRED; (params None)
DEBUG 2026-01-29 17:06:07,745 schema 86 140285544102696 ALTER TABLE "courses_quizattempt" ADD CONSTRAINT "courses_quizattempt_student_id_e02f2d94_fk_users_customuser_id" FOREIGN KEY ("student_id") REFERENCES "users_customuser" ("id") DEFERRABLE INITIALLY DEFERRED; (params None)
DEBUG 2026-01-29 17:06:07,748 schema 86 140285544102696 CREATE INDEX "courses_quizattempt_status_cd79b9e1" ON "courses_quizattempt" ("status"); (params None)
DEBUG 2026-01-29 17:06:07,759 schema 86 140285544102696 CREATE INDEX "courses_quizattempt_status_cd79b9e1_like" ON "courses_quizattempt" ("status" varchar_pattern_ops); (params None)
DEBUG 2026-01-29 17:06:07,768 schema 86 140285544102696 CREATE INDEX "courses_quizattempt_lecture_id_2287c6ae" ON "courses_quizattempt" ("lecture_id"); (params None)
DEBUG 2026-01-29 17:06:07,779 schema 86 140285544102696 CREATE INDEX "courses_quizattempt_quiz_id_b289d1d8" ON "courses_quizattempt" ("quiz_id"); (params None)
DEBUG 2026-01-29 17:06:07,789 schema 86 140285544102696 CREATE INDEX "courses_quizattempt_student_id_e02f2d94" ON "courses_quizattempt" ("student_id"); (params None)
DEBUG 2026-01-29 17:06:07,801 schema 86 140285544102696 ALTER TABLE "courses_attemptanswer" ADD CONSTRAINT "courses_attemptanswe_graded_by_id_b26ce41c_fk_users_cus" FOREIGN KEY ("graded_by_id") REFERENCES "users_customuser" ("id") DEFERRABLE INITIALLY DEFERRED; (params None)
DEBUG 2026-01-29 17:06:07,804 schema 86 140285544102696 ALTER TABLE "courses_attemptanswer" ADD CONSTRAINT "courses_attemptanswe_question_id_67c550cf_fk_courses_q" FOREIGN KEY ("question_id") REFERENCES "courses_question" ("id") DEFERRABLE INITIALLY DEFERRED; (params None)
DEBUG 2026-01-29 17:06:07,807 schema 86 140285544102696 ALTER TABLE "courses_attemptanswer" ADD CONSTRAINT "courses_attemptanswe_attempt_id_6f968da7_fk_courses_q" FOREIGN KEY ("attempt_id") REFERENCES "courses_quizattempt" ("id") DEFERRABLE INITIALLY DEFERRED; (params None)
DEBUG 2026-01-29 17:06:07,811 schema 86 140285544102696 CREATE INDEX "courses_attemptanswer_graded_by_id_b26ce41c" ON "courses_attemptanswer" ("graded_by_id"); (params None)
DEBUG 2026-01-29 17:06:07,825 schema 86 140285544102696 CREATE INDEX "courses_attemptanswer_question_id_67c550cf" ON "courses_attemptanswer" ("question_id"); (params None)
DEBUG 2026-01-29 17:06:07,836 schema 86 140285544102696 CREATE INDEX "courses_attemptanswer_attempt_id_6f968da7" ON "courses_attemptanswer" ("attempt_id"); (params None)
DEBUG 2026-01-29 17:06:07,968 schema 86 140285544102696 CREATE TABLE "payments_purchase" ("id" bigint NOT NULL PRIMARY KEY GENERATED BY DEFAULT AS IDENTITY, "amount" numeric(10, 2) NOT NULL, "purchased_at" timestamp with time zone NOT NULL, "refunded" boolean NOT NULL, "refunded_at" timestamp with time zone NULL, "refund_reason" text NULL, "course_id" bigint NOT NULL, "student_id" bigint NOT NULL); (params None)
DEBUG 2026-01-29 17:06:08,016 schema 86 140285544102696 CREATE TABLE "payments_rechargecode" ("id" bigint NOT NULL PRIMARY KEY GENERATED BY DEFAULT AS IDENTITY, "code" varchar(50) NOT NULL UNIQUE, "amount" numeric(10, 2) NOT NULL, "is_used" boolean NOT NULL, "used_at" timestamp with time zone NULL, "created_at" timestamp with time zone NOT NULL, "expires_at" timestamp with time zone NULL, "created_by_id" bigint NULL, "used_by_id" bigint NULL); (params None)
DEBUG 2026-01-29 17:06:08,062 schema 86 140285544102696 CREATE TABLE "payments_transaction" ("id" bigint NOT NULL PRIMARY KEY GENERATED BY DEFAULT AS IDENTITY, "transaction_type" varchar(20) NOT NULL, "amount" numeric(10, 2) NOT NULL, "description" text NOT NULL, "reason" text NULL, "created_at" timestamp with time zone NOT NULL, "created_by_id" bigint NULL, "purchase_id" bigint NULL, "recharge_code_id" bigint NULL); (params None)
DEBUG 2026-01-29 17:06:08,117 schema 86 140285544102696 ALTER TABLE "payments_purchase" ADD COLUMN "transaction_id" bigint NOT NULL UNIQUE CONSTRAINT "payments_purchase_transaction_id_e5485530_fk_payments_" REFERENCES "payments_transaction"("id") DEFERRABLE INITIALLY DEFERRED; SET CONSTRAINTS "payments_purchase_transaction_id_e5485530_fk_payments_" IMMEDIATE; (params None)
DEBUG 2026-01-29 17:06:08,154 schema 86 140285544102696 CREATE TABLE "payments_wallet" ("id" bigint NOT NULL PRIMARY KEY GENERATED BY DEFAULT AS IDENTITY, "created_at" timestamp with time zone NOT NULL, "updated_at" timestamp with time zone NOT NULL, "student_id" bigint NOT NULL UNIQUE); (params None)
DEBUG 2026-01-29 17:06:08,220 schema 86 140285544102696 ALTER TABLE "payments_transaction" ADD COLUMN "wallet_id" bigint NOT NULL CONSTRAINT "payments_transaction_wallet_id_114a0cfe_fk_payments_wallet_id" REFERENCES "payments_wallet"("id") DEFERRABLE INITIALLY DEFERRED; SET CONSTRAINTS "payments_transaction_wallet_id_114a0cfe_fk_payments_wallet_id" IMMEDIATE; (params None)
DEBUG 2026-01-29 17:06:08,238 schema 86 140285544102696 CREATE INDEX "payments_re_code_f3a246_idx" ON "payments_rechargecode" ("code", "is_used"); (params None)
DEBUG 2026-01-29 17:06:08,264 schema 86 140285544102696 CREATE INDEX "payments_pu_student_539d87_idx" ON "payments_purchase" ("student_id", "purchased_at" DESC); (params None)
DEBUG 2026-01-29 17:06:08,293 schema 86 140285544102696 CREATE INDEX "payments_pu_course__1ad4c9_idx" ON "payments_purchase" ("course_id", "purchased_at" DESC); (params None)
DEBUG 2026-01-29 17:06:08,321 schema 86 140285544102696 CREATE INDEX "payments_pu_refunde_a03360_idx" ON "payments_purchase" ("refunded"); (params None)
DEBUG 2026-01-29 17:06:08,348 schema 86 140285544102696 ALTER TABLE "payments_purchase" ADD CONSTRAINT "payments_purchase_student_id_course_id_2044e6e4_uniq" UNIQUE ("student_id", "course_id"); (params None)
DEBUG 2026-01-29 17:06:08,380 schema 86 140285544102696 CREATE INDEX "payments_tr_wallet__b689f7_idx" ON "payments_transaction" ("wallet_id", "created_at" DESC); (params None)
DEBUG 2026-01-29 17:06:08,409 schema 86 140285544102696 CREATE INDEX "payments_tr_transac_635543_idx" ON "payments_transaction" ("transaction_type", "created_at" DESC); (params None)
DEBUG 2026-01-29 17:06:08,421 schema 86 140285544102696 ALTER TABLE "payments_purchase" ADD CONSTRAINT "payments_purchase_course_id_d8512f45_fk_courses_course_id" FOREIGN KEY ("course_id") REFERENCES "courses_course" ("id") DEFERRABLE INITIALLY DEFERRED; (params None)
DEBUG 2026-01-29 17:06:08,424 schema 86 140285544102696 ALTER TABLE "payments_purchase" ADD CONSTRAINT "payments_purchase_student_id_e7a32f4b_fk_users_customuser_id" FOREIGN KEY ("student_id") REFERENCES "users_customuser" ("id") DEFERRABLE INITIALLY DEFERRED; (params None)
DEBUG 2026-01-29 17:06:08,427 schema 86 140285544102696 CREATE INDEX "payments_purchase_course_id_d8512f45" ON "payments_purchase" ("course_id"); (params None)
DEBUG 2026-01-29 17:06:08,439 schema 86 140285544102696 CREATE INDEX "payments_purchase_student_id_e7a32f4b" ON "payments_purchase" ("student_id"); (params None)
DEBUG 2026-01-29 17:06:08,453 schema 86 140285544102696 ALTER TABLE "payments_rechargecode" ADD CONSTRAINT "payments_rechargecod_created_by_id_a00e54d1_fk_users_cus" FOREIGN KEY ("created_by_id") REFERENCES "users_customuser" ("id") DEFERRABLE INITIALLY DEFERRED; (params None)
DEBUG 2026-01-29 17:06:08,456 schema 86 140285544102696 ALTER TABLE "payments_rechargecode" ADD CONSTRAINT "payments_rechargecod_used_by_id_cdc96067_fk_users_cus" FOREIGN KEY ("used_by_id") REFERENCES "users_customuser" ("id") DEFERRABLE INITIALLY DEFERRED; (params None)
DEBUG 2026-01-29 17:06:08,459 schema 86 140285544102696 CREATE INDEX "payments_rechargecode_code_ae07a507_like" ON "payments_rechargecode" ("code" varchar_pattern_ops); (params None)
DEBUG 2026-01-29 17:06:08,471 schema 86 140285544102696 CREATE INDEX "payments_rechargecode_created_by_id_a00e54d1" ON "payments_rechargecode" ("created_by_id"); (params None)
DEBUG 2026-01-29 17:06:08,486 schema 86 140285544102696 CREATE INDEX "payments_rechargecode_used_by_id_cdc96067" ON "payments_rechargecode" ("used_by_id"); (params None)
DEBUG 2026-01-29 17:06:08,501 schema 86 140285544102696 ALTER TABLE "payments_transaction" ADD CONSTRAINT "payments_transaction_created_by_id_869c458c_fk_users_cus" FOREIGN KEY ("created_by_id") REFERENCES "users_customuser" ("id") DEFERRABLE INITIALLY DEFERRED; (params None)
DEBUG 2026-01-29 17:06:08,505 schema 86 140285544102696 ALTER TABLE "payments_transaction" ADD CONSTRAINT "payments_transaction_purchase_id_42bc08b5_fk_payments_" FOREIGN KEY ("purchase_id") REFERENCES "payments_purchase" ("id") DEFERRABLE INITIALLY DEFERRED; (params None)
DEBUG 2026-01-29 17:06:08,509 schema 86 140285544102696 ALTER TABLE "payments_transaction" ADD CONSTRAINT "payments_transaction_recharge_code_id_ca0fa65a_fk_payments_" FOREIGN KEY ("recharge_code_id") REFERENCES "payments_rechargecode" ("id") DEFERRABLE INITIALLY DEFERRED; (params None)
DEBUG 2026-01-29 17:06:08,511 schema 86 140285544102696 CREATE INDEX "payments_transaction_transaction_type_d344a29d" ON "payments_transaction" ("transaction_type"); (params None)
DEBUG 2026-01-29 17:06:08,523 schema 86 140285544102696 CREATE INDEX "payments_transaction_transaction_type_d344a29d_like" ON "payments_transaction" ("transaction_type" varchar_pattern_ops); (params None)
DEBUG 2026-01-29 17:06:08,536 schema 86 140285544102696 CREATE INDEX "payments_transaction_created_at_8f361387" ON "payments_transaction" ("created_at"); (params None)
DEBUG 2026-01-29 17:06:08,545 schema 86 140285544102696 CREATE INDEX "payments_transaction_created_by_id_869c458c" ON "payments_transaction" ("created_by_id"); (params None)
DEBUG 2026-01-29 17:06:08,554 schema 86 140285544102696 CREATE INDEX "payments_transaction_purchase_id_42bc08b5" ON "payments_transaction" ("purchase_id"); (params None)
DEBUG 2026-01-29 17:06:08,568 schema 86 140285544102696 CREATE INDEX "payments_transaction_recharge_code_id_ca0fa65a" ON "payments_transaction" ("recharge_code_id"); (params None)
DEBUG 2026-01-29 17:06:08,580 schema 86 140285544102696 ALTER TABLE "payments_wallet" ADD CONSTRAINT "payments_wallet_student_id_fe338bb5_fk_users_customuser_id" FOREIGN KEY ("student_id") REFERENCES "users_customuser" ("id") DEFERRABLE INITIALLY DEFERRED; (params None)
DEBUG 2026-01-29 17:06:08,585 schema 86 140285544102696 CREATE INDEX "payments_transaction_wallet_id_114a0cfe" ON "payments_transaction" ("wallet_id"); (params None)
DEBUG 2026-01-29 17:06:08,634 schema 86 140285544102696 CREATE TABLE "notifications_notification" ("id" bigint NOT NULL PRIMARY KEY GENERATED BY DEFAULT AS IDENTITY, "title" varchar(255) NOT NULL, "message" text NOT NULL, "notification_type" varchar(50) NOT NULL, "is_read" boolean NOT NULL, "is_important" boolean NOT NULL, "metadata" jsonb NOT NULL, "created_at" timestamp with time zone NOT NULL, "read_at" timestamp with time zone NULL, "related_course_id" bigint NULL, "related_purchase_id" bigint NULL, "related_transaction_id" bigint NULL, "user_id" bigint NOT NULL); (params None)
DEBUG 2026-01-29 17:06:08,662 schema 86 140285544102696 ALTER TABLE "notifications_notification" ADD CONSTRAINT "notifications_notifi_related_course_id_8f3b18da_fk_courses_c" FOREIGN KEY ("related_course_id") REFERENCES "courses_course" ("id") DEFERRABLE INITIALLY DEFERRED; (params None)
DEBUG 2026-01-29 17:06:08,665 schema 86 140285544102696 ALTER TABLE "notifications_notification" ADD CONSTRAINT "notifications_notifi_related_purchase_id_c1233b0c_fk_payments_" FOREIGN KEY ("related_purchase_id") REFERENCES "payments_purchase" ("id") DEFERRABLE INITIALLY DEFERRED; (params None)
DEBUG 2026-01-29 17:06:08,670 schema 86 140285544102696 ALTER TABLE "notifications_notification" ADD CONSTRAINT "notifications_notifi_related_transaction__cd123a96_fk_payments_" FOREIGN KEY ("related_transaction_id") REFERENCES "payments_transaction" ("id") DEFERRABLE INITIALLY DEFERRED; (params None)
DEBUG 2026-01-29 17:06:08,675 schema 86 140285544102696 ALTER TABLE "notifications_notification" ADD CONSTRAINT "notifications_notifi_user_id_b5e8c0ff_fk_users_cus" FOREIGN KEY ("user_id") REFERENCES "users_customuser" ("id") DEFERRABLE INITIALLY DEFERRED; (params None)
DEBUG 2026-01-29 17:06:08,677 schema 86 140285544102696 CREATE INDEX "notifications_notification_related_course_id_8f3b18da" ON "notifications_notification" ("related_course_id"); (params None)
DEBUG 2026-01-29 17:06:08,689 schema 86 140285544102696 CREATE INDEX "notifications_notification_related_purchase_id_c1233b0c" ON "notifications_notification" ("related_purchase_id"); (params None)
DEBUG 2026-01-29 17:06:08,700 schema 86 140285544102696 CREATE INDEX "notifications_notification_related_transaction_id_cd123a96" ON "notifications_notification" ("related_transaction_id"); (params None)
DEBUG 2026-01-29 17:06:08,712 schema 86 140285544102696 CREATE INDEX "notifications_notification_user_id_b5e8c0ff" ON "notifications_notification" ("user_id"); (params None)
DEBUG 2026-01-29 17:06:08,724 schema 86 140285544102696 CREATE INDEX "notificatio_user_id_8a7c6b_idx" ON "notifications_notification" ("user_id", "is_read", "created_at"); (params None)
DEBUG 2026-01-29 17:06:08,736 schema 86 140285544102696 CREATE INDEX "notificatio_notific_f2e0f7_idx" ON "notifications_notification" ("notification_type", "created_at"); (params None)
DEBUG 2026-01-29 17:06:08,749 schema 86 140285544102696 CREATE INDEX "notificatio_created_46ad24_idx" ON "notifications_notification" ("created_at"); (params None)
DEBUG 2026-01-29 17:06:08,772 schema 86 140285544102696 CREATE TABLE "payments_coursestats" ("id" bigint NOT NULL PRIMARY KEY GENERATED BY DEFAULT AS IDENTITY, "total_purchases" integer NOT NULL CHECK ("total_purchases" >= 0), "total_revenue" numeric(12, 2) NOT NULL, "active_students" integer NOT NULL CHECK ("active_students" >= 0), "last_updated" timestamp with time zone NOT NULL); (params None)
DEBUG 2026-01-29 17:06:08,793 schema 86 140285544102696 CREATE TABLE "payments_paymentlog" ("id" bigint NOT NULL PRIMARY KEY GENERATED BY DEFAULT AS IDENTITY, "action" varchar(100) NOT NULL, "amount" numeric(10, 2) NULL, "ip_address" inet NULL, "user_agent" text NULL, "session_id" varchar(255) NULL, "metadata" jsonb NOT NULL, "created_at" timestamp with time zone NOT NULL); (params None)
DEBUG 2026-01-29 17:06:08,825 schema 86 140285544102696 CREATE TABLE "payments_pricehistory" ("id" bigint NOT NULL PRIMARY KEY GENERATED BY DEFAULT AS IDENTITY, "old_price" numeric(10, 2) NOT NULL, "new_price" numeric(10, 2) NOT NULL, "changed_at" timestamp with time zone NOT NULL, "reason" text NOT NULL); (params None)
DEBUG 2026-01-29 17:06:08,890 schema 86 140285544102696 ALTER TABLE "payments_purchase" ADD COLUMN "price_at_purchase" numeric(10, 2) DEFAULT 0.00 NOT NULL; (params None)
DEBUG 2026-01-29 17:06:08,893 schema 86 140285544102696 ALTER TABLE "payments_purchase" ALTER COLUMN "price_at_purchase" DROP DEFAULT; (params None)
DEBUG 2026-01-29 17:06:08,930 schema 86 140285544102696 ALTER TABLE "payments_transaction" ADD COLUMN "payment_method" varchar(20) DEFAULT 'wallet' NOT NULL; (params None)
DEBUG 2026-01-29 17:06:08,932 schema 86 140285544102696 ALTER TABLE "payments_transaction" ALTER COLUMN "payment_method" DROP DEFAULT; (params None)
DEBUG 2026-01-29 17:06:08,970 schema 86 140285544102696 CREATE INDEX "payments_re_created_ed2d57_idx" ON "payments_rechargecode" ("created_by_id", "created_at"); (params None)
DEBUG 2026-01-29 17:06:09,017 schema 86 140285544102696 CREATE INDEX "payments_tr_payment_c1ac95_idx" ON "payments_transaction" ("payment_method", "created_at" DESC); (params None)
DEBUG 2026-01-29 17:06:09,065 schema 86 140285544102696 ALTER TABLE "payments_coursestats" ADD COLUMN "course_id" bigint NOT NULL UNIQUE CONSTRAINT "payments_coursestats_course_id_5e71a523_fk_courses_course_id" REFERENCES "courses_course"("id") DEFERRABLE INITIALLY DEFERRED; SET CONSTRAINTS "payments_coursestats_course_id_5e71a523_fk_courses_course_id" IMMEDIATE; (params None)
DEBUG 2026-01-29 17:06:09,136 schema 86 140285544102696 ALTER TABLE "payments_paymentlog" ADD COLUMN "actor_id" bigint NULL CONSTRAINT "payments_paymentlog_actor_id_ed7e0a2e_fk_users_customuser_id" REFERENCES "users_customuser"("id") DEFERRABLE INITIALLY DEFERRED; SET CONSTRAINTS "payments_paymentlog_actor_id_ed7e0a2e_fk_users_customuser_id" IMMEDIATE; (params None)
DEBUG 2026-01-29 17:06:09,166 schema 86 140285544102696 ALTER TABLE "payments_paymentlog" ADD COLUMN "course_id" bigint NULL CONSTRAINT "payments_paymentlog_course_id_926d6200_fk_courses_course_id" REFERENCES "courses_course"("id") DEFERRABLE INITIALLY DEFERRED; SET CONSTRAINTS "payments_paymentlog_course_id_926d6200_fk_courses_course_id" IMMEDIATE; (params None)
DEBUG 2026-01-29 17:06:09,204 schema 86 140285544102696 ALTER TABLE "payments_paymentlog" ADD COLUMN "student_id" bigint NULL CONSTRAINT "payments_paymentlog_student_id_9504f7a8_fk_users_customuser_id" REFERENCES "users_customuser"("id") DEFERRABLE INITIALLY DEFERRED; SET CONSTRAINTS "payments_paymentlog_student_id_9504f7a8_fk_users_customuser_id" IMMEDIATE; (params None)
DEBUG 2026-01-29 17:06:09,250 schema 86 140285544102696 ALTER TABLE "payments_paymentlog" ADD COLUMN "transaction_id" bigint NULL CONSTRAINT "payments_paymentlog_transaction_id_71ca5c1b_fk_payments_" REFERENCES "payments_transaction"("id") DEFERRABLE INITIALLY DEFERRED; SET CONSTRAINTS "payments_paymentlog_transaction_id_71ca5c1b_fk_payments_" IMMEDIATE; (params None)
DEBUG 2026-01-29 17:06:09,295 schema 86 140285544102696 ALTER TABLE "payments_pricehistory" ADD COLUMN "changed_by_id" bigint NULL CONSTRAINT "payments_pricehistor_changed_by_id_7a5c4898_fk_users_cus" REFERENCES "users_customuser"("id") DEFERRABLE INITIALLY DEFERRED; SET CONSTRAINTS "payments_pricehistor_changed_by_id_7a5c4898_fk_users_cus" IMMEDIATE; (params None)
DEBUG 2026-01-29 17:06:09,344 schema 86 140285544102696 ALTER TABLE "payments_pricehistory" ADD COLUMN "course_id" bigint NOT NULL CONSTRAINT "payments_pricehistory_course_id_88292049_fk_courses_course_id" REFERENCES "courses_course"("id") DEFERRABLE INITIALLY DEFERRED; SET CONSTRAINTS "payments_pricehistory_course_id_88292049_fk_courses_course_id" IMMEDIATE; (params None)
DEBUG 2026-01-29 17:06:09,366 schema 86 140285544102696 CREATE INDEX "payments_co_course__ad8dc0_idx" ON "payments_coursestats" ("course_id", "total_revenue"); (params None)
DEBUG 2026-01-29 17:06:09,409 schema 86 140285544102696 CREATE INDEX "payments_co_total_r_133b47_idx" ON "payments_coursestats" ("total_revenue"); (params None)
DEBUG 2026-01-29 17:06:09,455 schema 86 140285544102696 CREATE INDEX "payments_pa_action_1f7498_idx" ON "payments_paymentlog" ("action", "created_at"); (params None)
DEBUG 2026-01-29 17:06:09,497 schema 86 140285544102696 CREATE INDEX "payments_pa_student_f57082_idx" ON "payments_paymentlog" ("student_id", "created_at"); (params None)
DEBUG 2026-01-29 17:06:09,547 schema 86 140285544102696 CREATE INDEX "payments_pa_ip_addr_5f2bb2_idx" ON "payments_paymentlog" ("ip_address", "created_at"); (params None)
DEBUG 2026-01-29 17:06:09,656 schema 86 140285544102696 CREATE INDEX "payments_pa_actor_i_4b0453_idx" ON "payments_paymentlog" ("actor_id", "created_at"); (params None)
DEBUG 2026-01-29 17:06:09,689 schema 86 140285544102696 CREATE INDEX "payments_pr_course__0d3741_idx" ON "payments_pricehistory" ("course_id", "changed_at" DESC); (params None)
DEBUG 2026-01-29 17:06:09,704 schema 86 140285544102696 CREATE INDEX "payments_paymentlog_action_37a97610" ON "payments_paymentlog" ("action"); (params None)
DEBUG 2026-01-29 17:06:09,720 schema 86 140285544102696 CREATE INDEX "payments_paymentlog_action_37a97610_like" ON "payments_paymentlog" ("action" varchar_pattern_ops); (params None)
DEBUG 2026-01-29 17:06:09,738 schema 86 140285544102696 CREATE INDEX "payments_paymentlog_created_at_a4383cb4" ON "payments_paymentlog" ("created_at"); (params None)
DEBUG 2026-01-29 17:06:09,752 schema 86 140285544102696 CREATE INDEX "payments_paymentlog_actor_id_ed7e0a2e" ON "payments_paymentlog" ("actor_id"); (params None)
DEBUG 2026-01-29 17:06:09,773 schema 86 140285544102696 CREATE INDEX "payments_paymentlog_course_id_926d6200" ON "payments_paymentlog" ("course_id"); (params None)
DEBUG 2026-01-29 17:06:09,788 schema 86 140285544102696 CREATE INDEX "payments_paymentlog_student_id_9504f7a8" ON "payments_paymentlog" ("student_id"); (params None)
DEBUG 2026-01-29 17:06:09,808 schema 86 140285544102696 CREATE INDEX "payments_paymentlog_transaction_id_71ca5c1b" ON "payments_paymentlog" ("transaction_id"); (params None)
DEBUG 2026-01-29 17:06:09,824 schema 86 140285544102696 CREATE INDEX "payments_pricehistory_changed_by_id_7a5c4898" ON "payments_pricehistory" ("changed_by_id"); (params None)
DEBUG 2026-01-29 17:06:09,840 schema 86 140285544102696 CREATE INDEX "payments_pricehistory_course_id_88292049" ON "payments_pricehistory" ("course_id"); (params None)
DEBUG 2026-01-29 17:06:09,900 schema 86 140285544102696 CREATE TABLE "quizzes_quiz" ("id" bigint NOT NULL PRIMARY KEY GENERATED BY DEFAULT AS IDENTITY, "title" varchar(255) NOT NULL, "description" text NOT NULL, "is_mandatory" boolean NOT NULL, "passing_grade" numeric(5, 2) NOT NULL, "max_attempts" integer NOT NULL CHECK ("max_attempts" >= 0), "grading_method" varchar(10) NOT NULL, "time_limit_minutes" integer NULL CHECK ("time_limit_minutes" >= 0), "randomize_questions" boolean NOT NULL, "created_at" timestamp with time zone NOT NULL, "updated_at" timestamp with time zone NOT NULL, "deleted_at" timestamp with time zone NULL, "course_id" bigint NOT NULL); (params None)
DEBUG 2026-01-29 17:06:09,971 schema 86 140285544102696 CREATE TABLE "quizzes_question" ("id" bigint NOT NULL PRIMARY KEY GENERATED BY DEFAULT AS IDENTITY, "question_type" varchar(20) NOT NULL, "text" text NOT NULL, "order" integer NOT NULL CHECK ("order" >= 0), "points" numeric(5, 2) NOT NULL, "options" jsonb NOT NULL, "correct_answer" varchar(255) NULL, "created_at" timestamp with time zone NOT NULL, "deleted_at" timestamp with time zone NULL, "quiz_id" bigint NOT NULL); (params None)
DEBUG 2026-01-29 17:06:10,031 schema 86 140285544102696 CREATE TABLE "quizzes_quizattempt" ("id" bigint NOT NULL PRIMARY KEY GENERATED BY DEFAULT AS IDENTITY, "attempt_number" integer NOT NULL CHECK ("attempt_number" >= 0), "status" varchar(20) NOT NULL, "started_at" timestamp with time zone NOT NULL, "submitted_at" timestamp with time zone NULL, "time_taken_seconds" integer NOT NULL CHECK ("time_taken_seconds" >= 0), "score" numeric(5, 2) NULL, "passed" boolean NULL, "graded_at" timestamp with time zone NULL, "graded_by_id" bigint NULL, "quiz_id" bigint NOT NULL, "student_id" bigint NOT NULL); (params None)
DEBUG 2026-01-29 17:06:10,082 schema 86 140285544102696 CREATE TABLE "quizzes_answer" ("id" bigint NOT NULL PRIMARY KEY GENERATED BY DEFAULT AS IDENTITY, "answer_text" text NOT NULL, "selected_option" varchar(255) NULL, "is_correct" boolean NULL, "points_earned" numeric(5, 2) NULL, "created_at" timestamp with time zone NOT NULL, "question_id" bigint NOT NULL, "attempt_id" bigint NOT NULL); (params None)
DEBUG 2026-01-29 17:06:10,129 schema 86 140285544102696 CREATE INDEX "quizzes_qui_course__514df3_idx" ON "quizzes_quiz" ("course_id", "deleted_at"); (params None)
DEBUG 2026-01-29 17:06:10,150 schema 86 140285544102696 CREATE INDEX "quizzes_que_quiz_id_904735_idx" ON "quizzes_question" ("quiz_id", "order"); (params None)
DEBUG 2026-01-29 17:06:10,186 schema 86 140285544102696 CREATE INDEX "quizzes_qui_student_e28790_idx" ON "quizzes_quizattempt" ("student_id", "quiz_id", "started_at" DESC); (params None)
DEBUG 2026-01-29 17:06:10,223 schema 86 140285544102696 CREATE INDEX "quizzes_qui_status_3ebe55_idx" ON "quizzes_quizattempt" ("status"); (params None)
DEBUG 2026-01-29 17:06:10,258 schema 86 140285544102696 ALTER TABLE "quizzes_quizattempt" ADD CONSTRAINT "quizzes_quizattempt_student_id_quiz_id_attem_29f8de0f_uniq" UNIQUE ("student_id", "quiz_id", "attempt_number"); (params None)
DEBUG 2026-01-29 17:06:10,279 schema 86 140285544102696 ALTER TABLE "quizzes_answer" ADD CONSTRAINT "quizzes_answer_attempt_id_question_id_db0a71c7_uniq" UNIQUE ("attempt_id", "question_id"); (params None)
DEBUG 2026-01-29 17:06:10,293 schema 86 140285544102696 ALTER TABLE "quizzes_quiz" ADD CONSTRAINT "quizzes_quiz_course_id_6476d9c4_fk_courses_course_id" FOREIGN KEY ("course_id") REFERENCES "courses_course" ("id") DEFERRABLE INITIALLY DEFERRED; (params None)
DEBUG 2026-01-29 17:06:10,297 schema 86 140285544102696 CREATE INDEX "quizzes_quiz_course_id_6476d9c4" ON "quizzes_quiz" ("course_id"); (params None)
DEBUG 2026-01-29 17:06:10,312 schema 86 140285544102696 ALTER TABLE "quizzes_question" ADD CONSTRAINT "quizzes_question_quiz_id_70961654_fk_quizzes_quiz_id" FOREIGN KEY ("quiz_id") REFERENCES "quizzes_quiz" ("id") DEFERRABLE INITIALLY DEFERRED; (params None)
DEBUG 2026-01-29 17:06:10,316 schema 86 140285544102696 CREATE INDEX "quizzes_question_order_91ac33a2" ON "quizzes_question" ("order"); (params None)
DEBUG 2026-01-29 17:06:10,330 schema 86 140285544102696 CREATE INDEX "quizzes_question_quiz_id_70961654" ON "quizzes_question" ("quiz_id"); (params None)
DEBUG 2026-01-29 17:06:10,344 schema 86 140285544102696 ALTER TABLE "quizzes_quizattempt" ADD CONSTRAINT "quizzes_quizattempt_graded_by_id_365be038_fk_users_cus" FOREIGN KEY ("graded_by_id") REFERENCES "users_customuser" ("id") DEFERRABLE INITIALLY DEFERRED; (params None)
DEBUG 2026-01-29 17:06:10,348 schema 86 140285544102696 ALTER TABLE "quizzes_quizattempt" ADD CONSTRAINT "quizzes_quizattempt_quiz_id_da54d53d_fk_quizzes_quiz_id" FOREIGN KEY ("quiz_id") REFERENCES "quizzes_quiz" ("id") DEFERRABLE INITIALLY DEFERRED; (params None)
DEBUG 2026-01-29 17:06:10,351 schema 86 140285544102696 ALTER TABLE "quizzes_quizattempt" ADD CONSTRAINT "quizzes_quizattempt_student_id_d3bbb5b6_fk_users_customuser_id" FOREIGN KEY ("student_id") REFERENCES "users_customuser" ("id") DEFERRABLE INITIALLY DEFERRED; (params None)
DEBUG 2026-01-29 17:06:10,353 schema 86 140285544102696 CREATE INDEX "quizzes_quizattempt_graded_by_id_365be038" ON "quizzes_quizattempt" ("graded_by_id"); (params None)
DEBUG 2026-01-29 17:06:10,369 schema 86 140285544102696 CREATE INDEX "quizzes_quizattempt_quiz_id_da54d53d" ON "quizzes_quizattempt" ("quiz_id"); (params None)
DEBUG 2026-01-29 17:06:10,383 schema 86 140285544102696 CREATE INDEX "quizzes_quizattempt_student_id_d3bbb5b6" ON "quizzes_quizattempt" ("student_id"); (params None)
DEBUG 2026-01-29 17:06:10,397 schema 86 140285544102696 ALTER TABLE "quizzes_answer" ADD CONSTRAINT "quizzes_answer_question_id_7e471477_fk_quizzes_question_id" FOREIGN KEY ("question_id") REFERENCES "quizzes_question" ("id") DEFERRABLE INITIALLY DEFERRED; (params None)
DEBUG 2026-01-29 17:06:10,416 schema 86 140285544102696 ALTER TABLE "quizzes_answer" ADD CONSTRAINT "quizzes_answer_attempt_id_edb0a031_fk_quizzes_quizattempt_id" FOREIGN KEY ("attempt_id") REFERENCES "quizzes_quizattempt" ("id") DEFERRABLE INITIALLY DEFERRED; (params None)
DEBUG 2026-01-29 17:06:10,420 schema 86 140285544102696 CREATE INDEX "quizzes_answer_question_id_7e471477" ON "quizzes_answer" ("question_id"); (params None)
DEBUG 2026-01-29 17:06:10,441 schema 86 140285544102696 CREATE INDEX "quizzes_answer_attempt_id_edb0a031" ON "quizzes_answer" ("attempt_id"); (params None)
DEBUG 2026-01-29 17:06:10,499 schema 86 140285544102696 ALTER TABLE "quizzes_quiz" ADD COLUMN "is_published" boolean DEFAULT false NOT NULL; (params None)
DEBUG 2026-01-29 17:06:10,501 schema 86 140285544102696 ALTER TABLE "quizzes_quiz" ALTER COLUMN "is_published" DROP DEFAULT; (params None)
DEBUG 2026-01-29 17:06:10,634 schema 86 140285544102696 CREATE TABLE "quizzes_answeroption" ("id" bigint NOT NULL PRIMARY KEY GENERATED BY DEFAULT AS IDENTITY, "text" varchar(1000) NOT NULL, "is_correct" boolean NOT NULL, "order" integer NOT NULL CHECK ("order" >= 0), "created_at" timestamp with time zone NOT NULL, "question_id" bigint NOT NULL); (params None)
DEBUG 2026-01-29 17:06:10,679 schema 86 140285544102696 ALTER TABLE "quizzes_answeroption" ADD CONSTRAINT "quizzes_answeroption_question_id_4ec9d42d_fk_quizzes_q" FOREIGN KEY ("question_id") REFERENCES "quizzes_question" ("id") DEFERRABLE INITIALLY DEFERRED; (params None)
DEBUG 2026-01-29 17:06:10,685 schema 86 140285544102696 CREATE INDEX "quizzes_answeroption_question_id_4ec9d42d" ON "quizzes_answeroption" ("question_id"); (params None)
DEBUG 2026-01-29 17:06:10,829 schema 86 140285544102696 SET CONSTRAINTS "quizzes_answeroption_question_id_4ec9d42d_fk_quizzes_q" IMMEDIATE; ALTER TABLE "quizzes_answeroption" DROP CONSTRAINT "quizzes_answeroption_question_id_4ec9d42d_fk_quizzes_q"; (params None)
DEBUG 2026-01-29 17:06:10,834 schema 86 140285544102696 ALTER TABLE "quizzes_answeroption" DROP COLUMN "question_id"; (params None)
DEBUG 2026-01-29 17:06:10,942 schema 86 140285544102696 DROP INDEX IF EXISTS "quizzes_qui_course__514df3_idx"; (params None)
DEBUG 2026-01-29 17:06:10,955 schema 86 140285544102696 ALTER TABLE "quizzes_question" DROP COLUMN "deleted_at"; (params None)
DEBUG 2026-01-29 17:06:10,995 schema 86 140285544102696 ALTER TABLE "quizzes_quiz" DROP COLUMN "deleted_at"; (params None)
DEBUG 2026-01-29 17:06:11,036 schema 86 140285544102696 ALTER TABLE "quizzes_quiz" DROP COLUMN "randomize_questions"; (params None)
DEBUG 2026-01-29 17:06:11,838 schema 86 140285544102696 CREATE INDEX "quizzes_qui_course__62ace5_idx" ON "quizzes_quiz" ("course_id", "is_published"); (params None)
DEBUG 2026-01-29 17:06:11,886 schema 86 140285544102696 CREATE INDEX "quizzes_qui_quiz_id_68c200_idx" ON "quizzes_quizattempt" ("quiz_id", "student_id"); (params None)
DEBUG 2026-01-29 17:06:11,907 schema 86 140285544102696 DROP TABLE "quizzes_answeroption" CASCADE; (params None)
DEBUG 2026-01-29 17:06:11,991 schema 86 140285544102696 DROP INDEX IF EXISTS "quizzes_qui_course__62ace5_idx"; (params None)
DEBUG 2026-01-29 17:06:12,125 schema 86 140285544102696 SET CONSTRAINTS "quizzes_quiz_course_id_6476d9c4_fk_courses_course_id" IMMEDIATE; ALTER TABLE "quizzes_quiz" DROP CONSTRAINT "quizzes_quiz_course_id_6476d9c4_fk_courses_course_id"; (params None)
DEBUG 2026-01-29 17:06:12,128 schema 86 140285544102696 ALTER TABLE "quizzes_quiz" DROP COLUMN "course_id"; (params None)
DEBUG 2026-01-29 17:06:12,156 schema 86 140285544102696 ALTER TABLE "quizzes_quiz" ADD COLUMN "lecture_id" bigint NULL CONSTRAINT "quizzes_quiz_lecture_id_c118a6cd_fk_courses_lecture_id" REFERENCES "courses_lecture"("id") DEFERRABLE INITIALLY DEFERRED; SET CONSTRAINTS "quizzes_quiz_lecture_id_c118a6cd_fk_courses_lecture_id" IMMEDIATE; (params None)
DEBUG 2026-01-29 17:06:12,671 schema 86 140285544102696 CREATE INDEX "quizzes_qui_lecture_41abf4_idx" ON "quizzes_quiz" ("lecture_id", "is_published"); (params None)
DEBUG 2026-01-29 17:06:12,685 schema 86 140285544102696 CREATE INDEX "quizzes_quiz_lecture_id_c118a6cd" ON "quizzes_quiz" ("lecture_id"); (params None)
DEBUG 2026-01-29 17:06:12,743 schema 86 140285544102696 CREATE TABLE "django_session" ("session_key" varchar(40) NOT NULL PRIMARY KEY, "session_data" text NOT NULL, "expire_date" timestamp with time zone NOT NULL); (params None)
DEBUG 2026-01-29 17:06:12,776 schema 86 140285544102696 CREATE INDEX "django_session_session_key_c0390e0f_like" ON "django_session" ("session_key" varchar_pattern_ops); (params None)
DEBUG 2026-01-29 17:06:12,792 schema 86 140285544102696 CREATE INDEX "django_session_expire_date_a5c62663" ON "django_session" ("expire_date"); (params None)
DEBUG 2026-01-29 17:06:12,822 schema 86 140285544102696 CREATE TABLE "token_blacklist_blacklistedtoken" ("id" integer NOT NULL PRIMARY KEY GENERATED BY DEFAULT AS IDENTITY, "blacklisted_at" timestamp with time zone NOT NULL); (params None)
DEBUG 2026-01-29 17:06:13,028 schema 86 140285544102696 CREATE TABLE "token_blacklist_outstandingtoken" ("id" integer NOT NULL PRIMARY KEY GENERATED BY DEFAULT AS IDENTITY, "jti" uuid NOT NULL UNIQUE, "token" text NOT NULL, "created_at" timestamp with time zone NOT NULL, "expires_at" timestamp with time zone NOT NULL, "user_id" bigint NOT NULL); (params None)
DEBUG 2026-01-29 17:06:13,255 schema 86 140285544102696 ALTER TABLE "token_blacklist_blacklistedtoken" ADD COLUMN "token_id" integer NOT NULL UNIQUE CONSTRAINT "token_blacklist_blac_token_id_3cc7fe56_fk_token_bla" REFERENCES "token_blacklist_outstandingtoken"("id") DEFERRABLE INITIALLY DEFERRED; SET CONSTRAINTS "token_blacklist_blac_token_id_3cc7fe56_fk_token_bla" IMMEDIATE; (params None)
DEBUG 2026-01-29 17:06:13,274 schema 86 140285544102696 ALTER TABLE "token_blacklist_outstandingtoken" ADD CONSTRAINT "token_blacklist_outs_user_id_83bc629a_fk_users_cus" FOREIGN KEY ("user_id") REFERENCES "users_customuser" ("id") DEFERRABLE INITIALLY DEFERRED; (params None)
DEBUG 2026-01-29 17:06:13,281 schema 86 140285544102696 CREATE INDEX "token_blacklist_outstandingtoken_user_id_83bc629a" ON "token_blacklist_outstandingtoken" ("user_id"); (params None)
DEBUG 2026-01-29 17:06:13,336 schema 86 140285544102696 ALTER TABLE "token_blacklist_outstandingtoken" ADD COLUMN "jti_hex" varchar(255) NULL; (params None)
DEBUG 2026-01-29 17:06:13,412 schema 86 140285544102696 ALTER TABLE "token_blacklist_outstandingtoken" ALTER COLUMN "jti_hex" SET NOT NULL; (params None)
DEBUG 2026-01-29 17:06:13,414 schema 86 140285544102696 ALTER TABLE "token_blacklist_outstandingtoken" ADD CONSTRAINT "token_blacklist_outstandingtoken_jti_hex_d9bdf6f7_uniq" UNIQUE ("jti_hex"); (params None)
DEBUG 2026-01-29 17:06:13,435 schema 86 140285544102696 CREATE INDEX "token_blacklist_outstandingtoken_jti_hex_d9bdf6f7_like" ON "token_blacklist_outstandingtoken" ("jti_hex" varchar_pattern_ops); (params None)
DEBUG 2026-01-29 17:06:13,484 schema 86 140285544102696 ALTER TABLE "token_blacklist_outstandingtoken" DROP COLUMN "jti"; (params None)
DEBUG 2026-01-29 17:06:13,524 schema 86 140285544102696 ALTER TABLE "token_blacklist_outstandingtoken" RENAME COLUMN "jti_hex" TO "jti"; (params None)
DEBUG 2026-01-29 17:06:13,556 schema 86 140285544102696 ALTER TABLE "token_blacklist_outstandingtoken" ALTER COLUMN "created_at" DROP NOT NULL; (params None)
DEBUG 2026-01-29 17:06:13,596 schema 86 140285544102696 SET CONSTRAINTS "token_blacklist_outs_user_id_83bc629a_fk_users_cus" IMMEDIATE; ALTER TABLE "token_blacklist_outstandingtoken" DROP CONSTRAINT "token_blacklist_outs_user_id_83bc629a_fk_users_cus"; (params None)
DEBUG 2026-01-29 17:06:13,600 schema 86 140285544102696 ALTER TABLE "token_blacklist_outstandingtoken" ALTER COLUMN "user_id" DROP NOT NULL; (params None)
DEBUG 2026-01-29 17:06:13,601 schema 86 140285544102696 ALTER TABLE "token_blacklist_outstandingtoken" ADD CONSTRAINT "token_blacklist_outs_user_id_83bc629a_fk_users_cus" FOREIGN KEY ("user_id") REFERENCES "users_customuser" ("id") DEFERRABLE INITIALLY DEFERRED; (params None)
DEBUG 2026-01-29 17:06:13,624 schema 86 140285544102696 ALTER TABLE "token_blacklist_blacklistedtoken" ALTER COLUMN "id" TYPE bigint USING "id"::bigint; (params None)
DEBUG 2026-01-29 17:06:13,659 schema 86 140285544102696 ALTER SEQUENCE IF EXISTS "token_blacklist_blacklistedtoken_id_seq" AS bigint; (params None)
DEBUG 2026-01-29 17:06:13,695 schema 86 140285544102696 SET CONSTRAINTS "token_blacklist_blac_token_id_3cc7fe56_fk_token_bla" IMMEDIATE; ALTER TABLE "token_blacklist_blacklistedtoken" DROP CONSTRAINT "token_blacklist_blac_token_id_3cc7fe56_fk_token_bla"; (params None)
DEBUG 2026-01-29 17:06:13,700 schema 86 140285544102696 ALTER TABLE "token_blacklist_outstandingtoken" ALTER COLUMN "id" TYPE bigint USING "id"::bigint; (params None)
DEBUG 2026-01-29 17:06:13,774 schema 86 140285544102696 ALTER SEQUENCE IF EXISTS "token_blacklist_outstandingtoken_id_seq" AS bigint; (params None)
DEBUG 2026-01-29 17:06:13,778 schema 86 140285544102696 ALTER TABLE "token_blacklist_blacklistedtoken" ALTER COLUMN "token_id" TYPE bigint USING "token_id"::bigint; (params None)
DEBUG 2026-01-29 17:06:13,807 schema 86 140285544102696 ALTER TABLE "token_blacklist_blacklistedtoken" ADD CONSTRAINT "token_blacklist_blacklistedtoken_token_id_3cc7fe56_fk" FOREIGN KEY ("token_id") REFERENCES "token_blacklist_outstandingtoken" ("id") DEFERRABLE INITIALLY DEFERRED; (params None)
DEBUG 2026-01-29 17:06:14,038 schema 86 140285544102696 ALTER TABLE "users_studentprofile" RENAME COLUMN "account_created_at" TO "created_at"; (params None)
DEBUG 2026-01-29 17:06:14,065 schema 86 140285544102696 ALTER TABLE "users_teacheradminprofile" DROP COLUMN "email"; (params None)
DEBUG 2026-01-29 17:06:14,103 schema 86 140285544102696 ALTER TABLE "users_studentprofile" ADD COLUMN "updated_at" timestamp with time zone DEFAULT '2026-01-29T17:06:14.103827+00:00'::timestamptz NOT NULL; (params None)
DEBUG 2026-01-29 17:06:14,109 schema 86 140285544102696 ALTER TABLE "users_studentprofile" ALTER COLUMN "updated_at" DROP DEFAULT; (params None)
DEBUG 2026-01-29 17:06:14,161 schema 86 140285544102696 ALTER TABLE "users_teacheradminprofile" ADD COLUMN "created_at" timestamp with time zone DEFAULT '2026-01-29T17:06:14.160827+00:00'::timestamptz NOT NULL; (params None)
DEBUG 2026-01-29 17:06:14,164 schema 86 140285544102696 ALTER TABLE "users_teacheradminprofile" ALTER COLUMN "created_at" DROP DEFAULT; (params None)
DEBUG 2026-01-29 17:06:14,195 schema 86 140285544102696 ALTER TABLE "users_teacheradminprofile" ADD COLUMN "updated_at" timestamp with time zone DEFAULT '2026-01-29T17:06:14.195787+00:00'::timestamptz NOT NULL; (params None)
DEBUG 2026-01-29 17:06:14,198 schema 86 140285544102696 ALTER TABLE "users_teacheradminprofile" ALTER COLUMN "updated_at" DROP DEFAULT; (params None)
DEBUG 2026-01-29 17:06:14,346 schema 86 140285544102696 ALTER TABLE "users_teacheradminprofile" ALTER COLUMN "gender" TYPE varchar(20); (params None)
DEBUG 2026-01-29 17:06:14,408 schema 86 140285544102696 CREATE TABLE "users_walletreference" ("id" bigint NOT NULL PRIMARY KEY GENERATED BY DEFAULT AS IDENTITY, "wallet_id" integer NOT NULL UNIQUE CHECK ("wallet_id" >= 0), "created_at" timestamp with time zone NOT NULL, "updated_at" timestamp with time zone NOT NULL, "user_id" bigint NOT NULL UNIQUE); (params None)
DEBUG 2026-01-29 17:06:14,484 schema 86 140285544102696 CREATE TABLE "users_auditlog" ("id" bigint NOT NULL PRIMARY KEY GENERATED BY DEFAULT AS IDENTITY, "action_type" varchar(50) NOT NULL, "description" text NOT NULL, "reason" text NULL, "object_type" varchar(100) NULL, "object_id" integer NULL CHECK ("object_id" >= 0), "metadata" jsonb NOT NULL, "ip_address" inet NULL, "user_agent" varchar(255) NULL, "created_at" timestamp with time zone NOT NULL, "actor_id" bigint NULL); (params None)
DEBUG 2026-01-29 17:06:14,521 schema 86 140285544102696 ALTER TABLE "users_walletreference" ADD CONSTRAINT "users_walletreference_user_id_64bcfb0e_fk_users_customuser_id" FOREIGN KEY ("user_id") REFERENCES "users_customuser" ("id") DEFERRABLE INITIALLY DEFERRED; (params None)
DEBUG 2026-01-29 17:06:14,524 schema 86 140285544102696 ALTER TABLE "users_auditlog" ADD CONSTRAINT "users_auditlog_actor_id_c75b00f8_fk_users_customuser_id" FOREIGN KEY ("actor_id") REFERENCES "users_customuser" ("id") DEFERRABLE INITIALLY DEFERRED; (params None)
DEBUG 2026-01-29 17:06:14,527 schema 86 140285544102696 CREATE INDEX "users_auditlog_action_type_ee96242c" ON "users_auditlog" ("action_type"); (params None)
DEBUG 2026-01-29 17:06:14,541 schema 86 140285544102696 CREATE INDEX "users_auditlog_action_type_ee96242c_like" ON "users_auditlog" ("action_type" varchar_pattern_ops); (params None)
DEBUG 2026-01-29 17:06:14,555 schema 86 140285544102696 CREATE INDEX "users_auditlog_created_at_80c0cf5c" ON "users_auditlog" ("created_at"); (params None)
DEBUG 2026-01-29 17:06:14,570 schema 86 140285544102696 CREATE INDEX "users_auditlog_actor_id_c75b00f8" ON "users_auditlog" ("actor_id"); (params None)
DEBUG 2026-01-29 17:06:14,586 schema 86 140285544102696 CREATE INDEX "users_audit_created_2a3805_idx" ON "users_auditlog" ("created_at" DESC, "action_type"); (params None)
DEBUG 2026-01-29 17:06:14,599 schema 86 140285544102696 CREATE INDEX "users_audit_actor_i_fea760_idx" ON "users_auditlog" ("actor_id", "created_at" DESC); (params None)
DEBUG 2026-01-29 17:06:14,611 schema 86 140285544102696 CREATE INDEX "users_audit_object__f792c7_idx" ON "users_auditlog" ("object_type", "object_id"); (params None)
DEBUG 2026-01-29 17:06:14,676 schema 86 140285544102696 SET CONSTRAINTS "users_studentprofile_user_id_d0e95184_fk_users_customuser_id" IMMEDIATE; ALTER TABLE "users_studentprofile" DROP CONSTRAINT "users_studentprofile_user_id_d0e95184_fk_users_customuser_id"; (params None)
DEBUG 2026-01-29 17:06:14,679 schema 86 140285544102696 ALTER TABLE "users_studentprofile" ADD CONSTRAINT "users_studentprofile_user_id_d0e95184_fk_users_customuser_id" FOREIGN KEY ("user_id") REFERENCES "users_customuser" ("id") DEFERRABLE INITIALLY DEFERRED; (params None)
DEBUG 2026-01-29 17:06:14,717 schema 86 140285544102696 SET CONSTRAINTS "users_teacheradminpr_user_id_3a476563_fk_users_cus" IMMEDIATE; ALTER TABLE "users_teacheradminprofile" DROP CONSTRAINT "users_teacheradminpr_user_id_3a476563_fk_users_cus"; (params None)
DEBUG 2026-01-29 17:06:14,721 schema 86 140285544102696 ALTER TABLE "users_teacheradminprofile" ADD CONSTRAINT "users_teacheradminpr_user_id_3a476563_fk_users_cus" FOREIGN KEY ("user_id") REFERENCES "users_customuser" ("id") DEFERRABLE INITIALLY DEFERRED; (params None)
DEBUG 2026-01-29 17:06:14,788 schema 86 140285544102696 SET CONSTRAINTS "users_studentprofile_user_id_d0e95184_fk_users_customuser_id" IMMEDIATE; ALTER TABLE "users_studentprofile" DROP CONSTRAINT "users_studentprofile_user_id_d0e95184_fk_users_customuser_id"; (params None)
DEBUG 2026-01-29 17:06:14,791 schema 86 140285544102696 ALTER TABLE "users_studentprofile" ADD CONSTRAINT "users_studentprofile_user_id_d0e95184_fk_users_customuser_id" FOREIGN KEY ("user_id") REFERENCES "users_customuser" ("id") DEFERRABLE INITIALLY DEFERRED; (params None)
DEBUG 2026-01-29 17:06:14,829 schema 86 140285544102696 SET CONSTRAINTS "users_teacheradminpr_user_id_3a476563_fk_users_cus" IMMEDIATE; ALTER TABLE "users_teacheradminprofile" DROP CONSTRAINT "users_teacheradminpr_user_id_3a476563_fk_users_cus"; (params None)
DEBUG 2026-01-29 17:06:14,834 schema 86 140285544102696 ALTER TABLE "users_teacheradminprofile" ADD CONSTRAINT "users_teacheradminpr_user_id_3a476563_fk_users_cus" FOREIGN KEY ("user_id") REFERENCES "users_customuser" ("id") DEFERRABLE INITIALLY DEFERRED; (params None)
DEBUG 2026-01-29 17:06:14,869 schema 86 140285544102696 ALTER TABLE "users_studentprofile" ADD COLUMN "first_name" varchar(100) NULL; (params None)
DEBUG 2026-01-29 17:06:14,891 schema 86 140285544102696 ALTER TABLE "users_studentprofile" ADD COLUMN "last_name" varchar(100) NULL; (params None)
WARNING 2026-01-29 17:06:43,688 log 7 138963164945192 Bad Request: /api/users/auth/login/
WARNING 2026-01-29 17:19:28,118 log 7 140688054909736 Bad Request: /api/users/auth/login/
WARNING 2026-01-29 17:19:38,159 log 7 140688054909736 Bad Request: /api/users/auth/login/
WARNING 2026-01-29 18:20:15,132 log 7 140351275572008 Not Found: /users/auth/login/
WARNING 2026-01-29 18:20:23,278 log 7 140351275572008 Not Found: /users/auth/login/
WARNING 2026-01-29 18:21:20,764 log 7 140351275572008 Not Found: /users/auth/register/
WARNING 2026-01-29 18:23:50,016 log 7 135157186685736 Not Found: /users/auth/login/
WARNING 2026-01-29 18:24:27,174 log 7 135157186685736 Bad Request: /api/users/auth/login/
WARNING 2026-01-29 18:24:44,170 log 7 135157186685736 Not Found: /users/auth/login/
WARNING 2026-01-29 18:25:52,029 log 7 128406401743656 Not Found: /users/auth/login/
WARNING 2026-01-29 18:26:44,529 log 7 128406401743656 Not Found: /users/auth/register/
WARNING 2026-01-29 18:26:53,753 log 7 128406401743656 Not Found: /users/auth/register/
WARNING 2026-01-29 18:35:04,932 log 7 135264751811368 Not Found: /users/auth/login/
WARNING 2026-01-29 18:35:59,551 log 7 135264751811368 Not Found: /users/auth/register/
